<html>
<head>
<title>TestNG:  AcceptanceTests</title>
<link href="../testng.css" rel="stylesheet" type="text/css" />
<link href="../my-testng.css" rel="stylesheet" type="text/css" />

<style type="text/css">
.log { display: none;} 
.stack-trace { display: none;} 
</style>
<script type="text/javascript">
<!--
function flip(e) {
  current = e.style.display;
  if (current == 'block') {
    e.style.display = 'none';
    return 0;
  }
  else {
    e.style.display = 'block';
    return 1;
  }
}

function toggleBox(szDivId, elem, msg1, msg2)
{
  var res = -1;  if (document.getElementById) {
    res = flip(document.getElementById(szDivId));
  }
  else if (document.all) {
    // this is the way old msie versions work
    res = flip(document.all[szDivId]);
  }
  if(elem) {
    if(res == 0) elem.innerHTML = msg1; else elem.innerHTML = msg2;
  }

}

function toggleAllBoxes() {
  if (document.getElementsByTagName) {
    d = document.getElementsByTagName('div');
    for (i = 0; i < d.length; i++) {
      if (d[i].className == 'log') {
        flip(d[i]);
      }
    }
  }
}

// -->
</script>

</head>
<body>
<h2 align='center'>AcceptanceTests</h2><table border='1' align="center">
<tr>
<td>Tests passed/Failed/Skipped:</td><td>9/4/4</td>
</tr><tr>
<td>Started on:</td><td>Fri Jul 04 13:54:21 EEST 2014</td>
</tr>
<tr><td>Total time:</td><td>724 seconds (724481 ms)</td>
</tr><tr>
<td>Included groups:</td><td>dev </td>
</tr><tr>
<td>Excluded groups:</td><td></td>
</tr>
</table><p/>
<small><i>(Hover the method name to see the test class name)</i></small><p/>
<table width='100%' border='1' class='invocation-failed'>
<tr><td colspan='4' align='center'><b>FAILED TESTS</b></td></tr>
<tr><td><b>Test method</b></td>
<td width="30%"><b>Exception</b></td>
<td width="10%"><b>Time (seconds)</b></td>
<td><b>Instance</b></td>
</tr>
<tr>
<td title='tests.BuildAcceptanceTests.createCMManually()'><b>createCMManually</b><br>Test class: tests.BuildAcceptanceTests<br>Test method: 506:56:New CM account was NOT created<br>Parameters: CMFirstNameAuto, CMLastNameAuto, Sign-up forms:Publish, Donation forms:Publish, Emails and social messages:Publish, Metrics and reports:Create & Edit, Supporters and segments:Create & Edit, Records of all supporter donations:Create & Edit, Layouts, templates, images and files:Create & Edit<br/>
<a href="#Output-1997753864" onClick='toggleBox("Output-1997753864", this, "Show output", "Hide output");'>Show output</a>

<a href="#Output-1997753864" onClick="toggleAllBoxes();">Show all outputs</a>
<div class='log' id="Output-1997753864">
Execution failed. New CM account was NOT created<br/>
Steps:<br/>
Click on Manage page<br/>
Click on Manage accounts<br/>
Click on Invite new user<br/>
<a href='file:///D:\workspace\Ignite\test-output\createCMManually_20140704140412.png'>Screenshot</a><br/>
</div>
</td>
<td><div><pre>com.gargoylesoftware.htmlunit.ElementNotFoundException: elementName=[Invite new user] attributeName=[xpath] attributeValue=[//button[text()=&apos;+ invite&apos;]]
	at objects.Element.click(Element.java:81)
	at objects.Button.click(Button.java:39)
	at pages.HQ.Manage.AccountsPage.openInviteNewUserPage(AccountsPage.java:14)
	at tests.BuildAcceptanceTests.createCMManually(BuildAcceptanceTests.java:258)
	at sun.reflect.NativeMethodAccessorImpl.invoke0(Native Method)
	at sun.reflect.NativeMethodAccessorImpl.invoke(NativeMethodAccessorImpl.java:62)
	at sun.reflect.DelegatingMethodAccessorImpl.invoke(DelegatingMethodAccessorImpl.java:43)
	at java.lang.reflect.Method.invoke(Method.java:483)
	at org.testng.internal.MethodInvocationHelper.invokeMethod(MethodInvocationHelper.java:84)
	at org.testng.internal.Invoker.invokeMethod(Invoker.java:714)
	at org.testng.internal.Invoker.invokeTestMethod(Invoker.java:901)
	at org.testng.internal.Invoker.invokeTestMethods(Invoker.java:1231)
	at org.testng.internal.TestMethodWorker.invokeTestMethods(TestMethodWorker.java:127)
	at org.testng.internal.TestMethodWorker.run(TestMethodWorker.java:111)
	at org.testng.TestRunner.privateRun(TestRunner.java:767)
	at org.testng.TestRunner.run(TestRunner.java:617)
	at org.testng.SuiteRunner.runTest(SuiteRunner.java:334)
	at org.testng.SuiteRunner.runSequentially(SuiteRunner.java:329)
	at org.testng.SuiteRunner.privateRun(SuiteRunner.java:291)
	at org.testng.SuiteRunner.run(SuiteRunner.java:240)
	at org.testng.SuiteRunnerWorker.runSuite(SuiteRunnerWorker.java:52)
	at org.testng.SuiteRunnerWorker.run(SuiteRunnerWorker.java:86)
	at org.testng.TestNG.runSuitesSequentially(TestNG.java:1224)
	at org.testng.TestNG.runSuitesLocally(TestNG.java:1149)
	at org.testng.TestNG.run(TestNG.java:1057)
	at org.testng.remote.RemoteTestNG.run(RemoteTestNG.java:111)
	at org.testng.remote.RemoteTestNG.initAndRun(RemoteTestNG.java:204)
	at org.testng.remote.RemoteTestNG.main(RemoteTestNG.java:175)
</pre></div><a href='#' onClick='toggleBox("stack-trace1997753864", this, "Click to show all stack frames", "Click to hide stack frames")'>Click to show all stack frames</a>
<div class='stack-trace' id='stack-trace1997753864'><pre>com.gargoylesoftware.htmlunit.ElementNotFoundException: elementName=[Invite new user] attributeName=[xpath] attributeValue=[//button[text()=&apos;+ invite&apos;]]
	at objects.Element.click(Element.java:81)
	at objects.Button.click(Button.java:39)
	at pages.HQ.Manage.AccountsPage.openInviteNewUserPage(AccountsPage.java:14)
	at tests.BuildAcceptanceTests.createCMManually(BuildAcceptanceTests.java:258)
	at sun.reflect.NativeMethodAccessorImpl.invoke0(Native Method)
	at sun.reflect.NativeMethodAccessorImpl.invoke(NativeMethodAccessorImpl.java:62)
	at sun.reflect.DelegatingMethodAccessorImpl.invoke(DelegatingMethodAccessorImpl.java:43)
	at java.lang.reflect.Method.invoke(Method.java:483)
	at org.testng.internal.MethodInvocationHelper.invokeMethod(MethodInvocationHelper.java:84)
	at org.testng.internal.Invoker.invokeMethod(Invoker.java:714)
	at org.testng.internal.Invoker.invokeTestMethod(Invoker.java:901)
	at org.testng.internal.Invoker.invokeTestMethods(Invoker.java:1231)
	at org.testng.internal.TestMethodWorker.invokeTestMethods(TestMethodWorker.java:127)
	at org.testng.internal.TestMethodWorker.run(TestMethodWorker.java:111)
	at org.testng.TestRunner.privateRun(TestRunner.java:767)
	at org.testng.TestRunner.run(TestRunner.java:617)
	at org.testng.SuiteRunner.runTest(SuiteRunner.java:334)
	at org.testng.SuiteRunner.runSequentially(SuiteRunner.java:329)
	at org.testng.SuiteRunner.privateRun(SuiteRunner.java:291)
	at org.testng.SuiteRunner.run(SuiteRunner.java:240)
	at org.testng.SuiteRunnerWorker.runSuite(SuiteRunnerWorker.java:52)
	at org.testng.SuiteRunnerWorker.run(SuiteRunnerWorker.java:86)
	at org.testng.TestNG.runSuitesSequentially(TestNG.java:1224)
	at org.testng.TestNG.runSuitesLocally(TestNG.java:1149)
	at org.testng.TestNG.run(TestNG.java:1057)
	at org.testng.remote.RemoteTestNG.run(RemoteTestNG.java:111)
	at org.testng.remote.RemoteTestNG.initAndRun(RemoteTestNG.java:204)
	at org.testng.remote.RemoteTestNG.main(RemoteTestNG.java:175)
</pre></div></td>
<td>5</td>
<td>tests.BuildAcceptanceTests@79b4d0f</td></tr>
<tr>
<td title='tests.BuildAcceptanceTests.creteSegmentTest()'><b>creteSegmentTest</b><br>Test class: tests.BuildAcceptanceTests<br>Test method: 516:59:Segment was NOT created.<br>Parameters: SegmentName, AutoTag, Organize:Email:CONTAINS:mailosaur.in:1, Organize:City:IS NOT:test:1, sup, sup<br/>
<a href="#Output-1709882027" onClick='toggleBox("Output-1709882027", this, "Show output", "Hide output");'>Show output</a>

<a href="#Output-1709882027" onClick="toggleAllBoxes();">Show all outputs</a>
<div class='log' id="Output-1709882027">
Execution failed. Segment was NOT created.<br/>
Steps:<br/>
Click on Audience tab<br/>
Click on Segments<br/>
Click on Add Segment<br/>
Type SegmentName20140704140428 in to the Segment name<br/>
Type AutoTag in to the Segment tags<br/>
Click on Add rule set<br/>
Click on Organize item<br/>
<a href='file:///D:\workspace\Ignite\test-output\creteSegmentTest_20140704140443.png'>Screenshot</a><br/>
</div>
</td>
<td><div><pre>com.gargoylesoftware.htmlunit.ElementNotFoundException: elementName=[Element was not found] attributeName=[xpath] attributeValue=[//div[@class=&apos;ruleSet&apos;]/descendant::div[@class=&apos;row rule ng-scope&apos;][1]/descendant::span[text()=&apos;Choose metric&apos;]]
	at objects.Element.findElementByXpath(Element.java:395)
	at objects.DropDown.selectByLabel(DropDown.java:31)
	at pages.HQ.Segments.SegmentsAddPage.selectChooseMetric(SegmentsAddPage.java:87)
	at pages.HQ.Segments.SegmentsAddPage.addRule(SegmentsAddPage.java:48)
	at pages.HQ.Segments.SegmentsAddPage.createNewSegment(SegmentsAddPage.java:31)
	at tests.BuildAcceptanceTests.creteSegmentTest(BuildAcceptanceTests.java:143)
	at sun.reflect.NativeMethodAccessorImpl.invoke0(Native Method)
	at sun.reflect.NativeMethodAccessorImpl.invoke(NativeMethodAccessorImpl.java:62)
	at sun.reflect.DelegatingMethodAccessorImpl.invoke(DelegatingMethodAccessorImpl.java:43)
	at java.lang.reflect.Method.invoke(Method.java:483)
	at org.testng.internal.MethodInvocationHelper.invokeMethod(MethodInvocationHelper.java:84)
	at org.testng.internal.Invoker.invokeMethod(Invoker.java:714)
	at org.testng.internal.Invoker.invokeTestMethod(Invoker.java:901)
	at org.testng.internal.Invoker.invokeTestMethods(Invoker.java:1231)
	at org.testng.internal.TestMethodWorker.invokeTestMethods(TestMethodWorker.java:127)
	at org.testng.internal.TestMethodWorker.run(TestMethodWorker.java:111)
	at org.testng.TestRunner.privateRun(TestRunner.java:767)
	at org.testng.TestRunner.run(TestRunner.java:617)
	at org.testng.SuiteRunner.runTest(SuiteRunner.java:334)
	at org.testng.SuiteRunner.runSequentially(SuiteRunner.java:329)
	at org.testng.SuiteRunner.privateRun(SuiteRunner.java:291)
	at org.testng.SuiteRunner.run(SuiteRunner.java:240)
	at org.testng.SuiteRunnerWorker.runSuite(SuiteRunnerWorker.java:52)
	at org.testng.SuiteRunnerWorker.run(SuiteRunnerWorker.java:86)
	at org.testng.TestNG.runSuitesSequentially(TestNG.java:1224)
	at org.testng.TestNG.runSuitesLocally(TestNG.java:1149)
	at org.testng.TestNG.run(TestNG.java:1057)
	at org.testng.remote.RemoteTestNG.run(RemoteTestNG.java:111)
	at org.testng.remote.RemoteTestNG.initAndRun(RemoteTestNG.java:204)
	at org.testng.remote.RemoteTestNG.main(RemoteTestNG.java:175)
</pre></div><a href='#' onClick='toggleBox("stack-trace1709882027", this, "Click to show all stack frames", "Click to hide stack frames")'>Click to show all stack frames</a>
<div class='stack-trace' id='stack-trace1709882027'><pre>com.gargoylesoftware.htmlunit.ElementNotFoundException: elementName=[Element was not found] attributeName=[xpath] attributeValue=[//div[@class=&apos;ruleSet&apos;]/descendant::div[@class=&apos;row rule ng-scope&apos;][1]/descendant::span[text()=&apos;Choose metric&apos;]]
	at objects.Element.findElementByXpath(Element.java:395)
	at objects.DropDown.selectByLabel(DropDown.java:31)
	at pages.HQ.Segments.SegmentsAddPage.selectChooseMetric(SegmentsAddPage.java:87)
	at pages.HQ.Segments.SegmentsAddPage.addRule(SegmentsAddPage.java:48)
	at pages.HQ.Segments.SegmentsAddPage.createNewSegment(SegmentsAddPage.java:31)
	at tests.BuildAcceptanceTests.creteSegmentTest(BuildAcceptanceTests.java:143)
	at sun.reflect.NativeMethodAccessorImpl.invoke0(Native Method)
	at sun.reflect.NativeMethodAccessorImpl.invoke(NativeMethodAccessorImpl.java:62)
	at sun.reflect.DelegatingMethodAccessorImpl.invoke(DelegatingMethodAccessorImpl.java:43)
	at java.lang.reflect.Method.invoke(Method.java:483)
	at org.testng.internal.MethodInvocationHelper.invokeMethod(MethodInvocationHelper.java:84)
	at org.testng.internal.Invoker.invokeMethod(Invoker.java:714)
	at org.testng.internal.Invoker.invokeTestMethod(Invoker.java:901)
	at org.testng.internal.Invoker.invokeTestMethods(Invoker.java:1231)
	at org.testng.internal.TestMethodWorker.invokeTestMethods(TestMethodWorker.java:127)
	at org.testng.internal.TestMethodWorker.run(TestMethodWorker.java:111)
	at org.testng.TestRunner.privateRun(TestRunner.java:767)
	at org.testng.TestRunner.run(TestRunner.java:617)
	at org.testng.SuiteRunner.runTest(SuiteRunner.java:334)
	at org.testng.SuiteRunner.runSequentially(SuiteRunner.java:329)
	at org.testng.SuiteRunner.privateRun(SuiteRunner.java:291)
	at org.testng.SuiteRunner.run(SuiteRunner.java:240)
	at org.testng.SuiteRunnerWorker.runSuite(SuiteRunnerWorker.java:52)
	at org.testng.SuiteRunnerWorker.run(SuiteRunnerWorker.java:86)
	at org.testng.TestNG.runSuitesSequentially(TestNG.java:1224)
	at org.testng.TestNG.runSuitesLocally(TestNG.java:1149)
	at org.testng.TestNG.run(TestNG.java:1057)
	at org.testng.remote.RemoteTestNG.run(RemoteTestNG.java:111)
	at org.testng.remote.RemoteTestNG.initAndRun(RemoteTestNG.java:204)
	at org.testng.remote.RemoteTestNG.main(RemoteTestNG.java:175)
</pre></div></td>
<td>14</td>
<td>tests.BuildAcceptanceTests@79b4d0f</td></tr>
<tr>
<td title='tests.BuildAcceptanceTests.sendTestEmailsTest()'><b>sendTestEmailsTest</b><br>Test class: tests.BuildAcceptanceTests<br>Test method: 528:62:Split emails were NOT sent<br>Parameters: info@salsalabs.com, 50, 2<br/>
<a href="#Output-827248723" onClick='toggleBox("Output-827248723", this, "Show output", "Hide output");'>Show output</a>

<a href="#Output-827248723" onClick="toggleAllBoxes();">Show all outputs</a>
<div class='log' id="Output-827248723">
Execution failed. Split emails were NOT sent<br/>
Steps:<br/>
Click on Activities tab<br/>
Click on Email blast<br/>
Click on Create email<br/>
Type TestV20140704140115 in to the Reference name<br/>
Type Descr in to the Description<br/>
Click on Choose Audience<br/>
Click on Entire list<br/>
Click on Newsletter item<br/>
Click on Compose<br/>
Click on Basiclayout<br/>
Click on Add split<br/>
Click on Arial, Helvetica, sans-serif item<br/>
Type info@salsalabs.com in to the Email from<br/>
Click on Add link on the menu<br/>
Type http://www.salsalabs.com in to the Input Link<br/>
Click on Add link on the popup<br/>
Click on Arial, Helvetica, sans-serif item<br/>
Type info@salsalabs.com in to the Email from<br/>
Click on Add link on the menu<br/>
Type http://www.salsalabs.com in to the Input Link<br/>
Click on Add link on the popup<br/>
Click on Publish<br/>
Click on Select time to send<br/>
Click on 50% item<br/>
Click on Send Now button<br/>
<a href='file:///D:\workspace\Ignite\test-output\sendTestEmailsTest_20140704140246.png'>Screenshot</a><br/>
</div>
</td>
<td><div><pre>com.gargoylesoftware.htmlunit.ElementNotFoundException: elementName=[Send Now button] attributeName=[xpath] attributeValue=[//button[@id=&apos;btnPublish&apos;]]
	at objects.Element.click(Element.java:81)
	at objects.Button.click(Button.java:39)
	at pages.HQ.Emails.AddEmailsPage_PublishTab.fillAllFieldsAndPublish(AddEmailsPage_PublishTab.java:16)
	at tests.BuildAcceptanceTests.sendTestEmailsTest(BuildAcceptanceTests.java:190)
	at sun.reflect.NativeMethodAccessorImpl.invoke0(Native Method)
	at sun.reflect.NativeMethodAccessorImpl.invoke(NativeMethodAccessorImpl.java:62)
	at sun.reflect.DelegatingMethodAccessorImpl.invoke(DelegatingMethodAccessorImpl.java:43)
	at java.lang.reflect.Method.invoke(Method.java:483)
	at org.testng.internal.MethodInvocationHelper.invokeMethod(MethodInvocationHelper.java:84)
	at org.testng.internal.Invoker.invokeMethod(Invoker.java:714)
	at org.testng.internal.Invoker.invokeTestMethod(Invoker.java:901)
	at org.testng.internal.Invoker.invokeTestMethods(Invoker.java:1231)
	at org.testng.internal.TestMethodWorker.invokeTestMethods(TestMethodWorker.java:127)
	at org.testng.internal.TestMethodWorker.run(TestMethodWorker.java:111)
	at org.testng.TestRunner.privateRun(TestRunner.java:767)
	at org.testng.TestRunner.run(TestRunner.java:617)
	at org.testng.SuiteRunner.runTest(SuiteRunner.java:334)
	at org.testng.SuiteRunner.runSequentially(SuiteRunner.java:329)
	at org.testng.SuiteRunner.privateRun(SuiteRunner.java:291)
	at org.testng.SuiteRunner.run(SuiteRunner.java:240)
	at org.testng.SuiteRunnerWorker.runSuite(SuiteRunnerWorker.java:52)
	at org.testng.SuiteRunnerWorker.run(SuiteRunnerWorker.java:86)
	at org.testng.TestNG.runSuitesSequentially(TestNG.java:1224)
	at org.testng.TestNG.runSuitesLocally(TestNG.java:1149)
	at org.testng.TestNG.run(TestNG.java:1057)
	at org.testng.remote.RemoteTestNG.run(RemoteTestNG.java:111)
	at org.testng.remote.RemoteTestNG.initAndRun(RemoteTestNG.java:204)
	at org.testng.remote.RemoteTestNG.main(RemoteTestNG.java:175)
</pre></div><a href='#' onClick='toggleBox("stack-trace827248723", this, "Click to show all stack frames", "Click to hide stack frames")'>Click to show all stack frames</a>
<div class='stack-trace' id='stack-trace827248723'><pre>com.gargoylesoftware.htmlunit.ElementNotFoundException: elementName=[Send Now button] attributeName=[xpath] attributeValue=[//button[@id=&apos;btnPublish&apos;]]
	at objects.Element.click(Element.java:81)
	at objects.Button.click(Button.java:39)
	at pages.HQ.Emails.AddEmailsPage_PublishTab.fillAllFieldsAndPublish(AddEmailsPage_PublishTab.java:16)
	at tests.BuildAcceptanceTests.sendTestEmailsTest(BuildAcceptanceTests.java:190)
	at sun.reflect.NativeMethodAccessorImpl.invoke0(Native Method)
	at sun.reflect.NativeMethodAccessorImpl.invoke(NativeMethodAccessorImpl.java:62)
	at sun.reflect.DelegatingMethodAccessorImpl.invoke(DelegatingMethodAccessorImpl.java:43)
	at java.lang.reflect.Method.invoke(Method.java:483)
	at org.testng.internal.MethodInvocationHelper.invokeMethod(MethodInvocationHelper.java:84)
	at org.testng.internal.Invoker.invokeMethod(Invoker.java:714)
	at org.testng.internal.Invoker.invokeTestMethod(Invoker.java:901)
	at org.testng.internal.Invoker.invokeTestMethods(Invoker.java:1231)
	at org.testng.internal.TestMethodWorker.invokeTestMethods(TestMethodWorker.java:127)
	at org.testng.internal.TestMethodWorker.run(TestMethodWorker.java:111)
	at org.testng.TestRunner.privateRun(TestRunner.java:767)
	at org.testng.TestRunner.run(TestRunner.java:617)
	at org.testng.SuiteRunner.runTest(SuiteRunner.java:334)
	at org.testng.SuiteRunner.runSequentially(SuiteRunner.java:329)
	at org.testng.SuiteRunner.privateRun(SuiteRunner.java:291)
	at org.testng.SuiteRunner.run(SuiteRunner.java:240)
	at org.testng.SuiteRunnerWorker.runSuite(SuiteRunnerWorker.java:52)
	at org.testng.SuiteRunnerWorker.run(SuiteRunnerWorker.java:86)
	at org.testng.TestNG.runSuitesSequentially(TestNG.java:1224)
	at org.testng.TestNG.runSuitesLocally(TestNG.java:1149)
	at org.testng.TestNG.run(TestNG.java:1057)
	at org.testng.remote.RemoteTestNG.run(RemoteTestNG.java:111)
	at org.testng.remote.RemoteTestNG.initAndRun(RemoteTestNG.java:204)
	at org.testng.remote.RemoteTestNG.main(RemoteTestNG.java:175)
</pre></div></td>
<td>90</td>
<td>tests.BuildAcceptanceTests@79b4d0f</td></tr>
<tr>
<td title='tests.BuildAcceptanceTests.verifyMessagesInNewsTest()'><b>verifyMessagesInNewsTest</b><br>Test class: tests.BuildAcceptanceTests<br>Test method: 521:60:News messages was NOT found.<br/>
<a href="#Output-1509713998" onClick='toggleBox("Output-1509713998", this, "Show output", "Hide output");'>Show output</a>

<a href="#Output-1509713998" onClick="toggleAllBoxes();">Show all outputs</a>
<div class='log' id="Output-1509713998">
Execution failed. News messages was NOT found.<br/>
Steps:<br/>
Click on News popup<br/>
ErrorHeader is not displayed<br/>
Click on Show all<br/>
<a href='file:///D:\workspace\Ignite\test-output\verifyMessagesInNewsTest_20140704135830.png'>Screenshot</a><br/>
</div>
</td>
<td><div><pre>com.gargoylesoftware.htmlunit.ElementNotFoundException: elementName=[Show all] attributeName=[xpath] attributeValue=[//a[contains(text(), &apos;See all&apos;) and contains(text(), &apos;messages ...&apos;)]]
	at objects.Element.click(Element.java:81)
	at objects.Button.click(Button.java:39)
	at pages.HQ.NewsPop.openNewsPage(NewsPop.java:18)
	at tests.BuildAcceptanceTests.verifyMessagesInNewsTest(BuildAcceptanceTests.java:171)
	at sun.reflect.NativeMethodAccessorImpl.invoke0(Native Method)
	at sun.reflect.NativeMethodAccessorImpl.invoke(NativeMethodAccessorImpl.java:62)
	at sun.reflect.DelegatingMethodAccessorImpl.invoke(DelegatingMethodAccessorImpl.java:43)
	at java.lang.reflect.Method.invoke(Method.java:483)
	at org.testng.internal.MethodInvocationHelper.invokeMethod(MethodInvocationHelper.java:84)
	at org.testng.internal.Invoker.invokeMethod(Invoker.java:714)
	at org.testng.internal.Invoker.invokeTestMethod(Invoker.java:901)
	at org.testng.internal.Invoker.invokeTestMethods(Invoker.java:1231)
	at org.testng.internal.TestMethodWorker.invokeTestMethods(TestMethodWorker.java:127)
	at org.testng.internal.TestMethodWorker.run(TestMethodWorker.java:111)
	at org.testng.TestRunner.privateRun(TestRunner.java:767)
	at org.testng.TestRunner.run(TestRunner.java:617)
	at org.testng.SuiteRunner.runTest(SuiteRunner.java:334)
	at org.testng.SuiteRunner.runSequentially(SuiteRunner.java:329)
	at org.testng.SuiteRunner.privateRun(SuiteRunner.java:291)
	at org.testng.SuiteRunner.run(SuiteRunner.java:240)
	at org.testng.SuiteRunnerWorker.runSuite(SuiteRunnerWorker.java:52)
	at org.testng.SuiteRunnerWorker.run(SuiteRunnerWorker.java:86)
	at org.testng.TestNG.runSuitesSequentially(TestNG.java:1224)
	at org.testng.TestNG.runSuitesLocally(TestNG.java:1149)
	at org.testng.TestNG.run(TestNG.java:1057)
	at org.testng.remote.RemoteTestNG.run(RemoteTestNG.java:111)
	at org.testng.remote.RemoteTestNG.initAndRun(RemoteTestNG.java:204)
	at org.testng.remote.RemoteTestNG.main(RemoteTestNG.java:175)
</pre></div><a href='#' onClick='toggleBox("stack-trace1509713998", this, "Click to show all stack frames", "Click to hide stack frames")'>Click to show all stack frames</a>
<div class='stack-trace' id='stack-trace1509713998'><pre>com.gargoylesoftware.htmlunit.ElementNotFoundException: elementName=[Show all] attributeName=[xpath] attributeValue=[//a[contains(text(), &apos;See all&apos;) and contains(text(), &apos;messages ...&apos;)]]
	at objects.Element.click(Element.java:81)
	at objects.Button.click(Button.java:39)
	at pages.HQ.NewsPop.openNewsPage(NewsPop.java:18)
	at tests.BuildAcceptanceTests.verifyMessagesInNewsTest(BuildAcceptanceTests.java:171)
	at sun.reflect.NativeMethodAccessorImpl.invoke0(Native Method)
	at sun.reflect.NativeMethodAccessorImpl.invoke(NativeMethodAccessorImpl.java:62)
	at sun.reflect.DelegatingMethodAccessorImpl.invoke(DelegatingMethodAccessorImpl.java:43)
	at java.lang.reflect.Method.invoke(Method.java:483)
	at org.testng.internal.MethodInvocationHelper.invokeMethod(MethodInvocationHelper.java:84)
	at org.testng.internal.Invoker.invokeMethod(Invoker.java:714)
	at org.testng.internal.Invoker.invokeTestMethod(Invoker.java:901)
	at org.testng.internal.Invoker.invokeTestMethods(Invoker.java:1231)
	at org.testng.internal.TestMethodWorker.invokeTestMethods(TestMethodWorker.java:127)
	at org.testng.internal.TestMethodWorker.run(TestMethodWorker.java:111)
	at org.testng.TestRunner.privateRun(TestRunner.java:767)
	at org.testng.TestRunner.run(TestRunner.java:617)
	at org.testng.SuiteRunner.runTest(SuiteRunner.java:334)
	at org.testng.SuiteRunner.runSequentially(SuiteRunner.java:329)
	at org.testng.SuiteRunner.privateRun(SuiteRunner.java:291)
	at org.testng.SuiteRunner.run(SuiteRunner.java:240)
	at org.testng.SuiteRunnerWorker.runSuite(SuiteRunnerWorker.java:52)
	at org.testng.SuiteRunnerWorker.run(SuiteRunnerWorker.java:86)
	at org.testng.TestNG.runSuitesSequentially(TestNG.java:1224)
	at org.testng.TestNG.runSuitesLocally(TestNG.java:1149)
	at org.testng.TestNG.run(TestNG.java:1057)
	at org.testng.remote.RemoteTestNG.run(RemoteTestNG.java:111)
	at org.testng.remote.RemoteTestNG.initAndRun(RemoteTestNG.java:204)
	at org.testng.remote.RemoteTestNG.main(RemoteTestNG.java:175)
</pre></div></td>
<td>10</td>
<td>tests.BuildAcceptanceTests@79b4d0f</td></tr>
</table><p>
<table width='100%' border='1' class='invocation-passed'>
<tr><td colspan='4' align='center'><b>PASSED TESTS</b></td></tr>
<tr><td><b>Test method</b></td>
<td width="30%"><b>Exception</b></td>
<td width="10%"><b>Time (seconds)</b></td>
<td><b>Instance</b></td>
</tr>
<tr>
<td title='tests.BuildAcceptanceTests.confirmAdminAccountTest()'><b>confirmAdminAccountTest</b><br>Test class: tests.BuildAcceptanceTests<br>Test method: 489:52:New Admin account was NOT confirmed<br>Parameters: vavramchuk@salsalabs.com, AVitalik3124, !QAZ2wsx<br/>
<a href="#Output-1988939205" onClick='toggleBox("Output-1988939205", this, "Show output", "Hide output");'>Show output</a>

<a href="#Output-1988939205" onClick="toggleAllBoxes();">Show all outputs</a>
<div class='log' id="Output-1988939205">
New Admin account was confirmed<br/>
</div>
</td>
<td></td>
<td>38</td>
<td>tests.BuildAcceptanceTests@79b4d0f</td></tr>
<tr>
<td title='tests.BuildAcceptanceTests.confirmEmailsWereSentTest()'><b>confirmEmailsWereSentTest</b><br>Test class: tests.BuildAcceptanceTests<br>Test method: 536:63:Emails were NOT delivered<br>Parameters: vavramchuk@salsalabs.com, AVitalik3124<br/>
<a href="#Output-419792179" onClick='toggleBox("Output-419792179", this, "Show output", "Hide output");'>Show output</a>

<a href="#Output-419792179" onClick="toggleAllBoxes();">Show all outputs</a>
<div class='log' id="Output-419792179">
Emails were delivered<br/>
</div>
</td>
<td></td>
<td>23</td>
<td>tests.BuildAcceptanceTests@79b4d0f</td></tr>
<tr>
<td title='tests.BuildAcceptanceTests.createOrgTest()'><b>createOrgTest</b><br>Test class: tests.BuildAcceptanceTests<br>Test method: 484:51:New org was NOT created<br>Parameters: vavramchuk, AVitalik3124, Custom Domain, AutoTestV2 Org, AutoTestV descr, AutoTester, AutoTesterov, Active, Advocacy - content:Asset - data:Communication - content:Fundraising - content:Fundraising - data:Intelligence - data:Organization Administration:Organize - content:Organize - data<br/>
<a href="#Output-1713568869" onClick='toggleBox("Output-1713568869", this, "Show output", "Hide output");'>Show output</a>

<a href="#Output-1713568869" onClick="toggleAllBoxes();">Show all outputs</a>
<div class='log' id="Output-1713568869">
New org was created<br/>
</div>
</td>
<td></td>
<td>54</td>
<td>tests.BuildAcceptanceTests@79b4d0f</td></tr>
<tr>
<td title='tests.BuildAcceptanceTests.createSupporerManually()'><b>createSupporerManually</b><br>Test class: tests.BuildAcceptanceTests<br>Test method: 494:53:Supporter was NOT created<br>Parameters: 5<br/>
<a href="#Output-1801704517" onClick='toggleBox("Output-1801704517", this, "Show output", "Hide output");'>Show output</a>

<a href="#Output-1801704517" onClick="toggleAllBoxes();">Show all outputs</a>
<div class='log' id="Output-1801704517">
Supporter was created<br/>
</div>
</td>
<td></td>
<td>109</td>
<td>tests.BuildAcceptanceTests@79b4d0f</td></tr>
<tr>
<td title='tests.BuildAcceptanceTests.loginAsNewSuperAdminTest()'><b>loginAsNewSuperAdminTest</b><br>Test class: tests.BuildAcceptanceTests<br>Test method: 489:52:New admin can NOT login<br/>
<a href="#Output-299819831" onClick='toggleBox("Output-299819831", this, "Show output", "Hide output");'>Show output</a>

<a href="#Output-299819831" onClick="toggleAllBoxes();">Show all outputs</a>
<div class='log' id="Output-299819831">
New admin can login<br/>
</div>
</td>
<td></td>
<td>32</td>
<td>tests.BuildAcceptanceTests@79b4d0f</td></tr>
<tr>
<td title='tests.BuildAcceptanceTests.loginWithFailTest()'><b>loginWithFailTest</b><br>Test class: tests.BuildAcceptanceTests<br>Test method: 502:55:Validation for not valid CM credentials is NOT correct.<br>Parameters: :test@ttt.tt:test, :!QAZ2wsx:test<br/>
<a href="#Output-36531985" onClick='toggleBox("Output-36531985", this, "Show output", "Hide output");'>Show output</a>

<a href="#Output-36531985" onClick="toggleAllBoxes();">Show all outputs</a>
<div class='log' id="Output-36531985">
Validation for not valid CM credentials is correct.<br/>
</div>
</td>
<td></td>
<td>72</td>
<td>tests.BuildAcceptanceTests@79b4d0f</td></tr>
<tr>
<td title='tests.BuildAcceptanceTests.sendEmailsTest()'><b>sendEmailsTest</b><br>Test class: tests.BuildAcceptanceTests<br>Test method: 536:63:Emails were NOT sent<br>Parameters: info@salsalabs.com<br/>
<a href="#Output-20945625" onClick='toggleBox("Output-20945625", this, "Show output", "Hide output");'>Show output</a>

<a href="#Output-20945625" onClick="toggleAllBoxes();">Show all outputs</a>
<div class='log' id="Output-20945625">
Emails were sent<br/>
</div>
</td>
<td></td>
<td>52</td>
<td>tests.BuildAcceptanceTests@79b4d0f</td></tr>
<tr>
<td title='tests.BuildAcceptanceTests.verifyLinksInSideBarTest()'><b>verifyLinksInSideBarTest</b><br>Test class: tests.BuildAcceptanceTests<br>Test method: 510:57:One of link was NOT correct in the Side bar.<br/>
<a href="#Output-809128217" onClick='toggleBox("Output-809128217", this, "Show output", "Hide output");'>Show output</a>

<a href="#Output-809128217" onClick="toggleAllBoxes();">Show all outputs</a>
<div class='log' id="Output-809128217">
One of link was correct in the Side bar.<br/>
</div>
</td>
<td></td>
<td>0</td>
<td>tests.BuildAcceptanceTests@79b4d0f</td></tr>
<tr>
<td title='tests.BuildAcceptanceTests.verifyLinksInToolSetTest()'><b>verifyLinksInToolSetTest</b><br>Test class: tests.BuildAcceptanceTests<br>Test method: 513:58:One of link was NOT correct in the Tool set.<br/>
<a href="#Output-1827371870" onClick='toggleBox("Output-1827371870", this, "Show output", "Hide output");'>Show output</a>

<a href="#Output-1827371870" onClick="toggleAllBoxes();">Show all outputs</a>
<div class='log' id="Output-1827371870">
One of link was correct in the Tool set.<br/>
</div>
</td>
<td></td>
<td>6</td>
<td>tests.BuildAcceptanceTests@79b4d0f</td></tr>
</table><p>
<table width='100%' border='1' class='invocation-skipped'>
<tr><td colspan='4' align='center'><b>SKIPPED TESTS</b></td></tr>
<tr><td><b>Test method</b></td>
<td width="30%"><b>Exception</b></td>
<td width="10%"><b>Time (seconds)</b></td>
<td><b>Instance</b></td>
</tr>
<tr>
<td title='tests.BuildAcceptanceTests.confirmCMAccountTest()'><b>confirmCMAccountTest</b><br>Test class: tests.BuildAcceptanceTests<br>Test method: 506:56:New CM account was NOT confirmed.</td>
<td></td>
<td>0</td>
<td>null</td></tr>
<tr>
<td title='tests.BuildAcceptanceTests.confirmTestEmailsWereSentTest()'><b>confirmTestEmailsWereSentTest</b><br>Test class: tests.BuildAcceptanceTests<br>Test method: 528:62:Split emails were NOT delivered</td>
<td></td>
<td>0</td>
<td>null</td></tr>
<tr>
<td title='tests.BuildAcceptanceTests.loginAsNewCMTest()'><b>loginAsNewCMTest</b><br>Test class: tests.BuildAcceptanceTests<br>Test method: 498:54:New CM can NOT login</td>
<td></td>
<td>0</td>
<td>null</td></tr>
<tr>
<td title='tests.BuildAcceptanceTests.verifyMessagesInAlertsTest()'><b>verifyMessagesInAlertsTest</b><br>Test class: tests.BuildAcceptanceTests<br>Test method: 521:60:Alert for egment was NOT found.</td>
<td></td>
<td>0</td>
<td>null</td></tr>
</table><p>
</body>
</html>