<?xml version="1.0" encoding="UTF-8"?>
<!-- Generated by org.testng.reporters.JUnitXMLReporter -->
<testsuite hostname="salsalabs7" ignored="0" name="Default test" tests="1" failures="0" timestamp="22 серп. 2017 11:25:10 GMT" time="47.628" errors="0">
  <testcase name="@BeforeTest beforeSuite" time="0.0" classname="com.salsalabs.ignite.automation.common.SeleneseTestCase">
    <failure type="org.openqa.selenium.WebDriverException" message="Failed to connect to binary FirefoxBinary(C:\Program Files\Mozilla Firefox\firefox.exe) on port 7055; process output follows: 
bcompat@mozilla.org version 1.1
1503401066150	addons.manager	DEBUG	Registering shutdown blocker for XPIProvider
1503401066151	addons.manager	DEBUG	Provider finished startup: XPIProvider
1503401066151	addons.manager	DEBUG	Starting provider: LightweightThemeManager
1503401066151	addons.manager	DEBUG	Registering shutdown blocker for LightweightThemeManager
1503401066151	addons.manager	DEBUG	Provider finished startup: LightweightThemeManager
1503401066151	addons.manager	DEBUG	Starting provider: GMPProvider
1503401066155	addons.manager	DEBUG	Registering shutdown blocker for GMPProvider
1503401066155	addons.manager	DEBUG	Provider finished startup: GMPProvider
1503401066155	addons.manager	DEBUG	Starting provider: PluginProvider
1503401066155	addons.manager	DEBUG	Registering shutdown blocker for PluginProvider
1503401066156	addons.manager	DEBUG	Provider finished startup: PluginProvider
1503401066156	addons.manager	DEBUG	Completed startup sequence
1503401067969	addons.manager	DEBUG	Starting provider: &amp;lt;unnamed-provider&amp;gt;
1503401067969	addons.manager	DEBUG	Registering shutdown blocker for &amp;lt;unnamed-provider&amp;gt;
1503401067970	addons.manager	DEBUG	Provider finished startup: &amp;lt;unnamed-provider&amp;gt;
1503401068121	DeferredSave.extensions.json	DEBUG	Write succeeded
1503401068121	addons.xpi-utils	DEBUG	XPI Database saved, setting schema version preference to 19
1503401068121	DeferredSave.extensions.json	DEBUG	Starting timer
1503401068140	addons.repository	DEBUG	No addons.json found.
1503401068140	DeferredSave.addons.json	DEBUG	Save changes
1503401068143	DeferredSave.addons.json	DEBUG	Starting timer
1503401068212	addons.manager	DEBUG	Starting provider: PreviousExperimentProvider
1503401068212	addons.manager	DEBUG	Registering shutdown blocker for PreviousExperimentProvider
1503401068212	addons.manager	DEBUG	Provider finished startup: PreviousExperimentProvider
1503401068214	DeferredSave.extensions.json	DEBUG	Starting write
1503401068216	DeferredSave.addons.json	DEBUG	Starting write
1503401068239	DeferredSave.extensions.json	DEBUG	Write succeeded
1503401068250	DeferredSave.addons.json	DEBUG	Write succeeded
[GPU 11992] WARNING: pipe error: 109: file c:/builds/moz2_slave/m-rel-w64-00000000000000000000/build/src/ipc/chromium/src/chrome/common/ipc_channel_win.cc, line 346
1503401070966	addons.xpi	DEBUG	Calling bootstrap method shutdown on webcompat@mozilla.org version 1.1
1503401070968	addons.xpi	DEBUG	Calling bootstrap method shutdown on screenshots@mozilla.org version 6.6.0
1503401070970	addons.xpi	DEBUG	Calling bootstrap method shutdown on firefox@getpocket.com version 1.0.5
1503401070970	addons.xpi	DEBUG	Calling bootstrap method shutdown on e10srollout@mozilla.org version 1.50
1503401070971	addons.xpi	DEBUG	Calling bootstrap method shutdown on aushelper@mozilla.org version 2.0
[GPU 11992] WARNING: pipe error: 109: file c:/builds/moz2_slave/m-rel-w64-00000000000000000000/build/src/ipc/chromium/src/chrome/common/ipc_channel_win.cc, line 346
[Child 14720] WARNING: pipe error: 109: file c:/builds/moz2_slave/m-rel-w64-00000000000000000000/build/src/ipc/chromium/src/chrome/common/ipc_channel_win.cc, line 346
[Child 14720] WARNING: pipe error: 109: file c:/builds/moz2_slave/m-rel-w64-00000000000000000000/build/src/ipc/chromium/src/chrome/common/ipc_channel_win.cc, line 346
1503401071255	addons.manager	DEBUG	shutdown
1503401071256	addons.manager	DEBUG	Calling shutdown blocker for XPIProvider
1503401071256	addons.xpi	DEBUG	shutdown
1503401071256	addons.xpi-utils	DEBUG	shutdown
1503401071257	addons.manager	DEBUG	Calling shutdown blocker for LightweightThemeManager
1503401071257	addons.manager	DEBUG	Calling shutdown blocker for GMPProvider
1503401071259	addons.manager	DEBUG	Calling shutdown blocker for PluginProvider
1503401071259	addons.manager	DEBUG	Calling shutdown blocker for &amp;lt;unnamed-provider&amp;gt;
1503401071260	addons.manager	DEBUG	Calling shutdown blocker for PreviousExperimentProvider
1503401071262	addons.xpi	DEBUG	Notifying XPI shutdown observers
1503401071265	addons.manager	DEBUG	Async provider shutdown done

Build info: version: &amp;apos;2.53.1&amp;apos;, revision: &amp;apos;a36b8b1cd5757287168e54b817830adce9b0158d&amp;apos;, time: &amp;apos;2016-06-30 19:26:09&amp;apos;
System info: host: &amp;apos;salsalabs7&amp;apos;, ip: &amp;apos;192.168.15.209&amp;apos;, os.name: &amp;apos;Windows 10&amp;apos;, os.arch: &amp;apos;amd64&amp;apos;, os.version: &amp;apos;10.0&amp;apos;, java.version: &amp;apos;1.8.0_111&amp;apos;
Driver info: driver.version: FirefoxDriver">
      <![CDATA[org.openqa.selenium.WebDriverException: Failed to connect to binary FirefoxBinary(C:\Program Files\Mozilla Firefox\firefox.exe) on port 7055; process output follows: 
bcompat@mozilla.org version 1.1
1503401066150	addons.manager	DEBUG	Registering shutdown blocker for XPIProvider
1503401066151	addons.manager	DEBUG	Provider finished startup: XPIProvider
1503401066151	addons.manager	DEBUG	Starting provider: LightweightThemeManager
1503401066151	addons.manager	DEBUG	Registering shutdown blocker for LightweightThemeManager
1503401066151	addons.manager	DEBUG	Provider finished startup: LightweightThemeManager
1503401066151	addons.manager	DEBUG	Starting provider: GMPProvider
1503401066155	addons.manager	DEBUG	Registering shutdown blocker for GMPProvider
1503401066155	addons.manager	DEBUG	Provider finished startup: GMPProvider
1503401066155	addons.manager	DEBUG	Starting provider: PluginProvider
1503401066155	addons.manager	DEBUG	Registering shutdown blocker for PluginProvider
1503401066156	addons.manager	DEBUG	Provider finished startup: PluginProvider
1503401066156	addons.manager	DEBUG	Completed startup sequence
1503401067969	addons.manager	DEBUG	Starting provider: <unnamed-provider>
1503401067969	addons.manager	DEBUG	Registering shutdown blocker for <unnamed-provider>
1503401067970	addons.manager	DEBUG	Provider finished startup: <unnamed-provider>
1503401068121	DeferredSave.extensions.json	DEBUG	Write succeeded
1503401068121	addons.xpi-utils	DEBUG	XPI Database saved, setting schema version preference to 19
1503401068121	DeferredSave.extensions.json	DEBUG	Starting timer
1503401068140	addons.repository	DEBUG	No addons.json found.
1503401068140	DeferredSave.addons.json	DEBUG	Save changes
1503401068143	DeferredSave.addons.json	DEBUG	Starting timer
1503401068212	addons.manager	DEBUG	Starting provider: PreviousExperimentProvider
1503401068212	addons.manager	DEBUG	Registering shutdown blocker for PreviousExperimentProvider
1503401068212	addons.manager	DEBUG	Provider finished startup: PreviousExperimentProvider
1503401068214	DeferredSave.extensions.json	DEBUG	Starting write
1503401068216	DeferredSave.addons.json	DEBUG	Starting write
1503401068239	DeferredSave.extensions.json	DEBUG	Write succeeded
1503401068250	DeferredSave.addons.json	DEBUG	Write succeeded
[GPU 11992] WARNING: pipe error: 109: file c:/builds/moz2_slave/m-rel-w64-00000000000000000000/build/src/ipc/chromium/src/chrome/common/ipc_channel_win.cc, line 346
1503401070966	addons.xpi	DEBUG	Calling bootstrap method shutdown on webcompat@mozilla.org version 1.1
1503401070968	addons.xpi	DEBUG	Calling bootstrap method shutdown on screenshots@mozilla.org version 6.6.0
1503401070970	addons.xpi	DEBUG	Calling bootstrap method shutdown on firefox@getpocket.com version 1.0.5
1503401070970	addons.xpi	DEBUG	Calling bootstrap method shutdown on e10srollout@mozilla.org version 1.50
1503401070971	addons.xpi	DEBUG	Calling bootstrap method shutdown on aushelper@mozilla.org version 2.0
[GPU 11992] WARNING: pipe error: 109: file c:/builds/moz2_slave/m-rel-w64-00000000000000000000/build/src/ipc/chromium/src/chrome/common/ipc_channel_win.cc, line 346
[Child 14720] WARNING: pipe error: 109: file c:/builds/moz2_slave/m-rel-w64-00000000000000000000/build/src/ipc/chromium/src/chrome/common/ipc_channel_win.cc, line 346
[Child 14720] WARNING: pipe error: 109: file c:/builds/moz2_slave/m-rel-w64-00000000000000000000/build/src/ipc/chromium/src/chrome/common/ipc_channel_win.cc, line 346
1503401071255	addons.manager	DEBUG	shutdown
1503401071256	addons.manager	DEBUG	Calling shutdown blocker for XPIProvider
1503401071256	addons.xpi	DEBUG	shutdown
1503401071256	addons.xpi-utils	DEBUG	shutdown
1503401071257	addons.manager	DEBUG	Calling shutdown blocker for LightweightThemeManager
1503401071257	addons.manager	DEBUG	Calling shutdown blocker for GMPProvider
1503401071259	addons.manager	DEBUG	Calling shutdown blocker for PluginProvider
1503401071259	addons.manager	DEBUG	Calling shutdown blocker for <unnamed-provider>
1503401071260	addons.manager	DEBUG	Calling shutdown blocker for PreviousExperimentProvider
1503401071262	addons.xpi	DEBUG	Notifying XPI shutdown observers
1503401071265	addons.manager	DEBUG	Async provider shutdown done

Build info: version: '2.53.1', revision: 'a36b8b1cd5757287168e54b817830adce9b0158d', time: '2016-06-30 19:26:09'
System info: host: 'salsalabs7', ip: '192.168.15.209', os.name: 'Windows 10', os.arch: 'amd64', os.version: '10.0', java.version: '1.8.0_111'
Driver info: driver.version: FirefoxDriver
	at org.openqa.selenium.firefox.internal.NewProfileExtensionConnection.start(NewProfileExtensionConnection.java:125)
	at org.openqa.selenium.firefox.FirefoxDriver.startClient(FirefoxDriver.java:271)
	at org.openqa.selenium.remote.RemoteWebDriver.<init>(RemoteWebDriver.java:119)
	at org.openqa.selenium.firefox.FirefoxDriver.<init>(FirefoxDriver.java:216)
	at org.openqa.selenium.firefox.FirefoxDriver.<init>(FirefoxDriver.java:211)
	at org.openqa.selenium.firefox.FirefoxDriver.<init>(FirefoxDriver.java:128)
	at com.salsalabs.ignite.automation.common.config.DriverType$1.getWebDriverObject(DriverType.java:37)
	at com.salsalabs.ignite.automation.common.config.DriverType.instantiateWebDriver(DriverType.java:131)
	at com.salsalabs.ignite.automation.common.config.DriverType.configureDriverBinaryAndInstantiateWebDriver(DriverType.java:155)
	at com.salsalabs.ignite.automation.common.SeleneseTestCase$1.initialValue(SeleneseTestCase.java:106)
	at com.salsalabs.ignite.automation.common.SeleneseTestCase$1.initialValue(SeleneseTestCase.java:1)
	at java.lang.ThreadLocal.setInitialValue(ThreadLocal.java:180)
	at java.lang.ThreadLocal.get(ThreadLocal.java:170)
	at com.salsalabs.ignite.automation.common.SeleneseTestCase.getDriver(SeleneseTestCase.java:97)
	at com.salsalabs.ignite.automation.common.SeleneseTestCase.startTestOnDriver(SeleneseTestCase.java:111)
	at com.salsalabs.ignite.automation.common.SeleneseTestCase.beforeSuite(SeleneseTestCase.java:82)
	at sun.reflect.NativeMethodAccessorImpl.invoke0(Native Method)
	at sun.reflect.NativeMethodAccessorImpl.invoke(NativeMethodAccessorImpl.java:62)
	at sun.reflect.DelegatingMethodAccessorImpl.invoke(DelegatingMethodAccessorImpl.java:43)
	at java.lang.reflect.Method.invoke(Method.java:498)
	at org.testng.internal.MethodInvocationHelper.invokeMethod(MethodInvocationHelper.java:104)
	at org.testng.internal.Invoker.invokeConfigurationMethod(Invoker.java:515)
	at org.testng.internal.Invoker.invokeConfigurations(Invoker.java:217)
	at org.testng.internal.Invoker.invokeConfigurations(Invoker.java:144)
	at org.testng.TestRunner.beforeRun(TestRunner.java:634)
	at org.testng.TestRunner.run(TestRunner.java:602)
	at org.testng.SuiteRunner.runTest(SuiteRunner.java:387)
	at org.testng.SuiteRunner.runSequentially(SuiteRunner.java:382)
	at org.testng.SuiteRunner.privateRun(SuiteRunner.java:340)
	at org.testng.SuiteRunner.run(SuiteRunner.java:289)
	at org.testng.SuiteRunnerWorker.runSuite(SuiteRunnerWorker.java:52)
	at org.testng.SuiteRunnerWorker.run(SuiteRunnerWorker.java:86)
	at org.testng.TestNG.runSuitesSequentially(TestNG.java:1293)
	at org.testng.TestNG.runSuitesLocally(TestNG.java:1218)
	at org.testng.TestNG.runSuites(TestNG.java:1133)
	at org.testng.TestNG.run(TestNG.java:1104)
	at org.testng.remote.AbstractRemoteTestNG.run(AbstractRemoteTestNG.java:132)
	at org.testng.remote.RemoteTestNG.initAndRun(RemoteTestNG.java:236)
	at org.testng.remote.RemoteTestNG.main(RemoteTestNG.java:81)
Caused by: org.openqa.selenium.firefox.NotConnectedException: Unable to connect to host 127.0.0.1 on port 7055 after 45000 ms. Firefox console output:
bcompat@mozilla.org version 1.1
1503401066150	addons.manager	DEBUG	Registering shutdown blocker for XPIProvider
1503401066151	addons.manager	DEBUG	Provider finished startup: XPIProvider
1503401066151	addons.manager	DEBUG	Starting provider: LightweightThemeManager
1503401066151	addons.manager	DEBUG	Registering shutdown blocker for LightweightThemeManager
1503401066151	addons.manager	DEBUG	Provider finished startup: LightweightThemeManager
1503401066151	addons.manager	DEBUG	Starting provider: GMPProvider
1503401066155	addons.manager	DEBUG	Registering shutdown blocker for GMPProvider
1503401066155	addons.manager	DEBUG	Provider finished startup: GMPProvider
1503401066155	addons.manager	DEBUG	Starting provider: PluginProvider
1503401066155	addons.manager	DEBUG	Registering shutdown blocker for PluginProvider
1503401066156	addons.manager	DEBUG	Provider finished startup: PluginProvider
1503401066156	addons.manager	DEBUG	Completed startup sequence
1503401067969	addons.manager	DEBUG	Starting provider: <unnamed-provider>
1503401067969	addons.manager	DEBUG	Registering shutdown blocker for <unnamed-provider>
1503401067970	addons.manager	DEBUG	Provider finished startup: <unnamed-provider>
1503401068121	DeferredSave.extensions.json	DEBUG	Write succeeded
1503401068121	addons.xpi-utils	DEBUG	XPI Database saved, setting schema version preference to 19
1503401068121	DeferredSave.extensions.json	DEBUG	Starting timer
1503401068140	addons.repository	DEBUG	No addons.json found.
1503401068140	DeferredSave.addons.json	DEBUG	Save changes
1503401068143	DeferredSave.addons.json	DEBUG	Starting timer
1503401068212	addons.manager	DEBUG	Starting provider: PreviousExperimentProvider
1503401068212	addons.manager	DEBUG	Registering shutdown blocker for PreviousExperimentProvider
1503401068212	addons.manager	DEBUG	Provider finished startup: PreviousExperimentProvider
1503401068214	DeferredSave.extensions.json	DEBUG	Starting write
1503401068216	DeferredSave.addons.json	DEBUG	Starting write
1503401068239	DeferredSave.extensions.json	DEBUG	Write succeeded
1503401068250	DeferredSave.addons.json	DEBUG	Write succeeded
[GPU 11992] WARNING: pipe error: 109: file c:/builds/moz2_slave/m-rel-w64-00000000000000000000/build/src/ipc/chromium/src/chrome/common/ipc_channel_win.cc, line 346
1503401070966	addons.xpi	DEBUG	Calling bootstrap method shutdown on webcompat@mozilla.org version 1.1
1503401070968	addons.xpi	DEBUG	Calling bootstrap method shutdown on screenshots@mozilla.org version 6.6.0
1503401070970	addons.xpi	DEBUG	Calling bootstrap method shutdown on firefox@getpocket.com version 1.0.5
1503401070970	addons.xpi	DEBUG	Calling bootstrap method shutdown on e10srollout@mozilla.org version 1.50
1503401070971	addons.xpi	DEBUG	Calling bootstrap method shutdown on aushelper@mozilla.org version 2.0
[GPU 11992] WARNING: pipe error: 109: file c:/builds/moz2_slave/m-rel-w64-00000000000000000000/build/src/ipc/chromium/src/chrome/common/ipc_channel_win.cc, line 346
[Child 14720] WARNING: pipe error: 109: file c:/builds/moz2_slave/m-rel-w64-00000000000000000000/build/src/ipc/chromium/src/chrome/common/ipc_channel_win.cc, line 346
[Child 14720] WARNING: pipe error: 109: file c:/builds/moz2_slave/m-rel-w64-00000000000000000000/build/src/ipc/chromium/src/chrome/common/ipc_channel_win.cc, line 346
1503401071255	addons.manager	DEBUG	shutdown
1503401071256	addons.manager	DEBUG	Calling shutdown blocker for XPIProvider
1503401071256	addons.xpi	DEBUG	shutdown
1503401071256	addons.xpi-utils	DEBUG	shutdown
1503401071257	addons.manager	DEBUG	Calling shutdown blocker for LightweightThemeManager
1503401071257	addons.manager	DEBUG	Calling shutdown blocker for GMPProvider
1503401071259	addons.manager	DEBUG	Calling shutdown blocker for PluginProvider
1503401071259	addons.manager	DEBUG	Calling shutdown blocker for <unnamed-provider>
1503401071260	addons.manager	DEBUG	Calling shutdown blocker for PreviousExperimentProvider
1503401071262	addons.xpi	DEBUG	Notifying XPI shutdown observers
1503401071265	addons.manager	DEBUG	Async provider shutdown done

	at org.openqa.selenium.firefox.internal.NewProfileExtensionConnection.start(NewProfileExtensionConnection.java:113)
	... 38 more
]]>
    </failure>
  </testcase> <!-- @BeforeTest beforeSuite -->
  <testcase name="@AfterTest stopTestOnDriver" time="0.0" classname="com.salsalabs.ignite.automation.common.SeleneseTestCase">
    <failure type="java.lang.NullPointerException">
      <![CDATA[java.lang.NullPointerException
	at com.salsalabs.ignite.automation.common.SeleneseTestCase.stopTestOnDriver(SeleneseTestCase.java:126)
	at sun.reflect.NativeMethodAccessorImpl.invoke0(Native Method)
	at sun.reflect.NativeMethodAccessorImpl.invoke(NativeMethodAccessorImpl.java:62)
	at sun.reflect.DelegatingMethodAccessorImpl.invoke(DelegatingMethodAccessorImpl.java:43)
	at java.lang.reflect.Method.invoke(Method.java:498)
	at org.testng.internal.MethodInvocationHelper.invokeMethod(MethodInvocationHelper.java:104)
	at org.testng.internal.Invoker.invokeConfigurationMethod(Invoker.java:515)
	at org.testng.internal.Invoker.invokeConfigurations(Invoker.java:217)
	at org.testng.internal.Invoker.invokeConfigurations(Invoker.java:144)
	at org.testng.TestRunner.afterRun(TestRunner.java:983)
	at org.testng.TestRunner.run(TestRunner.java:614)
	at org.testng.SuiteRunner.runTest(SuiteRunner.java:387)
	at org.testng.SuiteRunner.runSequentially(SuiteRunner.java:382)
	at org.testng.SuiteRunner.privateRun(SuiteRunner.java:340)
	at org.testng.SuiteRunner.run(SuiteRunner.java:289)
	at org.testng.SuiteRunnerWorker.runSuite(SuiteRunnerWorker.java:52)
	at org.testng.SuiteRunnerWorker.run(SuiteRunnerWorker.java:86)
	at org.testng.TestNG.runSuitesSequentially(TestNG.java:1293)
	at org.testng.TestNG.runSuitesLocally(TestNG.java:1218)
	at org.testng.TestNG.runSuites(TestNG.java:1133)
	at org.testng.TestNG.run(TestNG.java:1104)
	at org.testng.remote.AbstractRemoteTestNG.run(AbstractRemoteTestNG.java:132)
	at org.testng.remote.RemoteTestNG.initAndRun(RemoteTestNG.java:236)
	at org.testng.remote.RemoteTestNG.main(RemoteTestNG.java:81)
]]>
    </failure>
  </testcase> <!-- @AfterTest stopTestOnDriver -->
  <testcase name="verifySocialMediaPagesInTheFollowUpElement" time="0.0" classname="com.salsalabs.ignite.automation.suites.regression.SocialMediaPagesTest">
    <skipped/>
  </testcase> <!-- verifySocialMediaPagesInTheFollowUpElement -->
</testsuite> <!-- Default test -->
