<html>
<head>
<title>TestNG:  Default test</title>
<link href="../testng.css" rel="stylesheet" type="text/css" />
<link href="../my-testng.css" rel="stylesheet" type="text/css" />

<style type="text/css">
.log { display: none;} 
.stack-trace { display: none;} 
</style>
<script type="text/javascript">
<!--
function flip(e) {
  current = e.style.display;
  if (current == 'block') {
    e.style.display = 'none';
    return 0;
  }
  else {
    e.style.display = 'block';
    return 1;
  }
}

function toggleBox(szDivId, elem, msg1, msg2)
{
  var res = -1;  if (document.getElementById) {
    res = flip(document.getElementById(szDivId));
  }
  else if (document.all) {
    // this is the way old msie versions work
    res = flip(document.all[szDivId]);
  }
  if(elem) {
    if(res == 0) elem.innerHTML = msg1; else elem.innerHTML = msg2;
  }

}

function toggleAllBoxes() {
  if (document.getElementsByTagName) {
    d = document.getElementsByTagName('div');
    for (i = 0; i < d.length; i++) {
      if (d[i].className == 'log') {
        flip(d[i]);
      }
    }
  }
}

// -->
</script>

</head>
<body>
<h2 align='center'>Default test</h2><table border='1' align="center">
<tr>
<td>Tests passed/Failed/Skipped:</td><td>0/1/0</td>
</tr><tr>
<td>Started on:</td><td>Tue Aug 22 14:24:22 EEST 2017</td>
</tr>
<tr><td>Total time:</td><td>47 seconds (47628 ms)</td>
</tr><tr>
<td>Included groups:</td><td></td>
</tr><tr>
<td>Excluded groups:</td><td></td>
</tr>
</table><p/>
<small><i>(Hover the method name to see the test class name)</i></small><p/>
<table width='100%' border='1' class='invocation-failed'>
<tr><td colspan='4' align='center'><b>FAILED CONFIGURATIONS</b></td></tr>
<tr><td><b>Test method</b></td>
<td width="30%"><b>Exception</b></td>
<td width="10%"><b>Time (seconds)</b></td>
<td><b>Instance</b></td>
</tr>
<tr>
<td title='com.salsalabs.ignite.automation.suites.regression.SocialMediaPagesTest.beforeSuite()'><b>beforeSuite</b><br>Test class: com.salsalabs.ignite.automation.suites.regression.SocialMediaPagesTest<br>Parameters: FIREFOX, TEST, LOCAL</td>
<td><div><pre>org.openqa.selenium.WebDriverException: Failed to connect to binary FirefoxBinary(C:\Program Files\Mozilla Firefox\firefox.exe) on port 7055; process output follows: 
bcompat@mozilla.org version 1.1
1503401066150	addons.manager	DEBUG	Registering shutdown blocker for XPIProvider
1503401066151	addons.manager	DEBUG	Provider finished startup: XPIProvider
1503401066151	addons.manager	DEBUG	Starting provider: LightweightThemeManager
1503401066151	addons.manager	DEBUG	Registering shutdown blocker for LightweightThemeManager
1503401066151	addons.manager	DEBUG	Provider finished startup: LightweightThemeManager
1503401066151	addons.manager	DEBUG	Starting provider: GMPProvider
1503401066155	addons.manager	DEBUG	Registering shutdown blocker for GMPProvider
1503401066155	addons.manager	DEBUG	Provider finished startup: GMPProvider
1503401066155	addons.manager	DEBUG	Starting provider: PluginProvider
1503401066155	addons.manager	DEBUG	Registering shutdown blocker for PluginProvider
1503401066156	addons.manager	DEBUG	Provider finished startup: PluginProvider
1503401066156	addons.manager	DEBUG	Completed startup sequence
1503401067969	addons.manager	DEBUG	Starting provider: &lt;unnamed-provider&gt;
1503401067969	addons.manager	DEBUG	Registering shutdown blocker for &lt;unnamed-provider&gt;
1503401067970	addons.manager	DEBUG	Provider finished startup: &lt;unnamed-provider&gt;
1503401068121	DeferredSave.extensions.json	DEBUG	Write succeeded
1503401068121	addons.xpi-utils	DEBUG	XPI Database saved, setting schema version preference to 19
1503401068121	DeferredSave.extensions.json	DEBUG	Starting timer
1503401068140	addons.repository	DEBUG	No addons.json found.
1503401068140	DeferredSave.addons.json	DEBUG	Save changes
1503401068143	DeferredSave.addons.json	DEBUG	Starting timer
1503401068212	addons.manager	DEBUG	Starting provider: PreviousExperimentProvider
1503401068212	addons.manager	DEBUG	Registering shutdown blocker for PreviousExperimentProvider
1503401068212	addons.manager	DEBUG	Provider finished startup: PreviousExperimentProvider
1503401068214	DeferredSave.extensions.json	DEBUG	Starting write
1503401068216	DeferredSave.addons.json	DEBUG	Starting write
1503401068239	DeferredSave.extensions.json	DEBUG	Write succeeded
1503401068250	DeferredSave.addons.json	DEBUG	Write succeeded
[GPU 11992] WARNING: pipe error: 109: file c:/builds/moz2_slave/m-rel-w64-00000000000000000000/build/src/ipc/chromium/src/chrome/common/ipc_channel_win.cc, line 346
1503401070966	addons.xpi	DEBUG	Calling bootstrap method shutdown on webcompat@mozilla.org version 1.1
1503401070968	addons.xpi	DEBUG	Calling bootstrap method shutdown on screenshots@mozilla.org version 6.6.0
1503401070970	addons.xpi	DEBUG	Calling bootstrap method shutdown on firefox@getpocket.com version 1.0.5
1503401070970	addons.xpi	DEBUG	Calling bootstrap method shutdown on e10srollout@mozilla.org version 1.50
1503401070971	addons.xpi	DEBUG	Calling bootstrap method shutdown on aushelper@mozilla.org version 2.0
[GPU 11992] WARNING: pipe error: 109: file c:/builds/moz2_slave/m-rel-w64-00000000000000000000/build/src/ipc/chromium/src/chrome/common/ipc_channel_win.cc, line 346
[Child 14720] WARNING: pipe error: 109: file c:/builds/moz2_slave/m-rel-w64-00000000000000000000/build/src/ipc/chromium/src/chrome/common/ipc_channel_win.cc, line 346
[Child 14720] WARNING: pipe error: 109: file c:/builds/moz2_slave/m-rel-w64-00000000000000000000/build/src/ipc/chromium/src/chrome/common/ipc_channel_win.cc, line 346
1503401071255	addons.manager	DEBUG	shutdown
1503401071256	addons.manager	DEBUG	Calling shutdown blocker for XPIProvider
1503401071256	addons.xpi	DEBUG	shutdown
1503401071256	addons.xpi-utils	DEBUG	shutdown
1503401071257	addons.manager	DEBUG	Calling shutdown blocker for LightweightThemeManager
1503401071257	addons.manager	DEBUG	Calling shutdown blocker for GMPProvider
1503401071259	addons.manager	DEBUG	Calling shutdown blocker for PluginProvider
1503401071259	addons.manager	DEBUG	Calling shutdown blocker for &lt;unnamed-provider&gt;
1503401071260	addons.manager	DEBUG	Calling shutdown blocker for PreviousExperimentProvider
1503401071262	addons.xpi	DEBUG	Notifying XPI shutdown observers
1503401071265	addons.manager	DEBUG	Async provider shutdown done

Build info: version: &apos;2.53.1&apos;, revision: &apos;a36b8b1cd5757287168e54b817830adce9b0158d&apos;, time: &apos;2016-06-30 19:26:09&apos;
System info: host: &apos;salsalabs7&apos;, ip: &apos;192.168.15.209&apos;, os.name: &apos;Windows 10&apos;, os.arch: &apos;amd64&apos;, os.version: &apos;10.0&apos;, java.version: &apos;1.8.0_111&apos;
Driver info: driver.version: FirefoxDriver
	at org.openqa.selenium.firefox.internal.NewProfileExtensionConnection.start(NewProfileExtensionConnection.java:125)
	at org.openqa.selenium.firefox.FirefoxDriver.startClient(FirefoxDriver.java:271)
	at org.openqa.selenium.remote.RemoteWebDriver.&lt;init&gt;(RemoteWebDriver.java:119)
	at org.openqa.selenium.firefox.FirefoxDriver.&lt;init&gt;(FirefoxDriver.java:216)
	at org.openqa.selenium.firefox.FirefoxDriver.&lt;init&gt;(FirefoxDriver.java:211)
	at org.openqa.selenium.firefox.FirefoxDriver.&lt;init&gt;(FirefoxDriver.java:128)
	at com.salsalabs.ignite.automation.common.config.DriverType$1.getWebDriverObject(DriverType.java:37)
	at com.salsalabs.ignite.automation.common.config.DriverType.instantiateWebDriver(DriverType.java:131)
	at com.salsalabs.ignite.automation.common.config.DriverType.configureDriverBinaryAndInstantiateWebDriver(DriverType.java:155)
	at com.salsalabs.ignite.automation.common.SeleneseTestCase$1.initialValue(SeleneseTestCase.java:106)
	at com.salsalabs.ignite.automation.common.SeleneseTestCase$1.initialValue(SeleneseTestCase.java:1)
	at java.lang.ThreadLocal.setInitialValue(ThreadLocal.java:180)
	at java.lang.ThreadLocal.get(ThreadLocal.java:170)
	at com.salsalabs.ignite.automation.common.SeleneseTestCase.getDriver(SeleneseTestCase.java:97)
	at com.salsalabs.ignite.automation.common.SeleneseTestCase.startTestOnDriver(SeleneseTestCase.java:111)
	at com.salsalabs.ignite.automation.common.SeleneseTestCase.beforeSuite(SeleneseTestCase.java:82)
	at sun.reflect.NativeMethodAccessorImpl.invoke0(Native Method)
	at sun.reflect.NativeMethodAccessorImpl.invoke(NativeMethodAccessorImpl.java:62)
	at sun.reflect.DelegatingMethodAccessorImpl.invoke(DelegatingMethodAccessorImpl.java:43)
	at java.lang.reflect.Method.invoke(Method.java:498)
	at org.testng.internal.MethodInvocationHelper.invokeMethod(MethodInvocationHelper.java:104)
	at org.testng.internal.Invoker.invokeConfigurationMethod(Invoker.java:515)
	at org.testng.internal.Invoker.invokeConfigurations(Invoker.java:217)
	at org.testng.internal.Invoker.invokeConfigurations(Invoker.java:144)
	at org.testng.TestRunner.beforeRun(TestRunner.java:634)
	at org.testng.TestRunner.run(TestRunner.java:602)
	at org.testng.SuiteRunner.runTest(SuiteRunner.java:387)
	at org.testng.SuiteRunner.runSequentially(SuiteRunner.java:382)
	at org.testng.SuiteRunner.privateRun(SuiteRunner.java:340)
	at org.testng.SuiteRunner.run(SuiteRunner.java:289)
	at org.testng.SuiteRunnerWorker.runSuite(SuiteRunnerWorker.java:52)
	at org.testng.SuiteRunnerWorker.run(SuiteRunnerWorker.java:86)
	at org.testng.TestNG.runSuitesSequentially(TestNG.java:1293)
	at org.testng.TestNG.runSuitesLocally(TestNG.java:1218)
	at org.testng.TestNG.runSuites(TestNG.java:1133)
	at org.testng.TestNG.run(TestNG.java:1104)
	at org.testng.remote.AbstractRemoteTestNG.run(AbstractRemoteTestNG.java:132)
	at org.testng.remote.RemoteTestNG.initAndRun(RemoteTestNG.java:236)
	at org.testng.remote.RemoteTestNG.main(RemoteTestNG.java:81)
Caused by: org.openqa.selenium.firefox.NotConnectedException: Unable to connect to host 127.0.0.1 on port 7055 after 45000 ms. Firefox console output:
bcompat@mozilla.org version 1.1
1503401066150	addons.manager	DEBUG	Registering shutdown blocker for XPIProvider
1503401066151	addons.manager	DEBUG	Provider finished startup: XPIProvider
1503401066151	addons.manager	DEBUG	Starting provider: LightweightThemeManager
1503401066151	addons.manager	DEBUG	Registering shutdown blocker for LightweightThemeManager
1503401066151	addons.manager	DEBUG	Provider finished startup: LightweightThemeManager
1503401066151	addons.manager	DEBUG	Starting provider: GMPProvider
1503401066155	addons.manager	DEBUG	Registering shutdown blocker for GMPProvider
1503401066155	addons.manager	DEBUG	Provider finished startup: GMPProvider
1503401066155	addons.manager	DEBUG	Starting provider: PluginProvider
1503401066155	addons.manager	DEBUG	Registering shutdown blocker for PluginProvider
1503401066156	addons.manager	DEBUG	Provider finished startup: PluginProvider
1503401066156	addons.manager	DEBUG	Completed startup sequence
1503401067969	addons.manager	DEBUG	Starting provider: &lt;unnamed-provider&gt;
1503401067969	addons.manager	DEBUG	Registering shutdown blocker for &lt;unnamed-provider&gt;
1503401067970	addons.manager	DEBUG	Provider finished startup: &lt;unnamed-provider&gt;
1503401068121	DeferredSave.extensions.json	DEBUG	Write succeeded
1503401068121	addons.xpi-utils	DEBUG	XPI Database saved, setting schema version preference to 19
1503401068121	DeferredSave.extensions.json	DEBUG	Starting timer
1503401068140	addons.repository	DEBUG	No addons.json found.
1503401068140	DeferredSave.addons.json	DEBUG	Save changes
1503401068143	DeferredSave.addons.json	DEBUG	Starting timer
1503401068212	addons.manager	DEBUG	Starting provider: PreviousExperimentProvider
1503401068212	addons.manager	DEBUG	Registering shutdown blocker for PreviousExperimentProvider
1503401068212	addons.manager	DEBUG	Provider finished startup: PreviousExperimentProvider
1503401068214	DeferredSave.extensions.json	DEBUG	Starting write
1503401068216	DeferredSave.addons.json	DEBUG	Starting write
1503401068239	DeferredSave.extensions.json	DEBUG	Write succeeded
1503401068250	DeferredSave.addons.json	DEBUG	Write succeeded
[GPU 11992] WARNING: pipe error: 109: file c:/builds/moz2_slave/m-rel-w64-00000000000000000000/build/src/ipc/chromium/src/chrome/common/ipc_channel_win.cc, line 346
1503401070966	addons.xpi	DEBUG	Calling bootstrap method shutdown on webcompat@mozilla.org version 1.1
1503401070968	addons.xpi	DEBUG	Calling bootstrap method shutdown on screenshots@mozilla.org version 6.6.0
1503401070970	addons.xpi	DEBUG	Calling bootstrap method shutdown on firefox@getpocket.com version 1.0.5
1503401070970	addons.xpi	DEBUG	Calling bootstrap method shutdown on e10srollout@mozilla.org version 1.50
1503401070971	addons.xpi	DEBUG	Calling bootstrap method shutdown on aushelper@mozilla.org version 2.0
[GPU 11992] WARNING: pipe error: 109: file c:/builds/moz2_slave/m-rel-w64-00000000000000000000/build/src/ipc/chromium/src/chrome/common/ipc_channel_win.cc, line 346
[Child 14720] WARNING: pipe error: 109: file c:/builds/moz2_slave/m-rel-w64-00000000000000000000/build/src/ipc/chromium/src/chrome/common/ipc_channel_win.cc, line 346
[Child 14720] WARNING: pipe error: 109: file c:/builds/moz2_slave/m-rel-w64-00000000000000000000/build/src/ipc/chromium/src/chrome/common/ipc_channel_win.cc, line 346
1503401071255	addons.manager	DEBUG	shutdown
1503401071256	addons.manager	DEBUG	Calling shutdown blocker for XPIProvider
1503401071256	addons.xpi	DEBUG	shutdown
1503401071256	addons.xpi-utils	DEBUG	shutdown
1503401071257	addons.manager	DEBUG	Calling shutdown blocker for LightweightThemeManager
1503401071257	addons.manager	DEBUG	Calling shutdown blocker for GMPProvider
1503401071259	addons.manager	DEBUG	Calling shutdown blocker for PluginProvider
1503401071259	addons.manager	DEBUG	Calling shutdown blocker for &lt;unnamed-provider&gt;
1503401071260	addons.manager	DEBUG	Calling shutdown blocker for PreviousExperimentProvider
1503401071262	addons.xpi	DEBUG	Notifying XPI shutdown observers
1503401071265	addons.manager	DEBUG	Async provider shutdown done

	at org.openqa.selenium.firefox.internal.NewProfileExtensionConnection.start(NewProfileExtensionConnection.java:113)
	... 38 more
</pre></div><a href='#' onClick='toggleBox("stack-trace1406848276", this, "Click to show all stack frames", "Click to hide stack frames")'>Click to show all stack frames</a>
<div class='stack-trace' id='stack-trace1406848276'><pre>org.openqa.selenium.WebDriverException: Failed to connect to binary FirefoxBinary(C:\Program Files\Mozilla Firefox\firefox.exe) on port 7055; process output follows: 
bcompat@mozilla.org version 1.1
1503401066150	addons.manager	DEBUG	Registering shutdown blocker for XPIProvider
1503401066151	addons.manager	DEBUG	Provider finished startup: XPIProvider
1503401066151	addons.manager	DEBUG	Starting provider: LightweightThemeManager
1503401066151	addons.manager	DEBUG	Registering shutdown blocker for LightweightThemeManager
1503401066151	addons.manager	DEBUG	Provider finished startup: LightweightThemeManager
1503401066151	addons.manager	DEBUG	Starting provider: GMPProvider
1503401066155	addons.manager	DEBUG	Registering shutdown blocker for GMPProvider
1503401066155	addons.manager	DEBUG	Provider finished startup: GMPProvider
1503401066155	addons.manager	DEBUG	Starting provider: PluginProvider
1503401066155	addons.manager	DEBUG	Registering shutdown blocker for PluginProvider
1503401066156	addons.manager	DEBUG	Provider finished startup: PluginProvider
1503401066156	addons.manager	DEBUG	Completed startup sequence
1503401067969	addons.manager	DEBUG	Starting provider: &lt;unnamed-provider&gt;
1503401067969	addons.manager	DEBUG	Registering shutdown blocker for &lt;unnamed-provider&gt;
1503401067970	addons.manager	DEBUG	Provider finished startup: &lt;unnamed-provider&gt;
1503401068121	DeferredSave.extensions.json	DEBUG	Write succeeded
1503401068121	addons.xpi-utils	DEBUG	XPI Database saved, setting schema version preference to 19
1503401068121	DeferredSave.extensions.json	DEBUG	Starting timer
1503401068140	addons.repository	DEBUG	No addons.json found.
1503401068140	DeferredSave.addons.json	DEBUG	Save changes
1503401068143	DeferredSave.addons.json	DEBUG	Starting timer
1503401068212	addons.manager	DEBUG	Starting provider: PreviousExperimentProvider
1503401068212	addons.manager	DEBUG	Registering shutdown blocker for PreviousExperimentProvider
1503401068212	addons.manager	DEBUG	Provider finished startup: PreviousExperimentProvider
1503401068214	DeferredSave.extensions.json	DEBUG	Starting write
1503401068216	DeferredSave.addons.json	DEBUG	Starting write
1503401068239	DeferredSave.extensions.json	DEBUG	Write succeeded
1503401068250	DeferredSave.addons.json	DEBUG	Write succeeded
[GPU 11992] WARNING: pipe error: 109: file c:/builds/moz2_slave/m-rel-w64-00000000000000000000/build/src/ipc/chromium/src/chrome/common/ipc_channel_win.cc, line 346
1503401070966	addons.xpi	DEBUG	Calling bootstrap method shutdown on webcompat@mozilla.org version 1.1
1503401070968	addons.xpi	DEBUG	Calling bootstrap method shutdown on screenshots@mozilla.org version 6.6.0
1503401070970	addons.xpi	DEBUG	Calling bootstrap method shutdown on firefox@getpocket.com version 1.0.5
1503401070970	addons.xpi	DEBUG	Calling bootstrap method shutdown on e10srollout@mozilla.org version 1.50
1503401070971	addons.xpi	DEBUG	Calling bootstrap method shutdown on aushelper@mozilla.org version 2.0
[GPU 11992] WARNING: pipe error: 109: file c:/builds/moz2_slave/m-rel-w64-00000000000000000000/build/src/ipc/chromium/src/chrome/common/ipc_channel_win.cc, line 346
[Child 14720] WARNING: pipe error: 109: file c:/builds/moz2_slave/m-rel-w64-00000000000000000000/build/src/ipc/chromium/src/chrome/common/ipc_channel_win.cc, line 346
[Child 14720] WARNING: pipe error: 109: file c:/builds/moz2_slave/m-rel-w64-00000000000000000000/build/src/ipc/chromium/src/chrome/common/ipc_channel_win.cc, line 346
1503401071255	addons.manager	DEBUG	shutdown
1503401071256	addons.manager	DEBUG	Calling shutdown blocker for XPIProvider
1503401071256	addons.xpi	DEBUG	shutdown
1503401071256	addons.xpi-utils	DEBUG	shutdown
1503401071257	addons.manager	DEBUG	Calling shutdown blocker for LightweightThemeManager
1503401071257	addons.manager	DEBUG	Calling shutdown blocker for GMPProvider
1503401071259	addons.manager	DEBUG	Calling shutdown blocker for PluginProvider
1503401071259	addons.manager	DEBUG	Calling shutdown blocker for &lt;unnamed-provider&gt;
1503401071260	addons.manager	DEBUG	Calling shutdown blocker for PreviousExperimentProvider
1503401071262	addons.xpi	DEBUG	Notifying XPI shutdown observers
1503401071265	addons.manager	DEBUG	Async provider shutdown done

Build info: version: &apos;2.53.1&apos;, revision: &apos;a36b8b1cd5757287168e54b817830adce9b0158d&apos;, time: &apos;2016-06-30 19:26:09&apos;
System info: host: &apos;salsalabs7&apos;, ip: &apos;192.168.15.209&apos;, os.name: &apos;Windows 10&apos;, os.arch: &apos;amd64&apos;, os.version: &apos;10.0&apos;, java.version: &apos;1.8.0_111&apos;
Driver info: driver.version: FirefoxDriver
	at org.openqa.selenium.firefox.internal.NewProfileExtensionConnection.start(NewProfileExtensionConnection.java:125)
	at org.openqa.selenium.firefox.FirefoxDriver.startClient(FirefoxDriver.java:271)
	at org.openqa.selenium.remote.RemoteWebDriver.&lt;init&gt;(RemoteWebDriver.java:119)
	at org.openqa.selenium.firefox.FirefoxDriver.&lt;init&gt;(FirefoxDriver.java:216)
	at org.openqa.selenium.firefox.FirefoxDriver.&lt;init&gt;(FirefoxDriver.java:211)
	at org.openqa.selenium.firefox.FirefoxDriver.&lt;init&gt;(FirefoxDriver.java:128)
	at com.salsalabs.ignite.automation.common.config.DriverType$1.getWebDriverObject(DriverType.java:37)
	at com.salsalabs.ignite.automation.common.config.DriverType.instantiateWebDriver(DriverType.java:131)
	at com.salsalabs.ignite.automation.common.config.DriverType.configureDriverBinaryAndInstantiateWebDriver(DriverType.java:155)
	at com.salsalabs.ignite.automation.common.SeleneseTestCase$1.initialValue(SeleneseTestCase.java:106)
	at com.salsalabs.ignite.automation.common.SeleneseTestCase$1.initialValue(SeleneseTestCase.java:1)
	at java.lang.ThreadLocal.setInitialValue(ThreadLocal.java:180)
	at java.lang.ThreadLocal.get(ThreadLocal.java:170)
	at com.salsalabs.ignite.automation.common.SeleneseTestCase.getDriver(SeleneseTestCase.java:97)
	at com.salsalabs.ignite.automation.common.SeleneseTestCase.startTestOnDriver(SeleneseTestCase.java:111)
	at com.salsalabs.ignite.automation.common.SeleneseTestCase.beforeSuite(SeleneseTestCase.java:82)
	at sun.reflect.NativeMethodAccessorImpl.invoke0(Native Method)
	at sun.reflect.NativeMethodAccessorImpl.invoke(NativeMethodAccessorImpl.java:62)
	at sun.reflect.DelegatingMethodAccessorImpl.invoke(DelegatingMethodAccessorImpl.java:43)
	at java.lang.reflect.Method.invoke(Method.java:498)
	at org.testng.internal.MethodInvocationHelper.invokeMethod(MethodInvocationHelper.java:104)
	at org.testng.internal.Invoker.invokeConfigurationMethod(Invoker.java:515)
	at org.testng.internal.Invoker.invokeConfigurations(Invoker.java:217)
	at org.testng.internal.Invoker.invokeConfigurations(Invoker.java:144)
	at org.testng.TestRunner.beforeRun(TestRunner.java:634)
	at org.testng.TestRunner.run(TestRunner.java:602)
	at org.testng.SuiteRunner.runTest(SuiteRunner.java:387)
	at org.testng.SuiteRunner.runSequentially(SuiteRunner.java:382)
	at org.testng.SuiteRunner.privateRun(SuiteRunner.java:340)
	at org.testng.SuiteRunner.run(SuiteRunner.java:289)
	at org.testng.SuiteRunnerWorker.runSuite(SuiteRunnerWorker.java:52)
	at org.testng.SuiteRunnerWorker.run(SuiteRunnerWorker.java:86)
	at org.testng.TestNG.runSuitesSequentially(TestNG.java:1293)
	at org.testng.TestNG.runSuitesLocally(TestNG.java:1218)
	at org.testng.TestNG.runSuites(TestNG.java:1133)
	at org.testng.TestNG.run(TestNG.java:1104)
	at org.testng.remote.AbstractRemoteTestNG.run(AbstractRemoteTestNG.java:132)
	at org.testng.remote.RemoteTestNG.initAndRun(RemoteTestNG.java:236)
	at org.testng.remote.RemoteTestNG.main(RemoteTestNG.java:81)
Caused by: org.openqa.selenium.firefox.NotConnectedException: Unable to connect to host 127.0.0.1 on port 7055 after 45000 ms. Firefox console output:
bcompat@mozilla.org version 1.1
1503401066150	addons.manager	DEBUG	Registering shutdown blocker for XPIProvider
1503401066151	addons.manager	DEBUG	Provider finished startup: XPIProvider
1503401066151	addons.manager	DEBUG	Starting provider: LightweightThemeManager
1503401066151	addons.manager	DEBUG	Registering shutdown blocker for LightweightThemeManager
1503401066151	addons.manager	DEBUG	Provider finished startup: LightweightThemeManager
1503401066151	addons.manager	DEBUG	Starting provider: GMPProvider
1503401066155	addons.manager	DEBUG	Registering shutdown blocker for GMPProvider
1503401066155	addons.manager	DEBUG	Provider finished startup: GMPProvider
1503401066155	addons.manager	DEBUG	Starting provider: PluginProvider
1503401066155	addons.manager	DEBUG	Registering shutdown blocker for PluginProvider
1503401066156	addons.manager	DEBUG	Provider finished startup: PluginProvider
1503401066156	addons.manager	DEBUG	Completed startup sequence
1503401067969	addons.manager	DEBUG	Starting provider: &lt;unnamed-provider&gt;
1503401067969	addons.manager	DEBUG	Registering shutdown blocker for &lt;unnamed-provider&gt;
1503401067970	addons.manager	DEBUG	Provider finished startup: &lt;unnamed-provider&gt;
1503401068121	DeferredSave.extensions.json	DEBUG	Write succeeded
1503401068121	addons.xpi-utils	DEBUG	XPI Database saved, setting schema version preference to 19
1503401068121	DeferredSave.extensions.json	DEBUG	Starting timer
1503401068140	addons.repository	DEBUG	No addons.json found.
1503401068140	DeferredSave.addons.json	DEBUG	Save changes
1503401068143	DeferredSave.addons.json	DEBUG	Starting timer
1503401068212	addons.manager	DEBUG	Starting provider: PreviousExperimentProvider
1503401068212	addons.manager	DEBUG	Registering shutdown blocker for PreviousExperimentProvider
1503401068212	addons.manager	DEBUG	Provider finished startup: PreviousExperimentProvider
1503401068214	DeferredSave.extensions.json	DEBUG	Starting write
1503401068216	DeferredSave.addons.json	DEBUG	Starting write
1503401068239	DeferredSave.extensions.json	DEBUG	Write succeeded
1503401068250	DeferredSave.addons.json	DEBUG	Write succeeded
[GPU 11992] WARNING: pipe error: 109: file c:/builds/moz2_slave/m-rel-w64-00000000000000000000/build/src/ipc/chromium/src/chrome/common/ipc_channel_win.cc, line 346
1503401070966	addons.xpi	DEBUG	Calling bootstrap method shutdown on webcompat@mozilla.org version 1.1
1503401070968	addons.xpi	DEBUG	Calling bootstrap method shutdown on screenshots@mozilla.org version 6.6.0
1503401070970	addons.xpi	DEBUG	Calling bootstrap method shutdown on firefox@getpocket.com version 1.0.5
1503401070970	addons.xpi	DEBUG	Calling bootstrap method shutdown on e10srollout@mozilla.org version 1.50
1503401070971	addons.xpi	DEBUG	Calling bootstrap method shutdown on aushelper@mozilla.org version 2.0
[GPU 11992] WARNING: pipe error: 109: file c:/builds/moz2_slave/m-rel-w64-00000000000000000000/build/src/ipc/chromium/src/chrome/common/ipc_channel_win.cc, line 346
[Child 14720] WARNING: pipe error: 109: file c:/builds/moz2_slave/m-rel-w64-00000000000000000000/build/src/ipc/chromium/src/chrome/common/ipc_channel_win.cc, line 346
[Child 14720] WARNING: pipe error: 109: file c:/builds/moz2_slave/m-rel-w64-00000000000000000000/build/src/ipc/chromium/src/chrome/common/ipc_channel_win.cc, line 346
1503401071255	addons.manager	DEBUG	shutdown
1503401071256	addons.manager	DEBUG	Calling shutdown blocker for XPIProvider
1503401071256	addons.xpi	DEBUG	shutdown
1503401071256	addons.xpi-utils	DEBUG	shutdown
1503401071257	addons.manager	DEBUG	Calling shutdown blocker for LightweightThemeManager
1503401071257	addons.manager	DEBUG	Calling shutdown blocker for GMPProvider
1503401071259	addons.manager	DEBUG	Calling shutdown blocker for PluginProvider
1503401071259	addons.manager	DEBUG	Calling shutdown blocker for &lt;unnamed-provider&gt;
1503401071260	addons.manager	DEBUG	Calling shutdown blocker for PreviousExperimentProvider
1503401071262	addons.xpi	DEBUG	Notifying XPI shutdown observers
1503401071265	addons.manager	DEBUG	Async provider shutdown done

	at org.openqa.selenium.firefox.internal.NewProfileExtensionConnection.start(NewProfileExtensionConnection.java:113)
	... 38 more
</pre></div></td>
<td>0</td>
<td>null</td></tr>
<tr>
<td title='com.salsalabs.ignite.automation.suites.regression.SocialMediaPagesTest.stopTestOnDriver()'><b>stopTestOnDriver</b><br>Test class: com.salsalabs.ignite.automation.suites.regression.SocialMediaPagesTest</td>
<td><div><pre>java.lang.NullPointerException
	at com.salsalabs.ignite.automation.common.SeleneseTestCase.stopTestOnDriver(SeleneseTestCase.java:126)
	at sun.reflect.NativeMethodAccessorImpl.invoke0(Native Method)
	at sun.reflect.NativeMethodAccessorImpl.invoke(NativeMethodAccessorImpl.java:62)
	at sun.reflect.DelegatingMethodAccessorImpl.invoke(DelegatingMethodAccessorImpl.java:43)
	at java.lang.reflect.Method.invoke(Method.java:498)
	at org.testng.internal.MethodInvocationHelper.invokeMethod(MethodInvocationHelper.java:104)
	at org.testng.internal.Invoker.invokeConfigurationMethod(Invoker.java:515)
	at org.testng.internal.Invoker.invokeConfigurations(Invoker.java:217)
	at org.testng.internal.Invoker.invokeConfigurations(Invoker.java:144)
	at org.testng.TestRunner.afterRun(TestRunner.java:983)
	at org.testng.TestRunner.run(TestRunner.java:614)
	at org.testng.SuiteRunner.runTest(SuiteRunner.java:387)
	at org.testng.SuiteRunner.runSequentially(SuiteRunner.java:382)
	at org.testng.SuiteRunner.privateRun(SuiteRunner.java:340)
	at org.testng.SuiteRunner.run(SuiteRunner.java:289)
	at org.testng.SuiteRunnerWorker.runSuite(SuiteRunnerWorker.java:52)
	at org.testng.SuiteRunnerWorker.run(SuiteRunnerWorker.java:86)
	at org.testng.TestNG.runSuitesSequentially(TestNG.java:1293)
	at org.testng.TestNG.runSuitesLocally(TestNG.java:1218)
	at org.testng.TestNG.runSuites(TestNG.java:1133)
	at org.testng.TestNG.run(TestNG.java:1104)
	at org.testng.remote.AbstractRemoteTestNG.run(AbstractRemoteTestNG.java:132)
	at org.testng.remote.RemoteTestNG.initAndRun(RemoteTestNG.java:236)
	at org.testng.remote.RemoteTestNG.main(RemoteTestNG.java:81)
</pre></div><a href='#' onClick='toggleBox("stack-trace1528769018", this, "Click to show all stack frames", "Click to hide stack frames")'>Click to show all stack frames</a>
<div class='stack-trace' id='stack-trace1528769018'><pre>java.lang.NullPointerException
	at com.salsalabs.ignite.automation.common.SeleneseTestCase.stopTestOnDriver(SeleneseTestCase.java:126)
	at sun.reflect.NativeMethodAccessorImpl.invoke0(Native Method)
	at sun.reflect.NativeMethodAccessorImpl.invoke(NativeMethodAccessorImpl.java:62)
	at sun.reflect.DelegatingMethodAccessorImpl.invoke(DelegatingMethodAccessorImpl.java:43)
	at java.lang.reflect.Method.invoke(Method.java:498)
	at org.testng.internal.MethodInvocationHelper.invokeMethod(MethodInvocationHelper.java:104)
	at org.testng.internal.Invoker.invokeConfigurationMethod(Invoker.java:515)
	at org.testng.internal.Invoker.invokeConfigurations(Invoker.java:217)
	at org.testng.internal.Invoker.invokeConfigurations(Invoker.java:144)
	at org.testng.TestRunner.afterRun(TestRunner.java:983)
	at org.testng.TestRunner.run(TestRunner.java:614)
	at org.testng.SuiteRunner.runTest(SuiteRunner.java:387)
	at org.testng.SuiteRunner.runSequentially(SuiteRunner.java:382)
	at org.testng.SuiteRunner.privateRun(SuiteRunner.java:340)
	at org.testng.SuiteRunner.run(SuiteRunner.java:289)
	at org.testng.SuiteRunnerWorker.runSuite(SuiteRunnerWorker.java:52)
	at org.testng.SuiteRunnerWorker.run(SuiteRunnerWorker.java:86)
	at org.testng.TestNG.runSuitesSequentially(TestNG.java:1293)
	at org.testng.TestNG.runSuitesLocally(TestNG.java:1218)
	at org.testng.TestNG.runSuites(TestNG.java:1133)
	at org.testng.TestNG.run(TestNG.java:1104)
	at org.testng.remote.AbstractRemoteTestNG.run(AbstractRemoteTestNG.java:132)
	at org.testng.remote.RemoteTestNG.initAndRun(RemoteTestNG.java:236)
	at org.testng.remote.RemoteTestNG.main(RemoteTestNG.java:81)
</pre></div></td>
<td>0</td>
<td>null</td></tr>
</table><p>
<table width='100%' border='1' class='invocation-skipped'>
<tr><td colspan='4' align='center'><b>SKIPPED TESTS</b></td></tr>
<tr><td><b>Test method</b></td>
<td width="30%"><b>Exception</b></td>
<td width="10%"><b>Time (seconds)</b></td>
<td><b>Instance</b></td>
</tr>
<tr>
<td title='com.salsalabs.ignite.automation.suites.regression.SocialMediaPagesTest.verifySocialMediaPagesInTheFollowUpElement()'><b>verifySocialMediaPagesInTheFollowUpElement</b><br>Test class: com.salsalabs.ignite.automation.suites.regression.SocialMediaPagesTest</td>
<td><div><pre>org.testng.TestNGException: 
Parameter &apos;login&apos; is required by @Test on method verifySocialMediaPagesInTheFollowUpElement but has not been marked @Optional or defined
in C:\Users\k.golovin\AppData\Local\Temp\testng-eclipse-1460262350\testng-customsuite.xml
	at org.testng.internal.Parameters.createParameters(Parameters.java:199)
	at org.testng.internal.Parameters.createParameters(Parameters.java:443)
	at org.testng.internal.Parameters.handleParameters(Parameters.java:568)
	at org.testng.internal.Invoker.handleParameters(Invoker.java:1293)
	at org.testng.internal.Invoker.createParameters(Invoker.java:1020)
	at org.testng.internal.Invoker.invokeTestMethods(Invoker.java:1110)
	at org.testng.internal.TestMethodWorker.invokeTestMethods(TestMethodWorker.java:129)
	at org.testng.internal.TestMethodWorker.run(TestMethodWorker.java:112)
	at org.testng.TestRunner.privateRun(TestRunner.java:756)
	at org.testng.TestRunner.run(TestRunner.java:610)
	at org.testng.SuiteRunner.runTest(SuiteRunner.java:387)
	at org.testng.SuiteRunner.runSequentially(SuiteRunner.java:382)
	at org.testng.SuiteRunner.privateRun(SuiteRunner.java:340)
	at org.testng.SuiteRunner.run(SuiteRunner.java:289)
	at org.testng.SuiteRunnerWorker.runSuite(SuiteRunnerWorker.java:52)
	at org.testng.SuiteRunnerWorker.run(SuiteRunnerWorker.java:86)
	at org.testng.TestNG.runSuitesSequentially(TestNG.java:1293)
	at org.testng.TestNG.runSuitesLocally(TestNG.java:1218)
	at org.testng.TestNG.runSuites(TestNG.java:1133)
	at org.testng.TestNG.run(TestNG.java:1104)
	at org.testng.remote.AbstractRemoteTestNG.run(AbstractRemoteTestNG.java:132)
	at org.testng.remote.RemoteTestNG.initAndRun(RemoteTestNG.java:236)
	at org.testng.remote.RemoteTestNG.main(RemoteTestNG.java:81)
</pre></div><a href='#' onClick='toggleBox("stack-trace712410791", this, "Click to show all stack frames", "Click to hide stack frames")'>Click to show all stack frames</a>
<div class='stack-trace' id='stack-trace712410791'><pre>org.testng.TestNGException: 
Parameter &apos;login&apos; is required by @Test on method verifySocialMediaPagesInTheFollowUpElement but has not been marked @Optional or defined
in C:\Users\k.golovin\AppData\Local\Temp\testng-eclipse-1460262350\testng-customsuite.xml
	at org.testng.internal.Parameters.createParameters(Parameters.java:199)
	at org.testng.internal.Parameters.createParameters(Parameters.java:443)
	at org.testng.internal.Parameters.handleParameters(Parameters.java:568)
	at org.testng.internal.Invoker.handleParameters(Invoker.java:1293)
	at org.testng.internal.Invoker.createParameters(Invoker.java:1020)
	at org.testng.internal.Invoker.invokeTestMethods(Invoker.java:1110)
	at org.testng.internal.TestMethodWorker.invokeTestMethods(TestMethodWorker.java:129)
	at org.testng.internal.TestMethodWorker.run(TestMethodWorker.java:112)
	at org.testng.TestRunner.privateRun(TestRunner.java:756)
	at org.testng.TestRunner.run(TestRunner.java:610)
	at org.testng.SuiteRunner.runTest(SuiteRunner.java:387)
	at org.testng.SuiteRunner.runSequentially(SuiteRunner.java:382)
	at org.testng.SuiteRunner.privateRun(SuiteRunner.java:340)
	at org.testng.SuiteRunner.run(SuiteRunner.java:289)
	at org.testng.SuiteRunnerWorker.runSuite(SuiteRunnerWorker.java:52)
	at org.testng.SuiteRunnerWorker.run(SuiteRunnerWorker.java:86)
	at org.testng.TestNG.runSuitesSequentially(TestNG.java:1293)
	at org.testng.TestNG.runSuitesLocally(TestNG.java:1218)
	at org.testng.TestNG.runSuites(TestNG.java:1133)
	at org.testng.TestNG.run(TestNG.java:1104)
	at org.testng.remote.AbstractRemoteTestNG.run(AbstractRemoteTestNG.java:132)
	at org.testng.remote.RemoteTestNG.initAndRun(RemoteTestNG.java:236)
	at org.testng.remote.RemoteTestNG.main(RemoteTestNG.java:81)
</pre></div></td>
<td>0</td>
<td>com.salsalabs.ignite.automation.suites.regression.SocialMediaPagesTest@4659191b</td></tr>
</table><p>
</body>
</html>