<?xml version="1.0" encoding="UTF-8"?>
<!-- Generated by org.testng.reporters.JUnitXMLReporter -->
<testsuite hostname="echo" name="AcceptanceTests(failed)" tests="10" failures="1" timestamp="16 Jun 2014 20:49:24 GMT" time="267.659" errors="0">
  <testcase name="createOrgTest" time="58.844" classname="tests.BuildAcceptanceTests"/>
  <testcase name="confirmAdminAccountTest" time="74.004" classname="tests.BuildAcceptanceTests">
    <failure type="com.gargoylesoftware.htmlunit.ElementNotFoundException" message="elementName=[Email header] attributeName=[xpath] attributeValue=[//td/descendant::b[text()=&amp;apos;Welcome to Ignite HQ&amp;apos;]]">
      <![CDATA[com.gargoylesoftware.htmlunit.ElementNotFoundException: elementName=[Email header] attributeName=[xpath] attributeValue=[//td/descendant::b[text()='Welcome to Ignite HQ']]
	at objects.Element.click(Element.java:81)
	at objects.Button.click(Button.java:39)
	at pages.Other.Google.openConfirmationPage(Google.java:35)
	at tests.BuildAcceptanceTests.confirmAdminAccountTest(BuildAcceptanceTests.java:64)
... Removed 24 stack frames]]>
    </failure>
  </testcase> <!-- confirmAdminAccountTest -->
  <testcase name="loginAsNewSuperAdminTest" time="0.0" classname="tests.BuildAcceptanceTests">
    <skipped/>
  </testcase> <!-- loginAsNewSuperAdminTest -->
  <testcase name="sendEmailsTest" time="0.0" classname="tests.BuildAcceptanceTests">
    <skipped/>
  </testcase> <!-- sendEmailsTest -->
  <testcase name="sendTestEmailsTest" time="0.0" classname="tests.BuildAcceptanceTests">
    <skipped/>
  </testcase> <!-- sendTestEmailsTest -->
  <testcase name="createCMManually" time="0.0" classname="tests.BuildAcceptanceTests">
    <skipped/>
  </testcase> <!-- createCMManually -->
  <testcase name="confirmEmailsWereSentTest" time="0.0" classname="tests.BuildAcceptanceTests">
    <skipped/>
  </testcase> <!-- confirmEmailsWereSentTest -->
  <testcase name="confirmTestEmailsWereSentTest" time="0.001" classname="tests.BuildAcceptanceTests">
    <skipped/>
  </testcase> <!-- confirmTestEmailsWereSentTest -->
  <testcase name="confirmCMAccountTest" time="0.001" classname="tests.BuildAcceptanceTests">
    <skipped/>
  </testcase> <!-- confirmCMAccountTest -->
  <testcase name="loginAsNewCMTest" time="0.0" classname="tests.BuildAcceptanceTests">
    <skipped/>
  </testcase> <!-- loginAsNewCMTest -->
</testsuite> <!-- AcceptanceTests(failed) -->
