<!DOCTYPE html PUBLIC "-//W3C//DTD XHTML 1.1//EN" "http://www.w3.org/TR/xhtml11/DTD/xhtml11.dtd">
<html xmlns="http://www.w3.org/1999/xhtml"><head><title>TestNG Report</title><style type="text/css">table {margin-bottom:10px;border-collapse:collapse;empty-cells:show}th,td {border:1px solid #009;padding:.25em .5em}th {vertical-align:bottom}td {vertical-align:top}table a {font-weight:bold}.stripe td {background-color: #E6EBF9}.num {text-align:right}.passedodd td {background-color: #3F3}.passedeven td {background-color: #0A0}.skippedodd td {background-color: #DDD}.skippedeven td {background-color: #CCC}.failedodd td,.attn {background-color: #F33}.failedeven td,.stripe .attn {background-color: #D00}.stacktrace {white-space:pre;font-family:monospace}.totop {font-size:85%;text-align:center;border-bottom:2px solid #000}</style></head><body><table><tr><th>Test</th><th># Passed</th><th># Skipped</th><th># Failed</th><th>Time (ms)</th><th>Included Groups</th><th>Excluded Groups</th></tr><tr><th colspan="7">AcceptanceTests</th></tr><tr><td><a href="#t0">AcceptanceTests</a></td><td class="num">9</td><td class="num attn">4</td><td class="num attn">4</td><td class="num">724,481</td><td>dev</td><td></td></tr></table><table><thead><tr><th>Class</th><th>Method</th><th>Start</th><th>Time (ms)</th></tr></thead><tbody><tr><th colspan="4">AcceptanceTests</th></tr></tbody><tbody id="t0"><tr><th colspan="4">AcceptanceTests &#8212; failed</th></tr><tr class="failedeven"><td rowspan="4">tests.BuildAcceptanceTests</td><td><a href="#m0">createCMManually</a></td><td rowspan="1">1404471847071</td><td rowspan="1">5636</td></tr><tr class="failedeven"><td><a href="#m1">creteSegmentTest</a></td><td rowspan="1">1404471868532</td><td rowspan="1">14286</td></tr><tr class="failedeven"><td><a href="#m2">sendTestEmailsTest</a></td><td rowspan="1">1404471675231</td><td rowspan="1">90990</td></tr><tr class="failedeven"><td><a href="#m3">verifyMessagesInNewsTest</a></td><td rowspan="1">1404471499801</td><td rowspan="1">10708</td></tr><tr><th colspan="4">AcceptanceTests &#8212; skipped</th></tr><tr class="skippedeven"><td rowspan="4">tests.BuildAcceptanceTests</td><td><a href="#m4">confirmCMAccountTest</a></td><td rowspan="1">1404471945651</td><td rowspan="1">0</td></tr><tr class="skippedeven"><td><a href="#m5">confirmTestEmailsWereSentTest</a></td><td rowspan="1">1404471899072</td><td rowspan="1">0</td></tr><tr class="skippedeven"><td><a href="#m6">loginAsNewCMTest</a></td><td rowspan="1">1404471971703</td><td rowspan="1">0</td></tr><tr class="skippedeven"><td><a href="#m7">verifyMessagesInAlertsTest</a></td><td rowspan="1">1404471959465</td><td rowspan="1">0</td></tr><tr><th colspan="4">AcceptanceTests &#8212; passed</th></tr><tr class="passedeven"><td rowspan="9">tests.BuildAcceptanceTests</td><td><a href="#m8">confirmAdminAccountTest</a></td><td rowspan="1">1404471410974</td><td rowspan="1">38685</td></tr><tr class="passedeven"><td><a href="#m9">confirmEmailsWereSentTest</a></td><td rowspan="1">1404471910806</td><td rowspan="1">23644</td></tr><tr class="passedeven"><td><a href="#m10">createOrgTest</a></td><td rowspan="1">1404471261535</td><td rowspan="1">54319</td></tr><tr class="passedeven"><td><a href="#m11">createSupporerManually</a></td><td rowspan="1">1404471527529</td><td rowspan="1">109549</td></tr><tr class="passedeven"><td><a href="#m12">loginAsNewSuperAdminTest</a></td><td rowspan="1">1404471458596</td><td rowspan="1">32470</td></tr><tr class="passedeven"><td><a href="#m13">loginWithFailTest</a></td><td rowspan="1">1404471327289</td><td rowspan="1">72023</td></tr><tr class="passedeven"><td><a href="#m14">sendEmailsTest</a></td><td rowspan="1">1404471783901</td><td rowspan="1">52359</td></tr><tr class="passedeven"><td><a href="#m15">verifyLinksInSideBarTest</a></td><td rowspan="1">1404471648326</td><td rowspan="1">557</td></tr><tr class="passedeven"><td><a href="#m16">verifyLinksInToolSetTest</a></td><td rowspan="1">1404471658836</td><td rowspan="1">6015</td></tr></tbody></table><h2>AcceptanceTests</h2><h3 id="m0">tests.BuildAcceptanceTests#createCMManually</h3><table class="result"><tr class="param"><th>Parameter #1</th><th>Parameter #2</th><th>Parameter #3</th><th>Parameter #4</th><th>Parameter #5</th><th>Parameter #6</th><th>Parameter #7</th><th>Parameter #8</th><th>Parameter #9</th></tr><tr class="param stripe"><td>CMFirstNameAuto</td><td>CMLastNameAuto</td><td>Sign-up forms:Publish</td><td>Donation forms:Publish</td><td>Emails and social messages:Publish</td><td>Metrics and reports:Create &amp; Edit</td><td>Supporters and segments:Create &amp; Edit</td><td>Records of all supporter donations:Create &amp; Edit</td><td>Layouts, templates, images and files:Create &amp; Edit</td></tr><tr><th colspan="9">Messages</th></tr><tr><td colspan="9"><div class="messages">Execution failed. New CM account was NOT created<br/>Steps:<br/>Click on Manage page<br/>Click on Manage accounts<br/>Click on Invite new user<br/>&lt;a href=&apos;file:///D:\workspace\Ignite\test-output\createCMManually_20140704140412.png&apos;&gt;Screenshot&lt;/a&gt;</div></td></tr><tr><th colspan="9">Exception</th></tr><tr><td colspan="9"><div class="stacktrace">com.gargoylesoftware.htmlunit.ElementNotFoundException: elementName=[Invite new user] attributeName=[xpath] attributeValue=[//button[text()=&apos;+ invite&apos;]]
	at objects.Element.click(Element.java:81)
	at objects.Button.click(Button.java:39)
	at pages.HQ.Manage.AccountsPage.openInviteNewUserPage(AccountsPage.java:14)
	at tests.BuildAcceptanceTests.createCMManually(BuildAcceptanceTests.java:258)
	at sun.reflect.NativeMethodAccessorImpl.invoke0(Native Method)
	at sun.reflect.NativeMethodAccessorImpl.invoke(NativeMethodAccessorImpl.java:62)
	at sun.reflect.DelegatingMethodAccessorImpl.invoke(DelegatingMethodAccessorImpl.java:43)
	at java.lang.reflect.Method.invoke(Method.java:483)
	at org.testng.internal.MethodInvocationHelper.invokeMethod(MethodInvocationHelper.java:84)
	at org.testng.internal.Invoker.invokeMethod(Invoker.java:714)
	at org.testng.internal.Invoker.invokeTestMethod(Invoker.java:901)
	at org.testng.internal.Invoker.invokeTestMethods(Invoker.java:1231)
	at org.testng.internal.TestMethodWorker.invokeTestMethods(TestMethodWorker.java:127)
	at org.testng.internal.TestMethodWorker.run(TestMethodWorker.java:111)
	at org.testng.TestRunner.privateRun(TestRunner.java:767)
	at org.testng.TestRunner.run(TestRunner.java:617)
	at org.testng.SuiteRunner.runTest(SuiteRunner.java:334)
	at org.testng.SuiteRunner.runSequentially(SuiteRunner.java:329)
	at org.testng.SuiteRunner.privateRun(SuiteRunner.java:291)
	at org.testng.SuiteRunner.run(SuiteRunner.java:240)
	at org.testng.SuiteRunnerWorker.runSuite(SuiteRunnerWorker.java:52)
	at org.testng.SuiteRunnerWorker.run(SuiteRunnerWorker.java:86)
	at org.testng.TestNG.runSuitesSequentially(TestNG.java:1224)
	at org.testng.TestNG.runSuitesLocally(TestNG.java:1149)
	at org.testng.TestNG.run(TestNG.java:1057)
	at org.testng.remote.RemoteTestNG.run(RemoteTestNG.java:111)
	at org.testng.remote.RemoteTestNG.initAndRun(RemoteTestNG.java:204)
	at org.testng.remote.RemoteTestNG.main(RemoteTestNG.java:175)
</div></td></tr></table><p class="totop"><a href="#summary">back to summary</a></p><h3 id="m1">tests.BuildAcceptanceTests#creteSegmentTest</h3><table class="result"><tr class="param"><th>Parameter #1</th><th>Parameter #2</th><th>Parameter #3</th><th>Parameter #4</th><th>Parameter #5</th><th>Parameter #6</th></tr><tr class="param stripe"><td>SegmentName</td><td>AutoTag</td><td>Organize:Email:CONTAINS:mailosaur.in:1</td><td>Organize:City:IS NOT:test:1</td><td>sup</td><td>sup</td></tr><tr><th colspan="6">Messages</th></tr><tr><td colspan="6"><div class="messages">Execution failed. Segment was NOT created.<br/>Steps:<br/>Click on Audience tab<br/>Click on Segments<br/>Click on Add Segment<br/>Type SegmentName20140704140428 in to the Segment name<br/>Type AutoTag in to the Segment tags<br/>Click on Add rule set<br/>Click on Organize item<br/>&lt;a href=&apos;file:///D:\workspace\Ignite\test-output\creteSegmentTest_20140704140443.png&apos;&gt;Screenshot&lt;/a&gt;</div></td></tr><tr><th colspan="6">Exception</th></tr><tr><td colspan="6"><div class="stacktrace">com.gargoylesoftware.htmlunit.ElementNotFoundException: elementName=[Element was not found] attributeName=[xpath] attributeValue=[//div[@class=&apos;ruleSet&apos;]/descendant::div[@class=&apos;row rule ng-scope&apos;][1]/descendant::span[text()=&apos;Choose metric&apos;]]
	at objects.Element.findElementByXpath(Element.java:395)
	at objects.DropDown.selectByLabel(DropDown.java:31)
	at pages.HQ.Segments.SegmentsAddPage.selectChooseMetric(SegmentsAddPage.java:87)
	at pages.HQ.Segments.SegmentsAddPage.addRule(SegmentsAddPage.java:48)
	at pages.HQ.Segments.SegmentsAddPage.createNewSegment(SegmentsAddPage.java:31)
	at tests.BuildAcceptanceTests.creteSegmentTest(BuildAcceptanceTests.java:143)
	at sun.reflect.NativeMethodAccessorImpl.invoke0(Native Method)
	at sun.reflect.NativeMethodAccessorImpl.invoke(NativeMethodAccessorImpl.java:62)
	at sun.reflect.DelegatingMethodAccessorImpl.invoke(DelegatingMethodAccessorImpl.java:43)
	at java.lang.reflect.Method.invoke(Method.java:483)
	at org.testng.internal.MethodInvocationHelper.invokeMethod(MethodInvocationHelper.java:84)
	at org.testng.internal.Invoker.invokeMethod(Invoker.java:714)
	at org.testng.internal.Invoker.invokeTestMethod(Invoker.java:901)
	at org.testng.internal.Invoker.invokeTestMethods(Invoker.java:1231)
	at org.testng.internal.TestMethodWorker.invokeTestMethods(TestMethodWorker.java:127)
	at org.testng.internal.TestMethodWorker.run(TestMethodWorker.java:111)
	at org.testng.TestRunner.privateRun(TestRunner.java:767)
	at org.testng.TestRunner.run(TestRunner.java:617)
	at org.testng.SuiteRunner.runTest(SuiteRunner.java:334)
	at org.testng.SuiteRunner.runSequentially(SuiteRunner.java:329)
	at org.testng.SuiteRunner.privateRun(SuiteRunner.java:291)
	at org.testng.SuiteRunner.run(SuiteRunner.java:240)
	at org.testng.SuiteRunnerWorker.runSuite(SuiteRunnerWorker.java:52)
	at org.testng.SuiteRunnerWorker.run(SuiteRunnerWorker.java:86)
	at org.testng.TestNG.runSuitesSequentially(TestNG.java:1224)
	at org.testng.TestNG.runSuitesLocally(TestNG.java:1149)
	at org.testng.TestNG.run(TestNG.java:1057)
	at org.testng.remote.RemoteTestNG.run(RemoteTestNG.java:111)
	at org.testng.remote.RemoteTestNG.initAndRun(RemoteTestNG.java:204)
	at org.testng.remote.RemoteTestNG.main(RemoteTestNG.java:175)
</div></td></tr></table><p class="totop"><a href="#summary">back to summary</a></p><h3 id="m2">tests.BuildAcceptanceTests#sendTestEmailsTest</h3><table class="result"><tr class="param"><th>Parameter #1</th><th>Parameter #2</th><th>Parameter #3</th></tr><tr class="param stripe"><td>info@salsalabs.com</td><td>50</td><td>2</td></tr><tr><th colspan="3">Messages</th></tr><tr><td colspan="3"><div class="messages">Execution failed. Split emails were NOT sent<br/>Steps:<br/>Click on Activities tab<br/>Click on Email blast<br/>Click on Create email<br/>Type TestV20140704140115 in to the Reference name<br/>Type Descr in to the Description<br/>Click on Choose Audience<br/>Click on Entire list<br/>Click on Newsletter item<br/>Click on Compose<br/>Click on Basiclayout<br/>Click on Add split<br/>Click on Arial, Helvetica, sans-serif item<br/>Type info@salsalabs.com in to the Email from<br/>Click on Add link on the menu<br/>Type http://www.salsalabs.com in to the Input Link<br/>Click on Add link on the popup<br/>Click on Arial, Helvetica, sans-serif item<br/>Type info@salsalabs.com in to the Email from<br/>Click on Add link on the menu<br/>Type http://www.salsalabs.com in to the Input Link<br/>Click on Add link on the popup<br/>Click on Publish<br/>Click on Select time to send<br/>Click on 50% item<br/>Click on Send Now button<br/>&lt;a href=&apos;file:///D:\workspace\Ignite\test-output\sendTestEmailsTest_20140704140246.png&apos;&gt;Screenshot&lt;/a&gt;</div></td></tr><tr><th colspan="3">Exception</th></tr><tr><td colspan="3"><div class="stacktrace">com.gargoylesoftware.htmlunit.ElementNotFoundException: elementName=[Send Now button] attributeName=[xpath] attributeValue=[//button[@id=&apos;btnPublish&apos;]]
	at objects.Element.click(Element.java:81)
	at objects.Button.click(Button.java:39)
	at pages.HQ.Emails.AddEmailsPage_PublishTab.fillAllFieldsAndPublish(AddEmailsPage_PublishTab.java:16)
	at tests.BuildAcceptanceTests.sendTestEmailsTest(BuildAcceptanceTests.java:190)
	at sun.reflect.NativeMethodAccessorImpl.invoke0(Native Method)
	at sun.reflect.NativeMethodAccessorImpl.invoke(NativeMethodAccessorImpl.java:62)
	at sun.reflect.DelegatingMethodAccessorImpl.invoke(DelegatingMethodAccessorImpl.java:43)
	at java.lang.reflect.Method.invoke(Method.java:483)
	at org.testng.internal.MethodInvocationHelper.invokeMethod(MethodInvocationHelper.java:84)
	at org.testng.internal.Invoker.invokeMethod(Invoker.java:714)
	at org.testng.internal.Invoker.invokeTestMethod(Invoker.java:901)
	at org.testng.internal.Invoker.invokeTestMethods(Invoker.java:1231)
	at org.testng.internal.TestMethodWorker.invokeTestMethods(TestMethodWorker.java:127)
	at org.testng.internal.TestMethodWorker.run(TestMethodWorker.java:111)
	at org.testng.TestRunner.privateRun(TestRunner.java:767)
	at org.testng.TestRunner.run(TestRunner.java:617)
	at org.testng.SuiteRunner.runTest(SuiteRunner.java:334)
	at org.testng.SuiteRunner.runSequentially(SuiteRunner.java:329)
	at org.testng.SuiteRunner.privateRun(SuiteRunner.java:291)
	at org.testng.SuiteRunner.run(SuiteRunner.java:240)
	at org.testng.SuiteRunnerWorker.runSuite(SuiteRunnerWorker.java:52)
	at org.testng.SuiteRunnerWorker.run(SuiteRunnerWorker.java:86)
	at org.testng.TestNG.runSuitesSequentially(TestNG.java:1224)
	at org.testng.TestNG.runSuitesLocally(TestNG.java:1149)
	at org.testng.TestNG.run(TestNG.java:1057)
	at org.testng.remote.RemoteTestNG.run(RemoteTestNG.java:111)
	at org.testng.remote.RemoteTestNG.initAndRun(RemoteTestNG.java:204)
	at org.testng.remote.RemoteTestNG.main(RemoteTestNG.java:175)
</div></td></tr></table><p class="totop"><a href="#summary">back to summary</a></p><h3 id="m3">tests.BuildAcceptanceTests#verifyMessagesInNewsTest</h3><table class="result"><tr><th>Messages</th></tr><tr><td><div class="messages">Execution failed. News messages was NOT found.<br/>Steps:<br/>Click on News popup<br/>ErrorHeader is not displayed<br/>Click on Show all<br/>&lt;a href=&apos;file:///D:\workspace\Ignite\test-output\verifyMessagesInNewsTest_20140704135830.png&apos;&gt;Screenshot&lt;/a&gt;</div></td></tr><tr><th>Exception</th></tr><tr><td><div class="stacktrace">com.gargoylesoftware.htmlunit.ElementNotFoundException: elementName=[Show all] attributeName=[xpath] attributeValue=[//a[contains(text(), &apos;See all&apos;) and contains(text(), &apos;messages ...&apos;)]]
	at objects.Element.click(Element.java:81)
	at objects.Button.click(Button.java:39)
	at pages.HQ.NewsPop.openNewsPage(NewsPop.java:18)
	at tests.BuildAcceptanceTests.verifyMessagesInNewsTest(BuildAcceptanceTests.java:171)
	at sun.reflect.NativeMethodAccessorImpl.invoke0(Native Method)
	at sun.reflect.NativeMethodAccessorImpl.invoke(NativeMethodAccessorImpl.java:62)
	at sun.reflect.DelegatingMethodAccessorImpl.invoke(DelegatingMethodAccessorImpl.java:43)
	at java.lang.reflect.Method.invoke(Method.java:483)
	at org.testng.internal.MethodInvocationHelper.invokeMethod(MethodInvocationHelper.java:84)
	at org.testng.internal.Invoker.invokeMethod(Invoker.java:714)
	at org.testng.internal.Invoker.invokeTestMethod(Invoker.java:901)
	at org.testng.internal.Invoker.invokeTestMethods(Invoker.java:1231)
	at org.testng.internal.TestMethodWorker.invokeTestMethods(TestMethodWorker.java:127)
	at org.testng.internal.TestMethodWorker.run(TestMethodWorker.java:111)
	at org.testng.TestRunner.privateRun(TestRunner.java:767)
	at org.testng.TestRunner.run(TestRunner.java:617)
	at org.testng.SuiteRunner.runTest(SuiteRunner.java:334)
	at org.testng.SuiteRunner.runSequentially(SuiteRunner.java:329)
	at org.testng.SuiteRunner.privateRun(SuiteRunner.java:291)
	at org.testng.SuiteRunner.run(SuiteRunner.java:240)
	at org.testng.SuiteRunnerWorker.runSuite(SuiteRunnerWorker.java:52)
	at org.testng.SuiteRunnerWorker.run(SuiteRunnerWorker.java:86)
	at org.testng.TestNG.runSuitesSequentially(TestNG.java:1224)
	at org.testng.TestNG.runSuitesLocally(TestNG.java:1149)
	at org.testng.TestNG.run(TestNG.java:1057)
	at org.testng.remote.RemoteTestNG.run(RemoteTestNG.java:111)
	at org.testng.remote.RemoteTestNG.initAndRun(RemoteTestNG.java:204)
	at org.testng.remote.RemoteTestNG.main(RemoteTestNG.java:175)
</div></td></tr></table><p class="totop"><a href="#summary">back to summary</a></p><h3 id="m4">tests.BuildAcceptanceTests#confirmCMAccountTest</h3><table class="result"></table><p class="totop"><a href="#summary">back to summary</a></p><h3 id="m5">tests.BuildAcceptanceTests#confirmTestEmailsWereSentTest</h3><table class="result"></table><p class="totop"><a href="#summary">back to summary</a></p><h3 id="m6">tests.BuildAcceptanceTests#loginAsNewCMTest</h3><table class="result"></table><p class="totop"><a href="#summary">back to summary</a></p><h3 id="m7">tests.BuildAcceptanceTests#verifyMessagesInAlertsTest</h3><table class="result"></table><p class="totop"><a href="#summary">back to summary</a></p><h3 id="m8">tests.BuildAcceptanceTests#confirmAdminAccountTest</h3><table class="result"><tr class="param"><th>Parameter #1</th><th>Parameter #2</th><th>Parameter #3</th></tr><tr class="param stripe"><td>vavramchuk@salsalabs.com</td><td>AVitalik3124</td><td>!QAZ2wsx</td></tr><tr><th colspan="3">Messages</th></tr><tr><td colspan="3"><div class="messages">New Admin account was confirmed</div></td></tr></table><p class="totop"><a href="#summary">back to summary</a></p><h3 id="m9">tests.BuildAcceptanceTests#confirmEmailsWereSentTest</h3><table class="result"><tr class="param"><th>Parameter #1</th><th>Parameter #2</th></tr><tr class="param stripe"><td>vavramchuk@salsalabs.com</td><td>AVitalik3124</td></tr><tr><th colspan="2">Messages</th></tr><tr><td colspan="2"><div class="messages">Emails were delivered</div></td></tr></table><p class="totop"><a href="#summary">back to summary</a></p><h3 id="m10">tests.BuildAcceptanceTests#createOrgTest</h3><table class="result"><tr class="param"><th>Parameter #1</th><th>Parameter #2</th><th>Parameter #3</th><th>Parameter #4</th><th>Parameter #5</th><th>Parameter #6</th><th>Parameter #7</th><th>Parameter #8</th><th>Parameter #9</th></tr><tr class="param stripe"><td>vavramchuk</td><td>AVitalik3124</td><td>Custom Domain</td><td>AutoTestV2 Org</td><td>AutoTestV descr</td><td>AutoTester</td><td>AutoTesterov</td><td>Active</td><td>Advocacy - content:Asset - data:Communication - content:Fundraising - content:Fundraising - data:Intelligence - data:Organization Administration:Organize - content:Organize - data</td></tr><tr><th colspan="9">Messages</th></tr><tr><td colspan="9"><div class="messages">New org was created</div></td></tr></table><p class="totop"><a href="#summary">back to summary</a></p><h3 id="m11">tests.BuildAcceptanceTests#createSupporerManually</h3><table class="result"><tr class="param"><th>Parameter #1</th></tr><tr class="param stripe"><td>5</td></tr><tr><th>Messages</th></tr><tr><td><div class="messages">Supporter was created</div></td></tr></table><p class="totop"><a href="#summary">back to summary</a></p><h3 id="m12">tests.BuildAcceptanceTests#loginAsNewSuperAdminTest</h3><table class="result"><tr><th>Messages</th></tr><tr><td><div class="messages">New admin can login</div></td></tr></table><p class="totop"><a href="#summary">back to summary</a></p><h3 id="m13">tests.BuildAcceptanceTests#loginWithFailTest</h3><table class="result"><tr class="param"><th>Parameter #1</th><th>Parameter #2</th></tr><tr class="param stripe"><td>:test@ttt.tt:test</td><td>:!QAZ2wsx:test</td></tr><tr><th colspan="2">Messages</th></tr><tr><td colspan="2"><div class="messages">Validation for not valid CM credentials is correct.</div></td></tr></table><p class="totop"><a href="#summary">back to summary</a></p><h3 id="m14">tests.BuildAcceptanceTests#sendEmailsTest</h3><table class="result"><tr class="param"><th>Parameter #1</th></tr><tr class="param stripe"><td>info@salsalabs.com</td></tr><tr><th>Messages</th></tr><tr><td><div class="messages">Emails were sent</div></td></tr></table><p class="totop"><a href="#summary">back to summary</a></p><h3 id="m15">tests.BuildAcceptanceTests#verifyLinksInSideBarTest</h3><table class="result"><tr><th>Messages</th></tr><tr><td><div class="messages">One of link was correct in the Side bar.</div></td></tr></table><p class="totop"><a href="#summary">back to summary</a></p><h3 id="m16">tests.BuildAcceptanceTests#verifyLinksInToolSetTest</h3><table class="result"><tr><th>Messages</th></tr><tr><td><div class="messages">One of link was correct in the Tool set.</div></td></tr></table><p class="totop"><a href="#summary">back to summary</a></p></body></html>