<!DOCTYPE html>

<html>
  <head>
  <title>TestNG reports</title>

    <link type="text/css" href="testng-reports.css" rel="stylesheet" />  
    <script type="text/javascript" src="jquery-1.7.1.min.js"></script>
    <script type="text/javascript" src="testng-reports.js"></script>
    <script type="text/javascript" src="https://www.google.com/jsapi"></script>
    <script type='text/javascript'>
      google.load('visualization', '1', {packages:['table']});
      google.setOnLoadCallback(drawTable);
      var suiteTableInitFunctions = new Array();
      var suiteTableData = new Array();
    </script>
    <!--
      <script type="text/javascript" src="jquery-ui/js/jquery-ui-1.8.16.custom.min.js"></script>
     -->
  </head>

  <body>
    <div class="top-banner-root">
      <span class="top-banner-title-font">Test results</span>
      <br/>
      <span class="top-banner-font-1">1 suite, 4 failed tests</span>
    </div> <!-- top-banner-root -->
    <div class="navigator-root">
      <div class="navigator-suite-header">
        <span>All suites</span>
        <a href="#" class="collapse-all-link" title="Collapse/expand all the suites">
          <img class="collapse-all-icon" src="collapseall.gif">
          </img> <!-- collapse-all-icon -->
        </a> <!-- collapse-all-link -->
      </div> <!-- navigator-suite-header -->
      <div class="suite">
        <div class="rounded-window">
          <div class="suite-header light-rounded-window-top">
            <a href="#" class="navigator-link" panel-name="suite-AcceptanceTests">
              <span class="suite-name border-failed">AcceptanceTests</span>
            </a> <!-- navigator-link -->
          </div> <!-- suite-header light-rounded-window-top -->
          <div class="navigator-suite-content">
            <div class="suite-section-title">
              <span>Info</span>
            </div> <!-- suite-section-title -->
            <div class="suite-section-content">
              <ul>
                <li>
                  <a href="#" class="navigator-link " panel-name="test-xml-AcceptanceTests">
                    <span>D:\workspace\Ignite\XMLTests\Tests\Run_AcceptanceTestsOnDev.xml</span>
                  </a> <!-- navigator-link  -->
                </li>
                <li>
                  <a href="#" class="navigator-link " panel-name="testlist-AcceptanceTests">
                    <span class="test-stats">1 test</span>
                  </a> <!-- navigator-link  -->
                </li>
                <li>
                  <a href="#" class="navigator-link " panel-name="group-AcceptanceTests">
                    <span>4 groups</span>
                  </a> <!-- navigator-link  -->
                </li>
                <li>
                  <a href="#" class="navigator-link " panel-name="times-AcceptanceTests">
                    <span>Times</span>
                  </a> <!-- navigator-link  -->
                </li>
                <li>
                  <a href="#" class="navigator-link " panel-name="reporter-AcceptanceTests">
                    <span>Reporter output</span>
                  </a> <!-- navigator-link  -->
                </li>
                <li>
                  <a href="#" class="navigator-link " panel-name="ignored-methods-AcceptanceTests">
                    <span>Ignored methods</span>
                  </a> <!-- navigator-link  -->
                </li>
                <li>
                  <a href="#" class="navigator-link " panel-name="chronological-AcceptanceTests">
                    <span>Chronological view</span>
                  </a> <!-- navigator-link  -->
                </li>
              </ul>
            </div> <!-- suite-section-content -->
            <div class="result-section">
              <div class="suite-section-title">
                <span>Results</span>
              </div> <!-- suite-section-title -->
              <div class="suite-section-content">
                <ul>
                  <li>
                    <span class="method-stats">17 methods, 4 failed,  4 skipped,  9 passed</span>
                  </li>
                  <li>
                    <span class="method-list-title failed">Failed methods</span>
                    <span class="show-or-hide-methods failed">
                      <a href="#" panel-name="suite-AcceptanceTests" class="hide-methods failed suite-AcceptanceTests"> (hide)</a> <!-- hide-methods failed suite-AcceptanceTests -->
                      <a href="#" panel-name="suite-AcceptanceTests" class="show-methods failed suite-AcceptanceTests"> (show)</a> <!-- show-methods failed suite-AcceptanceTests -->
                    </span>
                    <div class="method-list-content failed suite-AcceptanceTests">
                      <span>
                        <img width="3%" src="failed.png"/>
                        <a href="#" class="method navigator-link" panel-name="suite-AcceptanceTests" title="tests.BuildAcceptanceTests" hash-for-method="createCMManually(CMFirstNameAuto, CMLastNameAuto, Sign-up forms:Publish, Donation forms:Publish, Emails and social me...)">createCMManually(CMFirstNameAuto, CMLastNameAuto, Sign-up forms:Publish, Donation forms:Publish, Emails and social me...)</a> <!-- method navigator-link -->
                      </span>
                      <br/>
                      <span>
                        <img width="3%" src="failed.png"/>
                        <a href="#" class="method navigator-link" panel-name="suite-AcceptanceTests" title="tests.BuildAcceptanceTests" hash-for-method="creteSegmentTest(SegmentName, AutoTag, Organize:Email:CONTAINS:mailosaur.in:1, Organize:City:IS NOT:test:1, sup, sup)">creteSegmentTest(SegmentName, AutoTag, Organize:Email:CONTAINS:mailosaur.in:1, Organize:City:IS NOT:test:1, sup, sup)</a> <!-- method navigator-link -->
                      </span>
                      <br/>
                      <span>
                        <img width="3%" src="failed.png"/>
                        <a href="#" class="method navigator-link" panel-name="suite-AcceptanceTests" title="tests.BuildAcceptanceTests" hash-for-method="sendTestEmailsTest(info@salsalabs.com, 50, 2)">sendTestEmailsTest(info@salsalabs.com, 50, 2)</a> <!-- method navigator-link -->
                      </span>
                      <br/>
                      <span>
                        <img width="3%" src="failed.png"/>
                        <a href="#" class="method navigator-link" panel-name="suite-AcceptanceTests" title="tests.BuildAcceptanceTests" hash-for-method="verifyMessagesInNewsTest">verifyMessagesInNewsTest</a> <!-- method navigator-link -->
                      </span>
                      <br/>
                    </div> <!-- method-list-content failed suite-AcceptanceTests -->
                  </li>
                  <li>
                    <span class="method-list-title skipped">Skipped methods</span>
                    <span class="show-or-hide-methods skipped">
                      <a href="#" panel-name="suite-AcceptanceTests" class="hide-methods skipped suite-AcceptanceTests"> (hide)</a> <!-- hide-methods skipped suite-AcceptanceTests -->
                      <a href="#" panel-name="suite-AcceptanceTests" class="show-methods skipped suite-AcceptanceTests"> (show)</a> <!-- show-methods skipped suite-AcceptanceTests -->
                    </span>
                    <div class="method-list-content skipped suite-AcceptanceTests">
                      <span>
                        <img width="3%" src="skipped.png"/>
                        <a href="#" class="method navigator-link" panel-name="suite-AcceptanceTests" title="tests.BuildAcceptanceTests" hash-for-method="confirmCMAccountTest">confirmCMAccountTest</a> <!-- method navigator-link -->
                      </span>
                      <br/>
                      <span>
                        <img width="3%" src="skipped.png"/>
                        <a href="#" class="method navigator-link" panel-name="suite-AcceptanceTests" title="tests.BuildAcceptanceTests" hash-for-method="confirmTestEmailsWereSentTest">confirmTestEmailsWereSentTest</a> <!-- method navigator-link -->
                      </span>
                      <br/>
                      <span>
                        <img width="3%" src="skipped.png"/>
                        <a href="#" class="method navigator-link" panel-name="suite-AcceptanceTests" title="tests.BuildAcceptanceTests" hash-for-method="loginAsNewCMTest">loginAsNewCMTest</a> <!-- method navigator-link -->
                      </span>
                      <br/>
                      <span>
                        <img width="3%" src="skipped.png"/>
                        <a href="#" class="method navigator-link" panel-name="suite-AcceptanceTests" title="tests.BuildAcceptanceTests" hash-for-method="verifyMessagesInAlertsTest">verifyMessagesInAlertsTest</a> <!-- method navigator-link -->
                      </span>
                      <br/>
                    </div> <!-- method-list-content skipped suite-AcceptanceTests -->
                  </li>
                  <li>
                    <span class="method-list-title passed">Passed methods</span>
                    <span class="show-or-hide-methods passed">
                      <a href="#" panel-name="suite-AcceptanceTests" class="hide-methods passed suite-AcceptanceTests"> (hide)</a> <!-- hide-methods passed suite-AcceptanceTests -->
                      <a href="#" panel-name="suite-AcceptanceTests" class="show-methods passed suite-AcceptanceTests"> (show)</a> <!-- show-methods passed suite-AcceptanceTests -->
                    </span>
                    <div class="method-list-content passed suite-AcceptanceTests">
                      <span>
                        <img width="3%" src="passed.png"/>
                        <a href="#" class="method navigator-link" panel-name="suite-AcceptanceTests" title="tests.BuildAcceptanceTests" hash-for-method="confirmAdminAccountTest(vavramchuk@salsalabs.com, AVitalik3124, !QAZ2wsx)">confirmAdminAccountTest(vavramchuk@salsalabs.com, AVitalik3124, !QAZ2wsx)</a> <!-- method navigator-link -->
                      </span>
                      <br/>
                      <span>
                        <img width="3%" src="passed.png"/>
                        <a href="#" class="method navigator-link" panel-name="suite-AcceptanceTests" title="tests.BuildAcceptanceTests" hash-for-method="confirmEmailsWereSentTest(vavramchuk@salsalabs.com, AVitalik3124)">confirmEmailsWereSentTest(vavramchuk@salsalabs.com, AVitalik3124)</a> <!-- method navigator-link -->
                      </span>
                      <br/>
                      <span>
                        <img width="3%" src="passed.png"/>
                        <a href="#" class="method navigator-link" panel-name="suite-AcceptanceTests" title="tests.BuildAcceptanceTests" hash-for-method="createOrgTest(vavramchuk, AVitalik3124, Custom Domain, AutoTestV2 Org, AutoTestV descr, AutoTester, AutoTesterov, ...)">createOrgTest(vavramchuk, AVitalik3124, Custom Domain, AutoTestV2 Org, AutoTestV descr, AutoTester, AutoTesterov, ...)</a> <!-- method navigator-link -->
                      </span>
                      <br/>
                      <span>
                        <img width="3%" src="passed.png"/>
                        <a href="#" class="method navigator-link" panel-name="suite-AcceptanceTests" title="tests.BuildAcceptanceTests" hash-for-method="createSupporerManually(5)">createSupporerManually(5)</a> <!-- method navigator-link -->
                      </span>
                      <br/>
                      <span>
                        <img width="3%" src="passed.png"/>
                        <a href="#" class="method navigator-link" panel-name="suite-AcceptanceTests" title="tests.BuildAcceptanceTests" hash-for-method="loginAsNewSuperAdminTest">loginAsNewSuperAdminTest</a> <!-- method navigator-link -->
                      </span>
                      <br/>
                      <span>
                        <img width="3%" src="passed.png"/>
                        <a href="#" class="method navigator-link" panel-name="suite-AcceptanceTests" title="tests.BuildAcceptanceTests" hash-for-method="loginWithFailTest(:test@ttt.tt:test, :!QAZ2wsx:test)">loginWithFailTest(:test@ttt.tt:test, :!QAZ2wsx:test)</a> <!-- method navigator-link -->
                      </span>
                      <br/>
                      <span>
                        <img width="3%" src="passed.png"/>
                        <a href="#" class="method navigator-link" panel-name="suite-AcceptanceTests" title="tests.BuildAcceptanceTests" hash-for-method="sendEmailsTest(info@salsalabs.com)">sendEmailsTest(info@salsalabs.com)</a> <!-- method navigator-link -->
                      </span>
                      <br/>
                      <span>
                        <img width="3%" src="passed.png"/>
                        <a href="#" class="method navigator-link" panel-name="suite-AcceptanceTests" title="tests.BuildAcceptanceTests" hash-for-method="verifyLinksInSideBarTest">verifyLinksInSideBarTest</a> <!-- method navigator-link -->
                      </span>
                      <br/>
                      <span>
                        <img width="3%" src="passed.png"/>
                        <a href="#" class="method navigator-link" panel-name="suite-AcceptanceTests" title="tests.BuildAcceptanceTests" hash-for-method="verifyLinksInToolSetTest">verifyLinksInToolSetTest</a> <!-- method navigator-link -->
                      </span>
                      <br/>
                    </div> <!-- method-list-content passed suite-AcceptanceTests -->
                  </li>
                </ul>
              </div> <!-- suite-section-content -->
            </div> <!-- result-section -->
          </div> <!-- navigator-suite-content -->
        </div> <!-- rounded-window -->
      </div> <!-- suite -->
    </div> <!-- navigator-root -->
    <div class="wrapper">
      <div class="main-panel-root">
        <div panel-name="suite-AcceptanceTests" class="panel AcceptanceTests">
          <div class="suite-AcceptanceTests-class-failed">
            <div class="main-panel-header rounded-window-top">
              <img src="failed.png"/>
              <span class="class-name">tests.BuildAcceptanceTests</span>
            </div> <!-- main-panel-header rounded-window-top -->
            <div class="main-panel-content rounded-window-bottom">
              <div class="method">
                <div class="method-content">
                  <a name="createCMManually(CMFirstNameAuto, CMLastNameAuto, Sign-up forms:Publish, Donation forms:Publish, Emails and social me...)">
                  </a> <!-- createCMManually(CMFirstNameAuto, CMLastNameAuto, Sign-up forms:Publish, Donation forms:Publish, Emails and social me...) -->
                  <span class="method-name">createCMManually</span>
                  <span class="parameters">(CMFirstNameAuto, CMLastNameAuto, Sign-up forms:Publish, Donation forms:Publish, Emails and social messages:Publish, Metrics and reports:Create & Edit, Supporters and segments:Create & Edit, Records of all supporter donations:Create & Edit, Layouts, templates, images and files:Create & Edit)</span>
                  <div class="stack-trace">com.gargoylesoftware.htmlunit.ElementNotFoundException: elementName=[Invite new user] attributeName=[xpath] attributeValue=[//button[text()=&apos;+ invite&apos;]]
	at objects.Element.click(Element.java:81)
	at objects.Button.click(Button.java:39)
	at pages.HQ.Manage.AccountsPage.openInviteNewUserPage(AccountsPage.java:14)
	at tests.BuildAcceptanceTests.createCMManually(BuildAcceptanceTests.java:258)
	at sun.reflect.NativeMethodAccessorImpl.invoke0(Native Method)
	at sun.reflect.NativeMethodAccessorImpl.invoke(NativeMethodAccessorImpl.java:62)
	at sun.reflect.DelegatingMethodAccessorImpl.invoke(DelegatingMethodAccessorImpl.java:43)
	at java.lang.reflect.Method.invoke(Method.java:483)
	at org.testng.internal.MethodInvocationHelper.invokeMethod(MethodInvocationHelper.java:84)
	at org.testng.internal.Invoker.invokeMethod(Invoker.java:714)
	at org.testng.internal.Invoker.invokeTestMethod(Invoker.java:901)
	at org.testng.internal.Invoker.invokeTestMethods(Invoker.java:1231)
	at org.testng.internal.TestMethodWorker.invokeTestMethods(TestMethodWorker.java:127)
	at org.testng.internal.TestMethodWorker.run(TestMethodWorker.java:111)
	at org.testng.TestRunner.privateRun(TestRunner.java:767)
	at org.testng.TestRunner.run(TestRunner.java:617)
	at org.testng.SuiteRunner.runTest(SuiteRunner.java:334)
	at org.testng.SuiteRunner.runSequentially(SuiteRunner.java:329)
	at org.testng.SuiteRunner.privateRun(SuiteRunner.java:291)
	at org.testng.SuiteRunner.run(SuiteRunner.java:240)
	at org.testng.SuiteRunnerWorker.runSuite(SuiteRunnerWorker.java:52)
	at org.testng.SuiteRunnerWorker.run(SuiteRunnerWorker.java:86)
	at org.testng.TestNG.runSuitesSequentially(TestNG.java:1224)
	at org.testng.TestNG.runSuitesLocally(TestNG.java:1149)
	at org.testng.TestNG.run(TestNG.java:1057)
	at org.testng.remote.RemoteTestNG.run(RemoteTestNG.java:111)
	at org.testng.remote.RemoteTestNG.initAndRun(RemoteTestNG.java:204)
	at org.testng.remote.RemoteTestNG.main(RemoteTestNG.java:175)

</div> <!-- stack-trace -->
                  <em>
(506:56:New CM account was NOT created)                  </em>
                </div> <!-- method-content -->
              </div> <!-- method -->
              <div class="method">
                <div class="method-content">
                  <a name="creteSegmentTest(SegmentName, AutoTag, Organize:Email:CONTAINS:mailosaur.in:1, Organize:City:IS NOT:test:1, sup, sup)">
                  </a> <!-- creteSegmentTest(SegmentName, AutoTag, Organize:Email:CONTAINS:mailosaur.in:1, Organize:City:IS NOT:test:1, sup, sup) -->
                  <span class="method-name">creteSegmentTest</span>
                  <span class="parameters">(SegmentName, AutoTag, Organize:Email:CONTAINS:mailosaur.in:1, Organize:City:IS NOT:test:1, sup, sup)</span>
                  <div class="stack-trace">com.gargoylesoftware.htmlunit.ElementNotFoundException: elementName=[Element was not found] attributeName=[xpath] attributeValue=[//div[@class=&apos;ruleSet&apos;]/descendant::div[@class=&apos;row rule ng-scope&apos;][1]/descendant::span[text()=&apos;Choose metric&apos;]]
	at objects.Element.findElementByXpath(Element.java:395)
	at objects.DropDown.selectByLabel(DropDown.java:31)
	at pages.HQ.Segments.SegmentsAddPage.selectChooseMetric(SegmentsAddPage.java:87)
	at pages.HQ.Segments.SegmentsAddPage.addRule(SegmentsAddPage.java:48)
	at pages.HQ.Segments.SegmentsAddPage.createNewSegment(SegmentsAddPage.java:31)
	at tests.BuildAcceptanceTests.creteSegmentTest(BuildAcceptanceTests.java:143)
	at sun.reflect.NativeMethodAccessorImpl.invoke0(Native Method)
	at sun.reflect.NativeMethodAccessorImpl.invoke(NativeMethodAccessorImpl.java:62)
	at sun.reflect.DelegatingMethodAccessorImpl.invoke(DelegatingMethodAccessorImpl.java:43)
	at java.lang.reflect.Method.invoke(Method.java:483)
	at org.testng.internal.MethodInvocationHelper.invokeMethod(MethodInvocationHelper.java:84)
	at org.testng.internal.Invoker.invokeMethod(Invoker.java:714)
	at org.testng.internal.Invoker.invokeTestMethod(Invoker.java:901)
	at org.testng.internal.Invoker.invokeTestMethods(Invoker.java:1231)
	at org.testng.internal.TestMethodWorker.invokeTestMethods(TestMethodWorker.java:127)
	at org.testng.internal.TestMethodWorker.run(TestMethodWorker.java:111)
	at org.testng.TestRunner.privateRun(TestRunner.java:767)
	at org.testng.TestRunner.run(TestRunner.java:617)
	at org.testng.SuiteRunner.runTest(SuiteRunner.java:334)
	at org.testng.SuiteRunner.runSequentially(SuiteRunner.java:329)
	at org.testng.SuiteRunner.privateRun(SuiteRunner.java:291)
	at org.testng.SuiteRunner.run(SuiteRunner.java:240)
	at org.testng.SuiteRunnerWorker.runSuite(SuiteRunnerWorker.java:52)
	at org.testng.SuiteRunnerWorker.run(SuiteRunnerWorker.java:86)
	at org.testng.TestNG.runSuitesSequentially(TestNG.java:1224)
	at org.testng.TestNG.runSuitesLocally(TestNG.java:1149)
	at org.testng.TestNG.run(TestNG.java:1057)
	at org.testng.remote.RemoteTestNG.run(RemoteTestNG.java:111)
	at org.testng.remote.RemoteTestNG.initAndRun(RemoteTestNG.java:204)
	at org.testng.remote.RemoteTestNG.main(RemoteTestNG.java:175)

</div> <!-- stack-trace -->
                  <em>
(516:59:Segment was NOT created.)                  </em>
                </div> <!-- method-content -->
              </div> <!-- method -->
              <div class="method">
                <div class="method-content">
                  <a name="sendTestEmailsTest(info@salsalabs.com, 50, 2)">
                  </a> <!-- sendTestEmailsTest(info@salsalabs.com, 50, 2) -->
                  <span class="method-name">sendTestEmailsTest</span>
                  <span class="parameters">(info@salsalabs.com, 50, 2)</span>
                  <div class="stack-trace">com.gargoylesoftware.htmlunit.ElementNotFoundException: elementName=[Send Now button] attributeName=[xpath] attributeValue=[//button[@id=&apos;btnPublish&apos;]]
	at objects.Element.click(Element.java:81)
	at objects.Button.click(Button.java:39)
	at pages.HQ.Emails.AddEmailsPage_PublishTab.fillAllFieldsAndPublish(AddEmailsPage_PublishTab.java:16)
	at tests.BuildAcceptanceTests.sendTestEmailsTest(BuildAcceptanceTests.java:190)
	at sun.reflect.NativeMethodAccessorImpl.invoke0(Native Method)
	at sun.reflect.NativeMethodAccessorImpl.invoke(NativeMethodAccessorImpl.java:62)
	at sun.reflect.DelegatingMethodAccessorImpl.invoke(DelegatingMethodAccessorImpl.java:43)
	at java.lang.reflect.Method.invoke(Method.java:483)
	at org.testng.internal.MethodInvocationHelper.invokeMethod(MethodInvocationHelper.java:84)
	at org.testng.internal.Invoker.invokeMethod(Invoker.java:714)
	at org.testng.internal.Invoker.invokeTestMethod(Invoker.java:901)
	at org.testng.internal.Invoker.invokeTestMethods(Invoker.java:1231)
	at org.testng.internal.TestMethodWorker.invokeTestMethods(TestMethodWorker.java:127)
	at org.testng.internal.TestMethodWorker.run(TestMethodWorker.java:111)
	at org.testng.TestRunner.privateRun(TestRunner.java:767)
	at org.testng.TestRunner.run(TestRunner.java:617)
	at org.testng.SuiteRunner.runTest(SuiteRunner.java:334)
	at org.testng.SuiteRunner.runSequentially(SuiteRunner.java:329)
	at org.testng.SuiteRunner.privateRun(SuiteRunner.java:291)
	at org.testng.SuiteRunner.run(SuiteRunner.java:240)
	at org.testng.SuiteRunnerWorker.runSuite(SuiteRunnerWorker.java:52)
	at org.testng.SuiteRunnerWorker.run(SuiteRunnerWorker.java:86)
	at org.testng.TestNG.runSuitesSequentially(TestNG.java:1224)
	at org.testng.TestNG.runSuitesLocally(TestNG.java:1149)
	at org.testng.TestNG.run(TestNG.java:1057)
	at org.testng.remote.RemoteTestNG.run(RemoteTestNG.java:111)
	at org.testng.remote.RemoteTestNG.initAndRun(RemoteTestNG.java:204)
	at org.testng.remote.RemoteTestNG.main(RemoteTestNG.java:175)

</div> <!-- stack-trace -->
                  <em>
(528:62:Split emails were NOT sent)                  </em>
                </div> <!-- method-content -->
              </div> <!-- method -->
              <div class="method">
                <div class="method-content">
                  <a name="verifyMessagesInNewsTest">
                  </a> <!-- verifyMessagesInNewsTest -->
                  <span class="method-name">verifyMessagesInNewsTest</span>
                  <div class="stack-trace">com.gargoylesoftware.htmlunit.ElementNotFoundException: elementName=[Show all] attributeName=[xpath] attributeValue=[//a[contains(text(), &apos;See all&apos;) and contains(text(), &apos;messages ...&apos;)]]
	at objects.Element.click(Element.java:81)
	at objects.Button.click(Button.java:39)
	at pages.HQ.NewsPop.openNewsPage(NewsPop.java:18)
	at tests.BuildAcceptanceTests.verifyMessagesInNewsTest(BuildAcceptanceTests.java:171)
	at sun.reflect.NativeMethodAccessorImpl.invoke0(Native Method)
	at sun.reflect.NativeMethodAccessorImpl.invoke(NativeMethodAccessorImpl.java:62)
	at sun.reflect.DelegatingMethodAccessorImpl.invoke(DelegatingMethodAccessorImpl.java:43)
	at java.lang.reflect.Method.invoke(Method.java:483)
	at org.testng.internal.MethodInvocationHelper.invokeMethod(MethodInvocationHelper.java:84)
	at org.testng.internal.Invoker.invokeMethod(Invoker.java:714)
	at org.testng.internal.Invoker.invokeTestMethod(Invoker.java:901)
	at org.testng.internal.Invoker.invokeTestMethods(Invoker.java:1231)
	at org.testng.internal.TestMethodWorker.invokeTestMethods(TestMethodWorker.java:127)
	at org.testng.internal.TestMethodWorker.run(TestMethodWorker.java:111)
	at org.testng.TestRunner.privateRun(TestRunner.java:767)
	at org.testng.TestRunner.run(TestRunner.java:617)
	at org.testng.SuiteRunner.runTest(SuiteRunner.java:334)
	at org.testng.SuiteRunner.runSequentially(SuiteRunner.java:329)
	at org.testng.SuiteRunner.privateRun(SuiteRunner.java:291)
	at org.testng.SuiteRunner.run(SuiteRunner.java:240)
	at org.testng.SuiteRunnerWorker.runSuite(SuiteRunnerWorker.java:52)
	at org.testng.SuiteRunnerWorker.run(SuiteRunnerWorker.java:86)
	at org.testng.TestNG.runSuitesSequentially(TestNG.java:1224)
	at org.testng.TestNG.runSuitesLocally(TestNG.java:1149)
	at org.testng.TestNG.run(TestNG.java:1057)
	at org.testng.remote.RemoteTestNG.run(RemoteTestNG.java:111)
	at org.testng.remote.RemoteTestNG.initAndRun(RemoteTestNG.java:204)
	at org.testng.remote.RemoteTestNG.main(RemoteTestNG.java:175)

</div> <!-- stack-trace -->
                  <em>
(521:60:News messages was NOT found.)                  </em>
                </div> <!-- method-content -->
              </div> <!-- method -->
            </div> <!-- main-panel-content rounded-window-bottom -->
          </div> <!-- suite-AcceptanceTests-class-failed -->
          <div class="suite-AcceptanceTests-class-skipped">
            <div class="main-panel-header rounded-window-top">
              <img src="skipped.png"/>
              <span class="class-name">tests.BuildAcceptanceTests</span>
            </div> <!-- main-panel-header rounded-window-top -->
            <div class="main-panel-content rounded-window-bottom">
              <div class="method">
                <div class="method-content">
                  <a name="confirmCMAccountTest">
                  </a> <!-- confirmCMAccountTest -->
                  <span class="method-name">confirmCMAccountTest</span>
                  <em>
(506:56:New CM account was NOT confirmed.)                  </em>
                </div> <!-- method-content -->
              </div> <!-- method -->
              <div class="method">
                <div class="method-content">
                  <a name="confirmTestEmailsWereSentTest">
                  </a> <!-- confirmTestEmailsWereSentTest -->
                  <span class="method-name">confirmTestEmailsWereSentTest</span>
                  <em>
(528:62:Split emails were NOT delivered)                  </em>
                </div> <!-- method-content -->
              </div> <!-- method -->
              <div class="method">
                <div class="method-content">
                  <a name="loginAsNewCMTest">
                  </a> <!-- loginAsNewCMTest -->
                  <span class="method-name">loginAsNewCMTest</span>
                  <em>
(498:54:New CM can NOT login)                  </em>
                </div> <!-- method-content -->
              </div> <!-- method -->
              <div class="method">
                <div class="method-content">
                  <a name="verifyMessagesInAlertsTest">
                  </a> <!-- verifyMessagesInAlertsTest -->
                  <span class="method-name">verifyMessagesInAlertsTest</span>
                  <em>
(521:60:Alert for egment was NOT found.)                  </em>
                </div> <!-- method-content -->
              </div> <!-- method -->
            </div> <!-- main-panel-content rounded-window-bottom -->
          </div> <!-- suite-AcceptanceTests-class-skipped -->
          <div class="suite-AcceptanceTests-class-passed">
            <div class="main-panel-header rounded-window-top">
              <img src="passed.png"/>
              <span class="class-name">tests.BuildAcceptanceTests</span>
            </div> <!-- main-panel-header rounded-window-top -->
            <div class="main-panel-content rounded-window-bottom">
              <div class="method">
                <div class="method-content">
                  <a name="confirmAdminAccountTest(vavramchuk@salsalabs.com, AVitalik3124, !QAZ2wsx)">
                  </a> <!-- confirmAdminAccountTest(vavramchuk@salsalabs.com, AVitalik3124, !QAZ2wsx) -->
                  <span class="method-name">confirmAdminAccountTest</span>
                  <span class="parameters">(vavramchuk@salsalabs.com, AVitalik3124, !QAZ2wsx)</span>
                  <em>
(489:52:New Admin account was NOT confirmed)                  </em>
                </div> <!-- method-content -->
              </div> <!-- method -->
              <div class="method">
                <div class="method-content">
                  <a name="confirmEmailsWereSentTest(vavramchuk@salsalabs.com, AVitalik3124)">
                  </a> <!-- confirmEmailsWereSentTest(vavramchuk@salsalabs.com, AVitalik3124) -->
                  <span class="method-name">confirmEmailsWereSentTest</span>
                  <span class="parameters">(vavramchuk@salsalabs.com, AVitalik3124)</span>
                  <em>
(536:63:Emails were NOT delivered)                  </em>
                </div> <!-- method-content -->
              </div> <!-- method -->
              <div class="method">
                <div class="method-content">
                  <a name="createOrgTest(vavramchuk, AVitalik3124, Custom Domain, AutoTestV2 Org, AutoTestV descr, AutoTester, AutoTesterov, ...)">
                  </a> <!-- createOrgTest(vavramchuk, AVitalik3124, Custom Domain, AutoTestV2 Org, AutoTestV descr, AutoTester, AutoTesterov, ...) -->
                  <span class="method-name">createOrgTest</span>
                  <span class="parameters">(vavramchuk, AVitalik3124, Custom Domain, AutoTestV2 Org, AutoTestV descr, AutoTester, AutoTesterov, Active, Advocacy - content:Asset - data:Communication - content:Fundraising - content:Fundraising - data:Intelligence - data:Organization Administration:Organize - content:Organize - data)</span>
                  <em>
(484:51:New org was NOT created)                  </em>
                </div> <!-- method-content -->
              </div> <!-- method -->
              <div class="method">
                <div class="method-content">
                  <a name="createSupporerManually(5)">
                  </a> <!-- createSupporerManually(5) -->
                  <span class="method-name">createSupporerManually</span>
                  <span class="parameters">(5)</span>
                  <em>
(494:53:Supporter was NOT created)                  </em>
                </div> <!-- method-content -->
              </div> <!-- method -->
              <div class="method">
                <div class="method-content">
                  <a name="loginAsNewSuperAdminTest">
                  </a> <!-- loginAsNewSuperAdminTest -->
                  <span class="method-name">loginAsNewSuperAdminTest</span>
                  <em>
(489:52:New admin can NOT login)                  </em>
                </div> <!-- method-content -->
              </div> <!-- method -->
              <div class="method">
                <div class="method-content">
                  <a name="loginWithFailTest(:test@ttt.tt:test, :!QAZ2wsx:test)">
                  </a> <!-- loginWithFailTest(:test@ttt.tt:test, :!QAZ2wsx:test) -->
                  <span class="method-name">loginWithFailTest</span>
                  <span class="parameters">(:test@ttt.tt:test, :!QAZ2wsx:test)</span>
                  <em>
(502:55:Validation for not valid CM credentials is NOT correct.)                  </em>
                </div> <!-- method-content -->
              </div> <!-- method -->
              <div class="method">
                <div class="method-content">
                  <a name="sendEmailsTest(info@salsalabs.com)">
                  </a> <!-- sendEmailsTest(info@salsalabs.com) -->
                  <span class="method-name">sendEmailsTest</span>
                  <span class="parameters">(info@salsalabs.com)</span>
                  <em>
(536:63:Emails were NOT sent)                  </em>
                </div> <!-- method-content -->
              </div> <!-- method -->
              <div class="method">
                <div class="method-content">
                  <a name="verifyLinksInSideBarTest">
                  </a> <!-- verifyLinksInSideBarTest -->
                  <span class="method-name">verifyLinksInSideBarTest</span>
                  <em>
(510:57:One of link was NOT correct in the Side bar.)                  </em>
                </div> <!-- method-content -->
              </div> <!-- method -->
              <div class="method">
                <div class="method-content">
                  <a name="verifyLinksInToolSetTest">
                  </a> <!-- verifyLinksInToolSetTest -->
                  <span class="method-name">verifyLinksInToolSetTest</span>
                  <em>
(513:58:One of link was NOT correct in the Tool set.)                  </em>
                </div> <!-- method-content -->
              </div> <!-- method -->
            </div> <!-- main-panel-content rounded-window-bottom -->
          </div> <!-- suite-AcceptanceTests-class-passed -->
        </div> <!-- panel AcceptanceTests -->
        <div panel-name="test-xml-AcceptanceTests" class="panel">
          <div class="main-panel-header rounded-window-top">
            <span class="header-content">D:\workspace\Ignite\XMLTests\Tests\Run_AcceptanceTestsOnDev.xml</span>
          </div> <!-- main-panel-header rounded-window-top -->
          <div class="main-panel-content rounded-window-bottom">
            <pre>
&lt;?xml version=&quot;1.0&quot; encoding=&quot;UTF-8&quot;?&gt;
&lt;!DOCTYPE suite SYSTEM &quot;http://testng.org/testng-1.0.dtd&quot;&gt;
&lt;suite thread-count=&quot;1&quot; name=&quot;AcceptanceTests&quot;&gt;
  &lt;parameter name=&quot;USED_SERVER&quot; value=&quot;LOCAL&quot;/&gt;
  &lt;parameter name=&quot;USED_ENVIRONMENT&quot; value=&quot;DEV&quot;/&gt;
  &lt;parameter name=&quot;bpath&quot; value=&quot;*firefox&quot;/&gt;
  &lt;listeners&gt;
    &lt;listener class-name=&quot;selenium.MyTestListener&quot;/&gt;
  &lt;/listeners&gt;
  &lt;test verbose=&quot;2&quot; name=&quot;AcceptanceTests&quot;&gt;
    &lt;parameter name=&quot;createOrg.domainType&quot; value=&quot;Custom Domain&quot;/&gt;
    &lt;parameter name=&quot;cm.lastName&quot; value=&quot;CMLastNameAuto&quot;/&gt;
    &lt;parameter name=&quot;addIncludeRule&quot; value=&quot;Organize:Email:CONTAINS:mailosaur.in:1&quot;/&gt;
    &lt;parameter name=&quot;criteriaForExcludeSupporterManually&quot; value=&quot;sup&quot;/&gt;
    &lt;parameter name=&quot;createOrg.firstName&quot; value=&quot;AutoTester&quot;/&gt;
    &lt;parameter name=&quot;fail.password&quot; value=&quot;:!QAZ2wsx:test&quot;/&gt;
    &lt;parameter name=&quot;fail.login&quot; value=&quot;:test@ttt.tt:test&quot;/&gt;
    &lt;parameter name=&quot;sendEmail.splitsAmount&quot; value=&quot;2&quot;/&gt;
    &lt;parameter name=&quot;createOrg.orgName&quot; value=&quot;AutoTestV2 Org&quot;/&gt;
    &lt;parameter name=&quot;cm.dataAndAnalyticsTable.role1&quot; value=&quot;Metrics and reports:Create &amp;amp; Edit&quot;/&gt;
    &lt;parameter name=&quot;cm.dataAndAnalyticsTable.role2&quot; value=&quot;Supporters and segments:Create &amp;amp; Edit&quot;/&gt;
    &lt;parameter name=&quot;createOrg.featureList&quot; value=&quot;Advocacy - content:Asset - data:Communication - content:Fundraising - content:Fundraising - data:Intelligence - data:Organization Administration:Organize - content:Organize - data&quot;/&gt;
    &lt;parameter name=&quot;sendEmail.percentageOfTestGroup&quot; value=&quot;50&quot;/&gt;
    &lt;parameter name=&quot;email.password&quot; value=&quot;AVitalik3124&quot;/&gt;
    &lt;parameter name=&quot;createOrg.lastName&quot; value=&quot;AutoTesterov&quot;/&gt;
    &lt;parameter name=&quot;cm.contentAndMessagingTable.role1&quot; value=&quot;Sign-up forms:Publish&quot;/&gt;
    &lt;parameter name=&quot;admin.password&quot; value=&quot;AVitalik3124&quot;/&gt;
    &lt;parameter name=&quot;cm.contentAndMessagingTable.role2&quot; value=&quot;Donation forms:Publish&quot;/&gt;
    &lt;parameter name=&quot;cm.contentAndMessagingTable.role3&quot; value=&quot;Emails and social messages:Publish&quot;/&gt;
    &lt;parameter name=&quot;email.login&quot; value=&quot;vavramchuk@salsalabs.com&quot;/&gt;
    &lt;parameter name=&quot;segmentTag&quot; value=&quot;AutoTag&quot;/&gt;
    &lt;parameter name=&quot;admin.login&quot; value=&quot;vavramchuk&quot;/&gt;
    &lt;parameter name=&quot;addExcludeRule&quot; value=&quot;Organize:City:IS NOT:test:1&quot;/&gt;
    &lt;parameter name=&quot;sendEmail.From&quot; value=&quot;info@salsalabs.com&quot;/&gt;
    &lt;parameter name=&quot;cm.firstName&quot; value=&quot;CMFirstNameAuto&quot;/&gt;
    &lt;parameter name=&quot;cm.contentAndMessagingTable.role3333&quot; value=&quot;Petitions and Targeted:Publish&quot;/&gt;
    &lt;parameter name=&quot;cm.assetManagementTable.role1&quot; value=&quot;Layouts, templates, images and files:Create &amp;amp; Edit&quot;/&gt;
    &lt;parameter name=&quot;createSupporter.amount&quot; value=&quot;5&quot;/&gt;
    &lt;parameter name=&quot;segmentName&quot; value=&quot;SegmentName&quot;/&gt;
    &lt;parameter name=&quot;cm.dataAndAnalyticsTable.role3&quot; value=&quot;Records of all supporter donations:Create &amp;amp; Edit&quot;/&gt;
    &lt;parameter name=&quot;criteriaForAddSupporterManually&quot; value=&quot;sup&quot;/&gt;
    &lt;parameter name=&quot;createOrg.orgDescrption&quot; value=&quot;AutoTestV descr&quot;/&gt;
    &lt;parameter name=&quot;newuser.password&quot; value=&quot;!QAZ2wsx&quot;/&gt;
    &lt;parameter name=&quot;createOrg.status&quot; value=&quot;Active&quot;/&gt;
    &lt;groups&gt;
      &lt;run&gt;
        &lt;include name=&quot;dev&quot;/&gt;
      &lt;/run&gt;
    &lt;/groups&gt;
    &lt;classes&gt;
      &lt;class name=&quot;tests.BuildAcceptanceTests&quot;/&gt;
    &lt;/classes&gt;
  &lt;/test&gt; &lt;!-- AcceptanceTests --&gt;
&lt;/suite&gt; &lt;!-- AcceptanceTests --&gt;
            </pre>
          </div> <!-- main-panel-content rounded-window-bottom -->
        </div> <!-- panel -->
        <div panel-name="testlist-AcceptanceTests" class="panel">
          <div class="main-panel-header rounded-window-top">
            <span class="header-content">Tests for AcceptanceTests</span>
          </div> <!-- main-panel-header rounded-window-top -->
          <div class="main-panel-content rounded-window-bottom">
            <ul>
              <li>
                <span class="test-name">AcceptanceTests (1 class)</span>
              </li>
            </ul>
          </div> <!-- main-panel-content rounded-window-bottom -->
        </div> <!-- panel -->
        <div panel-name="group-AcceptanceTests" class="panel">
          <div class="main-panel-header rounded-window-top">
            <span class="header-content">Groups for AcceptanceTests</span>
          </div> <!-- main-panel-header rounded-window-top -->
          <div class="main-panel-content rounded-window-bottom">
            <div class="test-group">
              <span class="test-group-name">acceptanceTests.admin</span>
              <br/>
              <div class="method-in-group">
                <span class="method-in-group-name">confirmAdminAccountTest</span>
                <br/>
              </div> <!-- method-in-group -->
              <div class="method-in-group">
                <span class="method-in-group-name">createOrgTest</span>
                <br/>
              </div> <!-- method-in-group -->
            </div> <!-- test-group -->
            <div class="test-group">
              <span class="test-group-name">acceptanceTests.user</span>
              <br/>
              <div class="method-in-group">
                <span class="method-in-group-name">confirmCMAccountTest</span>
                <br/>
              </div> <!-- method-in-group -->
              <div class="method-in-group">
                <span class="method-in-group-name">confirmEmailsWereSentTest</span>
                <br/>
              </div> <!-- method-in-group -->
              <div class="method-in-group">
                <span class="method-in-group-name">confirmTestEmailsWereSentTest</span>
                <br/>
              </div> <!-- method-in-group -->
              <div class="method-in-group">
                <span class="method-in-group-name">createCMManually</span>
                <br/>
              </div> <!-- method-in-group -->
              <div class="method-in-group">
                <span class="method-in-group-name">createSupporerManually</span>
                <br/>
              </div> <!-- method-in-group -->
              <div class="method-in-group">
                <span class="method-in-group-name">creteSegmentTest</span>
                <br/>
              </div> <!-- method-in-group -->
              <div class="method-in-group">
                <span class="method-in-group-name">loginAsNewCMTest</span>
                <br/>
              </div> <!-- method-in-group -->
              <div class="method-in-group">
                <span class="method-in-group-name">loginAsNewSuperAdminTest</span>
                <br/>
              </div> <!-- method-in-group -->
              <div class="method-in-group">
                <span class="method-in-group-name">loginWithFailTest</span>
                <br/>
              </div> <!-- method-in-group -->
              <div class="method-in-group">
                <span class="method-in-group-name">sendEmailsTest</span>
                <br/>
              </div> <!-- method-in-group -->
              <div class="method-in-group">
                <span class="method-in-group-name">sendTestEmailsTest</span>
                <br/>
              </div> <!-- method-in-group -->
              <div class="method-in-group">
                <span class="method-in-group-name">verifyLinksInSideBarTest</span>
                <br/>
              </div> <!-- method-in-group -->
              <div class="method-in-group">
                <span class="method-in-group-name">verifyLinksInToolSetTest</span>
                <br/>
              </div> <!-- method-in-group -->
              <div class="method-in-group">
                <span class="method-in-group-name">verifyMessagesInAlertsTest</span>
                <br/>
              </div> <!-- method-in-group -->
              <div class="method-in-group">
                <span class="method-in-group-name">verifyMessagesInNewsTest</span>
                <br/>
              </div> <!-- method-in-group -->
            </div> <!-- test-group -->
            <div class="test-group">
              <span class="test-group-name">dev</span>
              <br/>
              <div class="method-in-group">
                <span class="method-in-group-name">confirmAdminAccountTest</span>
                <br/>
              </div> <!-- method-in-group -->
              <div class="method-in-group">
                <span class="method-in-group-name">confirmCMAccountTest</span>
                <br/>
              </div> <!-- method-in-group -->
              <div class="method-in-group">
                <span class="method-in-group-name">confirmEmailsWereSentTest</span>
                <br/>
              </div> <!-- method-in-group -->
              <div class="method-in-group">
                <span class="method-in-group-name">confirmTestEmailsWereSentTest</span>
                <br/>
              </div> <!-- method-in-group -->
              <div class="method-in-group">
                <span class="method-in-group-name">createCMManually</span>
                <br/>
              </div> <!-- method-in-group -->
              <div class="method-in-group">
                <span class="method-in-group-name">createOrgTest</span>
                <br/>
              </div> <!-- method-in-group -->
              <div class="method-in-group">
                <span class="method-in-group-name">createSupporerManually</span>
                <br/>
              </div> <!-- method-in-group -->
              <div class="method-in-group">
                <span class="method-in-group-name">creteSegmentTest</span>
                <br/>
              </div> <!-- method-in-group -->
              <div class="method-in-group">
                <span class="method-in-group-name">loginAsNewCMTest</span>
                <br/>
              </div> <!-- method-in-group -->
              <div class="method-in-group">
                <span class="method-in-group-name">loginAsNewSuperAdminTest</span>
                <br/>
              </div> <!-- method-in-group -->
              <div class="method-in-group">
                <span class="method-in-group-name">loginWithFailTest</span>
                <br/>
              </div> <!-- method-in-group -->
              <div class="method-in-group">
                <span class="method-in-group-name">sendEmailsTest</span>
                <br/>
              </div> <!-- method-in-group -->
              <div class="method-in-group">
                <span class="method-in-group-name">sendTestEmailsTest</span>
                <br/>
              </div> <!-- method-in-group -->
              <div class="method-in-group">
                <span class="method-in-group-name">verifyLinksInSideBarTest</span>
                <br/>
              </div> <!-- method-in-group -->
              <div class="method-in-group">
                <span class="method-in-group-name">verifyLinksInToolSetTest</span>
                <br/>
              </div> <!-- method-in-group -->
              <div class="method-in-group">
                <span class="method-in-group-name">verifyMessagesInAlertsTest</span>
                <br/>
              </div> <!-- method-in-group -->
              <div class="method-in-group">
                <span class="method-in-group-name">verifyMessagesInNewsTest</span>
                <br/>
              </div> <!-- method-in-group -->
            </div> <!-- test-group -->
            <div class="test-group">
              <span class="test-group-name">test</span>
              <br/>
              <div class="method-in-group">
                <span class="method-in-group-name">confirmAdminAccountTest</span>
                <br/>
              </div> <!-- method-in-group -->
              <div class="method-in-group">
                <span class="method-in-group-name">createOrgTest</span>
                <br/>
              </div> <!-- method-in-group -->
              <div class="method-in-group">
                <span class="method-in-group-name">loginAsNewSuperAdminTest</span>
                <br/>
              </div> <!-- method-in-group -->
            </div> <!-- test-group -->
          </div> <!-- main-panel-content rounded-window-bottom -->
        </div> <!-- panel -->
        <div panel-name="times-AcceptanceTests" class="panel">
          <div class="main-panel-header rounded-window-top">
            <span class="header-content">Times for AcceptanceTests</span>
          </div> <!-- main-panel-header rounded-window-top -->
          <div class="main-panel-content rounded-window-bottom">
            <div class="times-div">
              <script type="text/javascript">
suiteTableInitFunctions.push('tableData_AcceptanceTests');
function tableData_AcceptanceTests() {
var data = new google.visualization.DataTable();
data.addColumn('number', 'Number');
data.addColumn('string', 'Method');
data.addColumn('string', 'Class');
data.addColumn('number', 'Time (ms)');
data.addRows(17);
data.setCell(0, 0, 0)
data.setCell(0, 1, 'createSupporerManually')
data.setCell(0, 2, 'tests.BuildAcceptanceTests')
data.setCell(0, 3, 109549);
data.setCell(1, 0, 1)
data.setCell(1, 1, 'sendTestEmailsTest')
data.setCell(1, 2, 'tests.BuildAcceptanceTests')
data.setCell(1, 3, 90990);
data.setCell(2, 0, 2)
data.setCell(2, 1, 'loginWithFailTest')
data.setCell(2, 2, 'tests.BuildAcceptanceTests')
data.setCell(2, 3, 72023);
data.setCell(3, 0, 3)
data.setCell(3, 1, 'createOrgTest')
data.setCell(3, 2, 'tests.BuildAcceptanceTests')
data.setCell(3, 3, 54319);
data.setCell(4, 0, 4)
data.setCell(4, 1, 'sendEmailsTest')
data.setCell(4, 2, 'tests.BuildAcceptanceTests')
data.setCell(4, 3, 52359);
data.setCell(5, 0, 5)
data.setCell(5, 1, 'confirmAdminAccountTest')
data.setCell(5, 2, 'tests.BuildAcceptanceTests')
data.setCell(5, 3, 38685);
data.setCell(6, 0, 6)
data.setCell(6, 1, 'loginAsNewSuperAdminTest')
data.setCell(6, 2, 'tests.BuildAcceptanceTests')
data.setCell(6, 3, 32470);
data.setCell(7, 0, 7)
data.setCell(7, 1, 'confirmEmailsWereSentTest')
data.setCell(7, 2, 'tests.BuildAcceptanceTests')
data.setCell(7, 3, 23644);
data.setCell(8, 0, 8)
data.setCell(8, 1, 'creteSegmentTest')
data.setCell(8, 2, 'tests.BuildAcceptanceTests')
data.setCell(8, 3, 14286);
data.setCell(9, 0, 9)
data.setCell(9, 1, 'verifyMessagesInNewsTest')
data.setCell(9, 2, 'tests.BuildAcceptanceTests')
data.setCell(9, 3, 10708);
data.setCell(10, 0, 10)
data.setCell(10, 1, 'verifyLinksInToolSetTest')
data.setCell(10, 2, 'tests.BuildAcceptanceTests')
data.setCell(10, 3, 6015);
data.setCell(11, 0, 11)
data.setCell(11, 1, 'createCMManually')
data.setCell(11, 2, 'tests.BuildAcceptanceTests')
data.setCell(11, 3, 5636);
data.setCell(12, 0, 12)
data.setCell(12, 1, 'verifyLinksInSideBarTest')
data.setCell(12, 2, 'tests.BuildAcceptanceTests')
data.setCell(12, 3, 557);
data.setCell(13, 0, 13)
data.setCell(13, 1, 'loginAsNewCMTest')
data.setCell(13, 2, 'tests.BuildAcceptanceTests')
data.setCell(13, 3, 0);
data.setCell(14, 0, 14)
data.setCell(14, 1, 'confirmCMAccountTest')
data.setCell(14, 2, 'tests.BuildAcceptanceTests')
data.setCell(14, 3, 0);
data.setCell(15, 0, 15)
data.setCell(15, 1, 'confirmTestEmailsWereSentTest')
data.setCell(15, 2, 'tests.BuildAcceptanceTests')
data.setCell(15, 3, 0);
data.setCell(16, 0, 16)
data.setCell(16, 1, 'verifyMessagesInAlertsTest')
data.setCell(16, 2, 'tests.BuildAcceptanceTests')
data.setCell(16, 3, 0);
window.suiteTableData['AcceptanceTests']= { tableData: data, tableDiv: 'times-div-AcceptanceTests'}
return data;
}
              </script>
              <span class="suite-total-time">Total running time: 8 minutes</span>
              <div id="times-div-AcceptanceTests">
              </div> <!-- times-div-AcceptanceTests -->
            </div> <!-- times-div -->
          </div> <!-- main-panel-content rounded-window-bottom -->
        </div> <!-- panel -->
        <div panel-name="reporter-AcceptanceTests" class="panel">
          <div class="main-panel-header rounded-window-top">
            <span class="header-content">Reporter output for AcceptanceTests</span>
          </div> <!-- main-panel-header rounded-window-top -->
          <div class="main-panel-content rounded-window-bottom">
            <div class="reporter-method-div">
              <span class="reporter-method-name">verifyLinksInSideBarTest</span>
              <div class="reporter-method-output-div">
                <span class="reporter-method-output">One of link was correct in the Side bar.</span>
              </div> <!-- reporter-method-output-div -->
            </div> <!-- reporter-method-div -->
            <div class="reporter-method-div">
              <span class="reporter-method-name">verifyLinksInToolSetTest</span>
              <div class="reporter-method-output-div">
                <span class="reporter-method-output">One of link was correct in the Tool set.</span>
              </div> <!-- reporter-method-output-div -->
            </div> <!-- reporter-method-div -->
            <div class="reporter-method-div">
              <span class="reporter-method-name">createSupporerManually(5)</span>
              <div class="reporter-method-output-div">
                <span class="reporter-method-output">Supporter was created</span>
              </div> <!-- reporter-method-output-div -->
            </div> <!-- reporter-method-div -->
            <div class="reporter-method-div">
              <span class="reporter-method-name">sendEmailsTest(info@salsalabs.com)</span>
              <div class="reporter-method-output-div">
                <span class="reporter-method-output">Emails were sent</span>
              </div> <!-- reporter-method-output-div -->
            </div> <!-- reporter-method-div -->
            <div class="reporter-method-div">
              <span class="reporter-method-name">confirmEmailsWereSentTest(vavramchuk@salsalabs.com, AVitalik3124)</span>
              <div class="reporter-method-output-div">
                <span class="reporter-method-output">Emails were delivered</span>
              </div> <!-- reporter-method-output-div -->
            </div> <!-- reporter-method-div -->
            <div class="reporter-method-div">
              <span class="reporter-method-name">createOrgTest(vavramchuk, AVitalik3124, Custom Domain, AutoTestV2 Org, AutoTestV descr, AutoTester, AutoTesterov, ...)</span>
              <div class="reporter-method-output-div">
                <span class="reporter-method-output">New org was created</span>
              </div> <!-- reporter-method-output-div -->
            </div> <!-- reporter-method-div -->
            <div class="reporter-method-div">
              <span class="reporter-method-name">confirmAdminAccountTest(vavramchuk@salsalabs.com, AVitalik3124, !QAZ2wsx)</span>
              <div class="reporter-method-output-div">
                <span class="reporter-method-output">New Admin account was confirmed</span>
              </div> <!-- reporter-method-output-div -->
            </div> <!-- reporter-method-div -->
            <div class="reporter-method-div">
              <span class="reporter-method-name">loginAsNewSuperAdminTest</span>
              <div class="reporter-method-output-div">
                <span class="reporter-method-output">New admin can login</span>
              </div> <!-- reporter-method-output-div -->
            </div> <!-- reporter-method-div -->
            <div class="reporter-method-div">
              <span class="reporter-method-name">loginWithFailTest(:test@ttt.tt:test, :!QAZ2wsx:test)</span>
              <div class="reporter-method-output-div">
                <span class="reporter-method-output">Validation for not valid CM credentials is correct.</span>
              </div> <!-- reporter-method-output-div -->
            </div> <!-- reporter-method-div -->
            <div class="reporter-method-div">
              <span class="reporter-method-name">creteSegmentTest(SegmentName, AutoTag, Organize:Email:CONTAINS:mailosaur.in:1, Organize:City:IS NOT:test:1, sup, sup)</span>
              <div class="reporter-method-output-div">
                <span class="reporter-method-output">Execution failed. Segment was NOT created.</span>
                <span class="reporter-method-output">Steps:</span>
                <span class="reporter-method-output">Click on Audience tab</span>
                <span class="reporter-method-output">Click on Segments</span>
                <span class="reporter-method-output">Click on Add Segment</span>
                <span class="reporter-method-output">Type SegmentName20140704140428 in to the Segment name</span>
                <span class="reporter-method-output">Type AutoTag in to the Segment tags</span>
                <span class="reporter-method-output">Click on Add rule set</span>
                <span class="reporter-method-output">Click on Organize item</span>
                <span class="reporter-method-output"><a href='file:///D:\workspace\Ignite\test-output\creteSegmentTest_20140704140443.png'>Screenshot</a></span>
              </div> <!-- reporter-method-output-div -->
            </div> <!-- reporter-method-div -->
            <div class="reporter-method-div">
              <span class="reporter-method-name">verifyMessagesInNewsTest</span>
              <div class="reporter-method-output-div">
                <span class="reporter-method-output">Execution failed. News messages was NOT found.</span>
                <span class="reporter-method-output">Steps:</span>
                <span class="reporter-method-output">Click on News popup</span>
                <span class="reporter-method-output">ErrorHeader is not displayed</span>
                <span class="reporter-method-output">Click on Show all</span>
                <span class="reporter-method-output"><a href='file:///D:\workspace\Ignite\test-output\verifyMessagesInNewsTest_20140704135830.png'>Screenshot</a></span>
              </div> <!-- reporter-method-output-div -->
            </div> <!-- reporter-method-div -->
            <div class="reporter-method-div">
              <span class="reporter-method-name">createCMManually(CMFirstNameAuto, CMLastNameAuto, Sign-up forms:Publish, Donation forms:Publish, Emails and social me...)</span>
              <div class="reporter-method-output-div">
                <span class="reporter-method-output">Execution failed. New CM account was NOT created</span>
                <span class="reporter-method-output">Steps:</span>
                <span class="reporter-method-output">Click on Manage page</span>
                <span class="reporter-method-output">Click on Manage accounts</span>
                <span class="reporter-method-output">Click on Invite new user</span>
                <span class="reporter-method-output"><a href='file:///D:\workspace\Ignite\test-output\createCMManually_20140704140412.png'>Screenshot</a></span>
              </div> <!-- reporter-method-output-div -->
            </div> <!-- reporter-method-div -->
            <div class="reporter-method-div">
              <span class="reporter-method-name">sendTestEmailsTest(info@salsalabs.com, 50, 2)</span>
              <div class="reporter-method-output-div">
                <span class="reporter-method-output">Execution failed. Split emails were NOT sent</span>
                <span class="reporter-method-output">Steps:</span>
                <span class="reporter-method-output">Click on Activities tab</span>
                <span class="reporter-method-output">Click on Email blast</span>
                <span class="reporter-method-output">Click on Create email</span>
                <span class="reporter-method-output">Type TestV20140704140115 in to the Reference name</span>
                <span class="reporter-method-output">Type Descr in to the Description</span>
                <span class="reporter-method-output">Click on Choose Audience</span>
                <span class="reporter-method-output">Click on Entire list</span>
                <span class="reporter-method-output">Click on Newsletter item</span>
                <span class="reporter-method-output">Click on Compose</span>
                <span class="reporter-method-output">Click on Basiclayout</span>
                <span class="reporter-method-output">Click on Add split</span>
                <span class="reporter-method-output">Click on Arial, Helvetica, sans-serif item</span>
                <span class="reporter-method-output">Type info@salsalabs.com in to the Email from</span>
                <span class="reporter-method-output">Click on Add link on the menu</span>
                <span class="reporter-method-output">Type http://www.salsalabs.com in to the Input Link</span>
                <span class="reporter-method-output">Click on Add link on the popup</span>
                <span class="reporter-method-output">Click on Arial, Helvetica, sans-serif item</span>
                <span class="reporter-method-output">Type info@salsalabs.com in to the Email from</span>
                <span class="reporter-method-output">Click on Add link on the menu</span>
                <span class="reporter-method-output">Type http://www.salsalabs.com in to the Input Link</span>
                <span class="reporter-method-output">Click on Add link on the popup</span>
                <span class="reporter-method-output">Click on Publish</span>
                <span class="reporter-method-output">Click on Select time to send</span>
                <span class="reporter-method-output">Click on 50% item</span>
                <span class="reporter-method-output">Click on Send Now button</span>
                <span class="reporter-method-output"><a href='file:///D:\workspace\Ignite\test-output\sendTestEmailsTest_20140704140246.png'>Screenshot</a></span>
              </div> <!-- reporter-method-output-div -->
            </div> <!-- reporter-method-div -->
          </div> <!-- main-panel-content rounded-window-bottom -->
        </div> <!-- panel -->
        <div panel-name="ignored-methods-AcceptanceTests" class="panel">
          <div class="main-panel-header rounded-window-top">
            <span class="header-content">8 ignored methods</span>
          </div> <!-- main-panel-header rounded-window-top -->
          <div class="main-panel-content rounded-window-bottom">
            <div class="ignored-class-div">
              <span class="ignored-class-name">tests.BuildAcceptanceTests</span>
              <div class="ignored-methods-div">
                <span class="ignored-method-name">confirmTestEmailsWereSentTestAsCM</span>
                <br/>
                <span class="ignored-method-name">confirmEmailsWereSentTestAsCM</span>
                <br/>
                <span class="ignored-method-name">verifyMessagesInAlertsTestAsCM</span>
                <br/>
                <span class="ignored-method-name">sendEmailsTestAsCM</span>
                <br/>
                <span class="ignored-method-name">creteSegmentTestAsCM</span>
                <br/>
                <span class="ignored-method-name">sendTestEmailsTestAsCM</span>
                <br/>
                <span class="ignored-method-name">verifyLinksInSideBarTestAsCM</span>
                <br/>
                <span class="ignored-method-name">verifyMessagesInNewsTestAsCM</span>
                <br/>
              </div> <!-- ignored-methods-div -->
            </div> <!-- ignored-class-div -->
          </div> <!-- main-panel-content rounded-window-bottom -->
        </div> <!-- panel -->
        <div panel-name="chronological-AcceptanceTests" class="panel">
          <div class="main-panel-header rounded-window-top">
            <span class="header-content">Methods in chronological order</span>
          </div> <!-- main-panel-header rounded-window-top -->
          <div class="main-panel-content rounded-window-bottom">
            <div class="chronological-class">
              <div class="chronological-class-name">tests.BuildAcceptanceTests</div> <!-- chronological-class-name -->
              <div class="configuration-suite before">
                <span class="method-name">beforeSuite(*firefox, DEV, LOCAL)</span>
                <span class="method-start">0 ms</span>
              </div> <!-- configuration-suite before -->
              <div class="test-method">
                <span class="method-name">createOrgTest(vavramchuk, AVitalik3124, Custom Domain, AutoTestV2 Org, AutoTestV descr, AutoTester, AutoTesterov, ...)</span>
                <span class="method-start">12963 ms</span>
              </div> <!-- test-method -->
              <div class="test-method">
                <span class="method-name">loginWithFailTest(:test@ttt.tt:test, :!QAZ2wsx:test)</span>
                <span class="method-start">78717 ms</span>
              </div> <!-- test-method -->
              <div class="test-method">
                <span class="method-name">confirmAdminAccountTest(vavramchuk@salsalabs.com, AVitalik3124, !QAZ2wsx)</span>
                <span class="method-start">162402 ms</span>
              </div> <!-- test-method -->
              <div class="test-method">
                <span class="method-name">loginAsNewSuperAdminTest</span>
                <span class="method-start">210024 ms</span>
              </div> <!-- test-method -->
              <div class="test-method">
                <img src="failed.png">
                </img>
                <span class="method-name">verifyMessagesInNewsTest</span>
                <span class="method-start">251229 ms</span>
              </div> <!-- test-method -->
              <div class="test-method">
                <span class="method-name">createSupporerManually(5)</span>
                <span class="method-start">278957 ms</span>
              </div> <!-- test-method -->
              <div class="test-method">
                <span class="method-name">verifyLinksInSideBarTest</span>
                <span class="method-start">399754 ms</span>
              </div> <!-- test-method -->
              <div class="test-method">
                <span class="method-name">verifyLinksInToolSetTest</span>
                <span class="method-start">410264 ms</span>
              </div> <!-- test-method -->
              <div class="test-method">
                <img src="failed.png">
                </img>
                <span class="method-name">sendTestEmailsTest(info@salsalabs.com, 50, 2)</span>
                <span class="method-start">426659 ms</span>
              </div> <!-- test-method -->
              <div class="test-method">
                <span class="method-name">sendEmailsTest(info@salsalabs.com)</span>
                <span class="method-start">535329 ms</span>
              </div> <!-- test-method -->
              <div class="test-method">
                <img src="failed.png">
                </img>
                <span class="method-name">createCMManually(CMFirstNameAuto, CMLastNameAuto, Sign-up forms:Publish, Donation forms:Publish, Emails and social me...)</span>
                <span class="method-start">598499 ms</span>
              </div> <!-- test-method -->
              <div class="test-method">
                <img src="failed.png">
                </img>
                <span class="method-name">creteSegmentTest(SegmentName, AutoTag, Organize:Email:CONTAINS:mailosaur.in:1, Organize:City:IS NOT:test:1, sup, sup)</span>
                <span class="method-start">619960 ms</span>
              </div> <!-- test-method -->
              <div class="test-method">
                <span class="method-name">confirmEmailsWereSentTest(vavramchuk@salsalabs.com, AVitalik3124)</span>
                <span class="method-start">662234 ms</span>
              </div> <!-- test-method -->
              <div class="configuration-suite after">
                <span class="method-name">stopTestOnDriver</span>
                <span class="method-start">737516 ms</span>
              </div> <!-- configuration-suite after -->
          </div> <!-- main-panel-content rounded-window-bottom -->
        </div> <!-- panel -->
      </div> <!-- main-panel-root -->
    </div> <!-- wrapper -->
  </body>
</html>
