<?xml version="1.0" encoding="UTF-8"?>
<testng-results skipped="4" failed="4" total="17" passed="9">
  <reporter-output>
    <line>
      <![CDATA[New org was created]]>
    </line>
    <line>
      <![CDATA[Validation for not valid CM credentials is correct.]]>
    </line>
    <line>
      <![CDATA[New Admin account was confirmed]]>
    </line>
    <line>
      <![CDATA[New admin can login]]>
    </line>
    <line>
      <![CDATA[Execution failed. News messages was NOT found.]]>
    </line>
    <line>
      <![CDATA[Steps:]]>
    </line>
    <line>
      <![CDATA[Click on News popup]]>
    </line>
    <line>
      <![CDATA[ErrorHeader is not displayed]]>
    </line>
    <line>
      <![CDATA[Click on Show all]]>
    </line>
    <line>
      <![CDATA[<a href='file:///D:\workspace\Ignite\test-output\verifyMessagesInNewsTest_20140704135830.png'>Screenshot</a>]]>
    </line>
    <line>
      <![CDATA[Supporter was created]]>
    </line>
    <line>
      <![CDATA[One of link was correct in the Side bar.]]>
    </line>
    <line>
      <![CDATA[One of link was correct in the Tool set.]]>
    </line>
    <line>
      <![CDATA[Execution failed. Split emails were NOT sent]]>
    </line>
    <line>
      <![CDATA[Steps:]]>
    </line>
    <line>
      <![CDATA[Click on Activities tab]]>
    </line>
    <line>
      <![CDATA[Click on Email blast]]>
    </line>
    <line>
      <![CDATA[Click on Create email]]>
    </line>
    <line>
      <![CDATA[Type TestV20140704140115 in to the Reference name]]>
    </line>
    <line>
      <![CDATA[Type Descr in to the Description]]>
    </line>
    <line>
      <![CDATA[Click on Choose Audience]]>
    </line>
    <line>
      <![CDATA[Click on Entire list]]>
    </line>
    <line>
      <![CDATA[Click on Newsletter item]]>
    </line>
    <line>
      <![CDATA[Click on Compose]]>
    </line>
    <line>
      <![CDATA[Click on Basiclayout]]>
    </line>
    <line>
      <![CDATA[Click on Add split]]>
    </line>
    <line>
      <![CDATA[Click on Arial, Helvetica, sans-serif item]]>
    </line>
    <line>
      <![CDATA[Type info@salsalabs.com in to the Email from]]>
    </line>
    <line>
      <![CDATA[Click on Add link on the menu]]>
    </line>
    <line>
      <![CDATA[Type http://www.salsalabs.com in to the Input Link]]>
    </line>
    <line>
      <![CDATA[Click on Add link on the popup]]>
    </line>
    <line>
      <![CDATA[Click on Arial, Helvetica, sans-serif item]]>
    </line>
    <line>
      <![CDATA[Type info@salsalabs.com in to the Email from]]>
    </line>
    <line>
      <![CDATA[Click on Add link on the menu]]>
    </line>
    <line>
      <![CDATA[Type http://www.salsalabs.com in to the Input Link]]>
    </line>
    <line>
      <![CDATA[Click on Add link on the popup]]>
    </line>
    <line>
      <![CDATA[Click on Publish]]>
    </line>
    <line>
      <![CDATA[Click on Select time to send]]>
    </line>
    <line>
      <![CDATA[Click on 50% item]]>
    </line>
    <line>
      <![CDATA[Click on Send Now button]]>
    </line>
    <line>
      <![CDATA[<a href='file:///D:\workspace\Ignite\test-output\sendTestEmailsTest_20140704140246.png'>Screenshot</a>]]>
    </line>
    <line>
      <![CDATA[Emails were sent]]>
    </line>
    <line>
      <![CDATA[Execution failed. New CM account was NOT created]]>
    </line>
    <line>
      <![CDATA[Steps:]]>
    </line>
    <line>
      <![CDATA[Click on Manage page]]>
    </line>
    <line>
      <![CDATA[Click on Manage accounts]]>
    </line>
    <line>
      <![CDATA[Click on Invite new user]]>
    </line>
    <line>
      <![CDATA[<a href='file:///D:\workspace\Ignite\test-output\createCMManually_20140704140412.png'>Screenshot</a>]]>
    </line>
    <line>
      <![CDATA[Execution failed. Segment was NOT created.]]>
    </line>
    <line>
      <![CDATA[Steps:]]>
    </line>
    <line>
      <![CDATA[Click on Audience tab]]>
    </line>
    <line>
      <![CDATA[Click on Segments]]>
    </line>
    <line>
      <![CDATA[Click on Add Segment]]>
    </line>
    <line>
      <![CDATA[Type SegmentName20140704140428 in to the Segment name]]>
    </line>
    <line>
      <![CDATA[Type AutoTag in to the Segment tags]]>
    </line>
    <line>
      <![CDATA[Click on Add rule set]]>
    </line>
    <line>
      <![CDATA[Click on Organize item]]>
    </line>
    <line>
      <![CDATA[<a href='file:///D:\workspace\Ignite\test-output\creteSegmentTest_20140704140443.png'>Screenshot</a>]]>
    </line>
    <line>
      <![CDATA[Emails were delivered]]>
    </line>
  </reporter-output>
  <suite name="AcceptanceTests" duration-ms="724481" started-at="2014-07-04T10:54:21Z" finished-at="2014-07-04T11:06:26Z">
    <groups>
      <group name="dev">
        <method signature="BuildAcceptanceTests.createOrgTest(java.lang.String, java.lang.String, java.lang.String, java.lang.String, java.lang.String, java.lang.String, java.lang.String, java.lang.String, java.lang.String)[pri:0, instance:tests.BuildAcceptanceTests@79b4d0f]" name="createOrgTest" class="tests.BuildAcceptanceTests"/>
        <method signature="BuildAcceptanceTests.confirmAdminAccountTest(java.lang.String, java.lang.String, java.lang.String)[pri:0, instance:tests.BuildAcceptanceTests@79b4d0f]" name="confirmAdminAccountTest" class="tests.BuildAcceptanceTests"/>
        <method signature="BuildAcceptanceTests.loginAsNewSuperAdminTest()[pri:0, instance:tests.BuildAcceptanceTests@79b4d0f]" name="loginAsNewSuperAdminTest" class="tests.BuildAcceptanceTests"/>
        <method signature="BuildAcceptanceTests.createCMManually(java.lang.String, java.lang.String, java.lang.String, java.lang.String, java.lang.String, java.lang.String, java.lang.String, java.lang.String, java.lang.String)[pri:0, instance:tests.BuildAcceptanceTests@79b4d0f]" name="createCMManually" class="tests.BuildAcceptanceTests"/>
        <method signature="BuildAcceptanceTests.confirmCMAccountTest(java.lang.String, java.lang.String, java.lang.String)[pri:0, instance:tests.BuildAcceptanceTests@79b4d0f]" name="confirmCMAccountTest" class="tests.BuildAcceptanceTests"/>
        <method signature="BuildAcceptanceTests.createSupporerManually(java.lang.Integer)[pri:0, instance:tests.BuildAcceptanceTests@79b4d0f]" name="createSupporerManually" class="tests.BuildAcceptanceTests"/>
        <method signature="BuildAcceptanceTests.creteSegmentTest(java.lang.String, java.lang.String, java.lang.String, java.lang.String, java.lang.String, java.lang.String)[pri:0, instance:tests.BuildAcceptanceTests@79b4d0f]" name="creteSegmentTest" class="tests.BuildAcceptanceTests"/>
        <method signature="BuildAcceptanceTests.loginAsNewCMTest()[pri:0, instance:tests.BuildAcceptanceTests@79b4d0f]" name="loginAsNewCMTest" class="tests.BuildAcceptanceTests"/>
        <method signature="BuildAcceptanceTests.loginWithFailTest(java.lang.String, java.lang.String)[pri:0, instance:tests.BuildAcceptanceTests@79b4d0f]" name="loginWithFailTest" class="tests.BuildAcceptanceTests"/>
        <method signature="BuildAcceptanceTests.sendEmailsTest(java.lang.String)[pri:0, instance:tests.BuildAcceptanceTests@79b4d0f]" name="sendEmailsTest" class="tests.BuildAcceptanceTests"/>
        <method signature="BuildAcceptanceTests.confirmEmailsWereSentTest(java.lang.String, java.lang.String)[pri:0, instance:tests.BuildAcceptanceTests@79b4d0f]" name="confirmEmailsWereSentTest" class="tests.BuildAcceptanceTests"/>
        <method signature="BuildAcceptanceTests.sendTestEmailsTest(java.lang.String, java.lang.Integer, int)[pri:0, instance:tests.BuildAcceptanceTests@79b4d0f]" name="sendTestEmailsTest" class="tests.BuildAcceptanceTests"/>
        <method signature="BuildAcceptanceTests.confirmTestEmailsWereSentTest(int)[pri:0, instance:tests.BuildAcceptanceTests@79b4d0f]" name="confirmTestEmailsWereSentTest" class="tests.BuildAcceptanceTests"/>
        <method signature="BuildAcceptanceTests.verifyLinksInSideBarTest()[pri:0, instance:tests.BuildAcceptanceTests@79b4d0f]" name="verifyLinksInSideBarTest" class="tests.BuildAcceptanceTests"/>
        <method signature="BuildAcceptanceTests.verifyLinksInToolSetTest()[pri:0, instance:tests.BuildAcceptanceTests@79b4d0f]" name="verifyLinksInToolSetTest" class="tests.BuildAcceptanceTests"/>
        <method signature="BuildAcceptanceTests.verifyMessagesInAlertsTest()[pri:0, instance:tests.BuildAcceptanceTests@79b4d0f]" name="verifyMessagesInAlertsTest" class="tests.BuildAcceptanceTests"/>
        <method signature="BuildAcceptanceTests.verifyMessagesInNewsTest()[pri:0, instance:tests.BuildAcceptanceTests@79b4d0f]" name="verifyMessagesInNewsTest" class="tests.BuildAcceptanceTests"/>
      </group> <!-- dev -->
      <group name="test">
        <method signature="BuildAcceptanceTests.createOrgTest(java.lang.String, java.lang.String, java.lang.String, java.lang.String, java.lang.String, java.lang.String, java.lang.String, java.lang.String, java.lang.String)[pri:0, instance:tests.BuildAcceptanceTests@79b4d0f]" name="createOrgTest" class="tests.BuildAcceptanceTests"/>
        <method signature="BuildAcceptanceTests.confirmAdminAccountTest(java.lang.String, java.lang.String, java.lang.String)[pri:0, instance:tests.BuildAcceptanceTests@79b4d0f]" name="confirmAdminAccountTest" class="tests.BuildAcceptanceTests"/>
        <method signature="BuildAcceptanceTests.loginAsNewSuperAdminTest()[pri:0, instance:tests.BuildAcceptanceTests@79b4d0f]" name="loginAsNewSuperAdminTest" class="tests.BuildAcceptanceTests"/>
      </group> <!-- test -->
      <group name="acceptanceTests.user">
        <method signature="BuildAcceptanceTests.loginAsNewSuperAdminTest()[pri:0, instance:tests.BuildAcceptanceTests@79b4d0f]" name="loginAsNewSuperAdminTest" class="tests.BuildAcceptanceTests"/>
        <method signature="BuildAcceptanceTests.createCMManually(java.lang.String, java.lang.String, java.lang.String, java.lang.String, java.lang.String, java.lang.String, java.lang.String, java.lang.String, java.lang.String)[pri:0, instance:tests.BuildAcceptanceTests@79b4d0f]" name="createCMManually" class="tests.BuildAcceptanceTests"/>
        <method signature="BuildAcceptanceTests.confirmCMAccountTest(java.lang.String, java.lang.String, java.lang.String)[pri:0, instance:tests.BuildAcceptanceTests@79b4d0f]" name="confirmCMAccountTest" class="tests.BuildAcceptanceTests"/>
        <method signature="BuildAcceptanceTests.createSupporerManually(java.lang.Integer)[pri:0, instance:tests.BuildAcceptanceTests@79b4d0f]" name="createSupporerManually" class="tests.BuildAcceptanceTests"/>
        <method signature="BuildAcceptanceTests.creteSegmentTest(java.lang.String, java.lang.String, java.lang.String, java.lang.String, java.lang.String, java.lang.String)[pri:0, instance:tests.BuildAcceptanceTests@79b4d0f]" name="creteSegmentTest" class="tests.BuildAcceptanceTests"/>
        <method signature="BuildAcceptanceTests.loginAsNewCMTest()[pri:0, instance:tests.BuildAcceptanceTests@79b4d0f]" name="loginAsNewCMTest" class="tests.BuildAcceptanceTests"/>
        <method signature="BuildAcceptanceTests.loginWithFailTest(java.lang.String, java.lang.String)[pri:0, instance:tests.BuildAcceptanceTests@79b4d0f]" name="loginWithFailTest" class="tests.BuildAcceptanceTests"/>
        <method signature="BuildAcceptanceTests.sendEmailsTest(java.lang.String)[pri:0, instance:tests.BuildAcceptanceTests@79b4d0f]" name="sendEmailsTest" class="tests.BuildAcceptanceTests"/>
        <method signature="BuildAcceptanceTests.confirmEmailsWereSentTest(java.lang.String, java.lang.String)[pri:0, instance:tests.BuildAcceptanceTests@79b4d0f]" name="confirmEmailsWereSentTest" class="tests.BuildAcceptanceTests"/>
        <method signature="BuildAcceptanceTests.sendTestEmailsTest(java.lang.String, java.lang.Integer, int)[pri:0, instance:tests.BuildAcceptanceTests@79b4d0f]" name="sendTestEmailsTest" class="tests.BuildAcceptanceTests"/>
        <method signature="BuildAcceptanceTests.confirmTestEmailsWereSentTest(int)[pri:0, instance:tests.BuildAcceptanceTests@79b4d0f]" name="confirmTestEmailsWereSentTest" class="tests.BuildAcceptanceTests"/>
        <method signature="BuildAcceptanceTests.verifyLinksInSideBarTest()[pri:0, instance:tests.BuildAcceptanceTests@79b4d0f]" name="verifyLinksInSideBarTest" class="tests.BuildAcceptanceTests"/>
        <method signature="BuildAcceptanceTests.verifyLinksInToolSetTest()[pri:0, instance:tests.BuildAcceptanceTests@79b4d0f]" name="verifyLinksInToolSetTest" class="tests.BuildAcceptanceTests"/>
        <method signature="BuildAcceptanceTests.verifyMessagesInAlertsTest()[pri:0, instance:tests.BuildAcceptanceTests@79b4d0f]" name="verifyMessagesInAlertsTest" class="tests.BuildAcceptanceTests"/>
        <method signature="BuildAcceptanceTests.verifyMessagesInNewsTest()[pri:0, instance:tests.BuildAcceptanceTests@79b4d0f]" name="verifyMessagesInNewsTest" class="tests.BuildAcceptanceTests"/>
      </group> <!-- acceptanceTests.user -->
      <group name="acceptanceTests.admin">
        <method signature="BuildAcceptanceTests.createOrgTest(java.lang.String, java.lang.String, java.lang.String, java.lang.String, java.lang.String, java.lang.String, java.lang.String, java.lang.String, java.lang.String)[pri:0, instance:tests.BuildAcceptanceTests@79b4d0f]" name="createOrgTest" class="tests.BuildAcceptanceTests"/>
        <method signature="BuildAcceptanceTests.confirmAdminAccountTest(java.lang.String, java.lang.String, java.lang.String)[pri:0, instance:tests.BuildAcceptanceTests@79b4d0f]" name="confirmAdminAccountTest" class="tests.BuildAcceptanceTests"/>
      </group> <!-- acceptanceTests.admin -->
    </groups>
    <test name="AcceptanceTests" duration-ms="724481" started-at="2014-07-04T10:54:21Z" finished-at="2014-07-04T11:06:26Z">
      <class name="tests.BuildAcceptanceTests">
        <test-method status="PASS" signature="beforeSuite(java.lang.String, java.lang.String, java.lang.String)[pri:0, instance:tests.BuildAcceptanceTests@79b4d0f]" name="beforeSuite" is-config="true" duration-ms="12953" started-at="2014-07-04T13:54:08Z" finished-at="2014-07-04T13:54:21Z">
          <params>
            <param index="0">
              <value>
                <![CDATA[*firefox]]>
              </value>
            </param>
            <param index="1">
              <value>
                <![CDATA[DEV]]>
              </value>
            </param>
            <param index="2">
              <value>
                <![CDATA[LOCAL]]>
              </value>
            </param>
          </params>
          <reporter-output>
          </reporter-output>
        </test-method> <!-- beforeSuite -->
        <test-method status="PASS" signature="createOrgTest(java.lang.String, java.lang.String, java.lang.String, java.lang.String, java.lang.String, java.lang.String, java.lang.String, java.lang.String, java.lang.String)[pri:0, instance:tests.BuildAcceptanceTests@79b4d0f]" name="createOrgTest" duration-ms="54319" started-at="2014-07-04T13:54:21Z" description="484:51:New org was NOT created" finished-at="2014-07-04T13:55:15Z">
          <params>
            <param index="0">
              <value>
                <![CDATA[vavramchuk]]>
              </value>
            </param>
            <param index="1">
              <value>
                <![CDATA[AVitalik3124]]>
              </value>
            </param>
            <param index="2">
              <value>
                <![CDATA[Custom Domain]]>
              </value>
            </param>
            <param index="3">
              <value>
                <![CDATA[AutoTestV2 Org]]>
              </value>
            </param>
            <param index="4">
              <value>
                <![CDATA[AutoTestV descr]]>
              </value>
            </param>
            <param index="5">
              <value>
                <![CDATA[AutoTester]]>
              </value>
            </param>
            <param index="6">
              <value>
                <![CDATA[AutoTesterov]]>
              </value>
            </param>
            <param index="7">
              <value>
                <![CDATA[Active]]>
              </value>
            </param>
            <param index="8">
              <value>
                <![CDATA[Advocacy - content:Asset - data:Communication - content:Fundraising - content:Fundraising - data:Intelligence - data:Organization Administration:Organize - content:Organize - data]]>
              </value>
            </param>
          </params>
          <reporter-output>
            <line>
              <![CDATA[New org was created]]>
            </line>
          </reporter-output>
        </test-method> <!-- createOrgTest -->
        <test-method status="PASS" signature="loginWithFailTest(java.lang.String, java.lang.String)[pri:0, instance:tests.BuildAcceptanceTests@79b4d0f]" name="loginWithFailTest" duration-ms="72023" started-at="2014-07-04T13:55:27Z" description="502:55:Validation for not valid CM credentials is NOT correct." finished-at="2014-07-04T13:56:39Z">
          <params>
            <param index="0">
              <value>
                <![CDATA[:test@ttt.tt:test]]>
              </value>
            </param>
            <param index="1">
              <value>
                <![CDATA[:!QAZ2wsx:test]]>
              </value>
            </param>
          </params>
          <reporter-output>
            <line>
              <![CDATA[Validation for not valid CM credentials is correct.]]>
            </line>
          </reporter-output>
        </test-method> <!-- loginWithFailTest -->
        <test-method status="PASS" signature="confirmAdminAccountTest(java.lang.String, java.lang.String, java.lang.String)[pri:0, instance:tests.BuildAcceptanceTests@79b4d0f]" name="confirmAdminAccountTest" duration-ms="38685" started-at="2014-07-04T13:56:50Z" description="489:52:New Admin account was NOT confirmed" depends-on-methods="tests.BuildAcceptanceTests.createOrgTest" finished-at="2014-07-04T13:57:29Z">
          <params>
            <param index="0">
              <value>
                <![CDATA[vavramchuk@salsalabs.com]]>
              </value>
            </param>
            <param index="1">
              <value>
                <![CDATA[AVitalik3124]]>
              </value>
            </param>
            <param index="2">
              <value>
                <![CDATA[!QAZ2wsx]]>
              </value>
            </param>
          </params>
          <reporter-output>
            <line>
              <![CDATA[New Admin account was confirmed]]>
            </line>
          </reporter-output>
        </test-method> <!-- confirmAdminAccountTest -->
        <test-method status="PASS" signature="loginAsNewSuperAdminTest()[pri:0, instance:tests.BuildAcceptanceTests@79b4d0f]" name="loginAsNewSuperAdminTest" duration-ms="32470" started-at="2014-07-04T13:57:38Z" description="489:52:New admin can NOT login" depends-on-methods="tests.BuildAcceptanceTests.confirmAdminAccountTest" finished-at="2014-07-04T13:58:11Z">
          <reporter-output>
            <line>
              <![CDATA[New admin can login]]>
            </line>
          </reporter-output>
        </test-method> <!-- loginAsNewSuperAdminTest -->
        <test-method status="FAIL" signature="verifyMessagesInNewsTest()[pri:0, instance:tests.BuildAcceptanceTests@79b4d0f]" name="verifyMessagesInNewsTest" duration-ms="10708" started-at="2014-07-04T13:58:19Z" description="521:60:News messages was NOT found." depends-on-methods="tests.BuildAcceptanceTests.loginAsNewSuperAdminTest" finished-at="2014-07-04T13:58:30Z">
          <exception class="com.gargoylesoftware.htmlunit.ElementNotFoundException">
            <message>
              <![CDATA[elementName=[Show all] attributeName=[xpath] attributeValue=[//a[contains(text(), 'See all') and contains(text(), 'messages ...')]]]]>
            </message>
            <full-stacktrace>
              <![CDATA[com.gargoylesoftware.htmlunit.ElementNotFoundException: elementName=[Show all] attributeName=[xpath] attributeValue=[//a[contains(text(), 'See all') and contains(text(), 'messages ...')]]
	at objects.Element.click(Element.java:81)
	at objects.Button.click(Button.java:39)
	at pages.HQ.NewsPop.openNewsPage(NewsPop.java:18)
	at tests.BuildAcceptanceTests.verifyMessagesInNewsTest(BuildAcceptanceTests.java:171)
	at sun.reflect.NativeMethodAccessorImpl.invoke0(Native Method)
	at sun.reflect.NativeMethodAccessorImpl.invoke(NativeMethodAccessorImpl.java:62)
	at sun.reflect.DelegatingMethodAccessorImpl.invoke(DelegatingMethodAccessorImpl.java:43)
	at java.lang.reflect.Method.invoke(Method.java:483)
	at org.testng.internal.MethodInvocationHelper.invokeMethod(MethodInvocationHelper.java:84)
	at org.testng.internal.Invoker.invokeMethod(Invoker.java:714)
	at org.testng.internal.Invoker.invokeTestMethod(Invoker.java:901)
	at org.testng.internal.Invoker.invokeTestMethods(Invoker.java:1231)
	at org.testng.internal.TestMethodWorker.invokeTestMethods(TestMethodWorker.java:127)
	at org.testng.internal.TestMethodWorker.run(TestMethodWorker.java:111)
	at org.testng.TestRunner.privateRun(TestRunner.java:767)
	at org.testng.TestRunner.run(TestRunner.java:617)
	at org.testng.SuiteRunner.runTest(SuiteRunner.java:334)
	at org.testng.SuiteRunner.runSequentially(SuiteRunner.java:329)
	at org.testng.SuiteRunner.privateRun(SuiteRunner.java:291)
	at org.testng.SuiteRunner.run(SuiteRunner.java:240)
	at org.testng.SuiteRunnerWorker.runSuite(SuiteRunnerWorker.java:52)
	at org.testng.SuiteRunnerWorker.run(SuiteRunnerWorker.java:86)
	at org.testng.TestNG.runSuitesSequentially(TestNG.java:1224)
	at org.testng.TestNG.runSuitesLocally(TestNG.java:1149)
	at org.testng.TestNG.run(TestNG.java:1057)
	at org.testng.remote.RemoteTestNG.run(RemoteTestNG.java:111)
	at org.testng.remote.RemoteTestNG.initAndRun(RemoteTestNG.java:204)
	at org.testng.remote.RemoteTestNG.main(RemoteTestNG.java:175)
]]>
            </full-stacktrace>
          </exception> <!-- com.gargoylesoftware.htmlunit.ElementNotFoundException -->
          <reporter-output>
            <line>
              <![CDATA[Execution failed. News messages was NOT found.]]>
            </line>
            <line>
              <![CDATA[Steps:]]>
            </line>
            <line>
              <![CDATA[Click on News popup]]>
            </line>
            <line>
              <![CDATA[ErrorHeader is not displayed]]>
            </line>
            <line>
              <![CDATA[Click on Show all]]>
            </line>
            <line>
              <![CDATA[<a href='file:///D:\workspace\Ignite\test-output\verifyMessagesInNewsTest_20140704135830.png'>Screenshot</a>]]>
            </line>
          </reporter-output>
        </test-method> <!-- verifyMessagesInNewsTest -->
        <test-method status="PASS" signature="createSupporerManually(java.lang.Integer)[pri:0, instance:tests.BuildAcceptanceTests@79b4d0f]" name="createSupporerManually" duration-ms="109549" started-at="2014-07-04T13:58:47Z" description="494:53:Supporter was NOT created" depends-on-methods="tests.BuildAcceptanceTests.loginAsNewSuperAdminTest" finished-at="2014-07-04T14:00:37Z">
          <params>
            <param index="0">
              <value>
                <![CDATA[5]]>
              </value>
            </param>
          </params>
          <reporter-output>
            <line>
              <![CDATA[Supporter was created]]>
            </line>
          </reporter-output>
        </test-method> <!-- createSupporerManually -->
        <test-method status="PASS" signature="verifyLinksInSideBarTest()[pri:0, instance:tests.BuildAcceptanceTests@79b4d0f]" name="verifyLinksInSideBarTest" duration-ms="557" started-at="2014-07-04T14:00:48Z" description="510:57:One of link was NOT correct in the Side bar." depends-on-methods="tests.BuildAcceptanceTests.loginAsNewSuperAdminTest" finished-at="2014-07-04T14:00:48Z">
          <reporter-output>
            <line>
              <![CDATA[One of link was correct in the Side bar.]]>
            </line>
          </reporter-output>
        </test-method> <!-- verifyLinksInSideBarTest -->
        <test-method status="PASS" signature="verifyLinksInToolSetTest()[pri:0, instance:tests.BuildAcceptanceTests@79b4d0f]" name="verifyLinksInToolSetTest" duration-ms="6015" started-at="2014-07-04T14:00:58Z" description="513:58:One of link was NOT correct in the Tool set." depends-on-methods="tests.BuildAcceptanceTests.loginAsNewSuperAdminTest" finished-at="2014-07-04T14:01:04Z">
          <reporter-output>
            <line>
              <![CDATA[One of link was correct in the Tool set.]]>
            </line>
          </reporter-output>
        </test-method> <!-- verifyLinksInToolSetTest -->
        <test-method status="FAIL" signature="sendTestEmailsTest(java.lang.String, java.lang.Integer, int)[pri:0, instance:tests.BuildAcceptanceTests@79b4d0f]" name="sendTestEmailsTest" duration-ms="90990" started-at="2014-07-04T14:01:15Z" description="528:62:Split emails were NOT sent" depends-on-methods="tests.BuildAcceptanceTests.loginAsNewSuperAdminTest" finished-at="2014-07-04T14:02:46Z">
          <params>
            <param index="0">
              <value>
                <![CDATA[info@salsalabs.com]]>
              </value>
            </param>
            <param index="1">
              <value>
                <![CDATA[50]]>
              </value>
            </param>
            <param index="2">
              <value>
                <![CDATA[2]]>
              </value>
            </param>
          </params>
          <exception class="com.gargoylesoftware.htmlunit.ElementNotFoundException">
            <message>
              <![CDATA[elementName=[Send Now button] attributeName=[xpath] attributeValue=[//button[@id='btnPublish']]]]>
            </message>
            <full-stacktrace>
              <![CDATA[com.gargoylesoftware.htmlunit.ElementNotFoundException: elementName=[Send Now button] attributeName=[xpath] attributeValue=[//button[@id='btnPublish']]
	at objects.Element.click(Element.java:81)
	at objects.Button.click(Button.java:39)
	at pages.HQ.Emails.AddEmailsPage_PublishTab.fillAllFieldsAndPublish(AddEmailsPage_PublishTab.java:16)
	at tests.BuildAcceptanceTests.sendTestEmailsTest(BuildAcceptanceTests.java:190)
	at sun.reflect.NativeMethodAccessorImpl.invoke0(Native Method)
	at sun.reflect.NativeMethodAccessorImpl.invoke(NativeMethodAccessorImpl.java:62)
	at sun.reflect.DelegatingMethodAccessorImpl.invoke(DelegatingMethodAccessorImpl.java:43)
	at java.lang.reflect.Method.invoke(Method.java:483)
	at org.testng.internal.MethodInvocationHelper.invokeMethod(MethodInvocationHelper.java:84)
	at org.testng.internal.Invoker.invokeMethod(Invoker.java:714)
	at org.testng.internal.Invoker.invokeTestMethod(Invoker.java:901)
	at org.testng.internal.Invoker.invokeTestMethods(Invoker.java:1231)
	at org.testng.internal.TestMethodWorker.invokeTestMethods(TestMethodWorker.java:127)
	at org.testng.internal.TestMethodWorker.run(TestMethodWorker.java:111)
	at org.testng.TestRunner.privateRun(TestRunner.java:767)
	at org.testng.TestRunner.run(TestRunner.java:617)
	at org.testng.SuiteRunner.runTest(SuiteRunner.java:334)
	at org.testng.SuiteRunner.runSequentially(SuiteRunner.java:329)
	at org.testng.SuiteRunner.privateRun(SuiteRunner.java:291)
	at org.testng.SuiteRunner.run(SuiteRunner.java:240)
	at org.testng.SuiteRunnerWorker.runSuite(SuiteRunnerWorker.java:52)
	at org.testng.SuiteRunnerWorker.run(SuiteRunnerWorker.java:86)
	at org.testng.TestNG.runSuitesSequentially(TestNG.java:1224)
	at org.testng.TestNG.runSuitesLocally(TestNG.java:1149)
	at org.testng.TestNG.run(TestNG.java:1057)
	at org.testng.remote.RemoteTestNG.run(RemoteTestNG.java:111)
	at org.testng.remote.RemoteTestNG.initAndRun(RemoteTestNG.java:204)
	at org.testng.remote.RemoteTestNG.main(RemoteTestNG.java:175)
]]>
            </full-stacktrace>
          </exception> <!-- com.gargoylesoftware.htmlunit.ElementNotFoundException -->
          <reporter-output>
            <line>
              <![CDATA[Execution failed. Split emails were NOT sent]]>
            </line>
            <line>
              <![CDATA[Steps:]]>
            </line>
            <line>
              <![CDATA[Click on Activities tab]]>
            </line>
            <line>
              <![CDATA[Click on Email blast]]>
            </line>
            <line>
              <![CDATA[Click on Create email]]>
            </line>
            <line>
              <![CDATA[Type TestV20140704140115 in to the Reference name]]>
            </line>
            <line>
              <![CDATA[Type Descr in to the Description]]>
            </line>
            <line>
              <![CDATA[Click on Choose Audience]]>
            </line>
            <line>
              <![CDATA[Click on Entire list]]>
            </line>
            <line>
              <![CDATA[Click on Newsletter item]]>
            </line>
            <line>
              <![CDATA[Click on Compose]]>
            </line>
            <line>
              <![CDATA[Click on Basiclayout]]>
            </line>
            <line>
              <![CDATA[Click on Add split]]>
            </line>
            <line>
              <![CDATA[Click on Arial, Helvetica, sans-serif item]]>
            </line>
            <line>
              <![CDATA[Type info@salsalabs.com in to the Email from]]>
            </line>
            <line>
              <![CDATA[Click on Add link on the menu]]>
            </line>
            <line>
              <![CDATA[Type http://www.salsalabs.com in to the Input Link]]>
            </line>
            <line>
              <![CDATA[Click on Add link on the popup]]>
            </line>
            <line>
              <![CDATA[Click on Arial, Helvetica, sans-serif item]]>
            </line>
            <line>
              <![CDATA[Type info@salsalabs.com in to the Email from]]>
            </line>
            <line>
              <![CDATA[Click on Add link on the menu]]>
            </line>
            <line>
              <![CDATA[Type http://www.salsalabs.com in to the Input Link]]>
            </line>
            <line>
              <![CDATA[Click on Add link on the popup]]>
            </line>
            <line>
              <![CDATA[Click on Publish]]>
            </line>
            <line>
              <![CDATA[Click on Select time to send]]>
            </line>
            <line>
              <![CDATA[Click on 50% item]]>
            </line>
            <line>
              <![CDATA[Click on Send Now button]]>
            </line>
            <line>
              <![CDATA[<a href='file:///D:\workspace\Ignite\test-output\sendTestEmailsTest_20140704140246.png'>Screenshot</a>]]>
            </line>
          </reporter-output>
        </test-method> <!-- sendTestEmailsTest -->
        <test-method status="PASS" signature="sendEmailsTest(java.lang.String)[pri:0, instance:tests.BuildAcceptanceTests@79b4d0f]" name="sendEmailsTest" duration-ms="52359" started-at="2014-07-04T14:03:03Z" description="536:63:Emails were NOT sent" depends-on-methods="tests.BuildAcceptanceTests.loginAsNewSuperAdminTest" finished-at="2014-07-04T14:03:56Z">
          <params>
            <param index="0">
              <value>
                <![CDATA[info@salsalabs.com]]>
              </value>
            </param>
          </params>
          <reporter-output>
            <line>
              <![CDATA[Emails were sent]]>
            </line>
          </reporter-output>
        </test-method> <!-- sendEmailsTest -->
        <test-method status="FAIL" signature="createCMManually(java.lang.String, java.lang.String, java.lang.String, java.lang.String, java.lang.String, java.lang.String, java.lang.String, java.lang.String, java.lang.String)[pri:0, instance:tests.BuildAcceptanceTests@79b4d0f]" name="createCMManually" duration-ms="5636" started-at="2014-07-04T14:04:07Z" description="506:56:New CM account was NOT created" depends-on-methods="tests.BuildAcceptanceTests.loginAsNewSuperAdminTest" finished-at="2014-07-04T14:04:12Z">
          <params>
            <param index="0">
              <value>
                <![CDATA[CMFirstNameAuto]]>
              </value>
            </param>
            <param index="1">
              <value>
                <![CDATA[CMLastNameAuto]]>
              </value>
            </param>
            <param index="2">
              <value>
                <![CDATA[Sign-up forms:Publish]]>
              </value>
            </param>
            <param index="3">
              <value>
                <![CDATA[Donation forms:Publish]]>
              </value>
            </param>
            <param index="4">
              <value>
                <![CDATA[Emails and social messages:Publish]]>
              </value>
            </param>
            <param index="5">
              <value>
                <![CDATA[Metrics and reports:Create & Edit]]>
              </value>
            </param>
            <param index="6">
              <value>
                <![CDATA[Supporters and segments:Create & Edit]]>
              </value>
            </param>
            <param index="7">
              <value>
                <![CDATA[Records of all supporter donations:Create & Edit]]>
              </value>
            </param>
            <param index="8">
              <value>
                <![CDATA[Layouts, templates, images and files:Create & Edit]]>
              </value>
            </param>
          </params>
          <exception class="com.gargoylesoftware.htmlunit.ElementNotFoundException">
            <message>
              <![CDATA[elementName=[Invite new user] attributeName=[xpath] attributeValue=[//button[text()='+ invite']]]]>
            </message>
            <full-stacktrace>
              <![CDATA[com.gargoylesoftware.htmlunit.ElementNotFoundException: elementName=[Invite new user] attributeName=[xpath] attributeValue=[//button[text()='+ invite']]
	at objects.Element.click(Element.java:81)
	at objects.Button.click(Button.java:39)
	at pages.HQ.Manage.AccountsPage.openInviteNewUserPage(AccountsPage.java:14)
	at tests.BuildAcceptanceTests.createCMManually(BuildAcceptanceTests.java:258)
	at sun.reflect.NativeMethodAccessorImpl.invoke0(Native Method)
	at sun.reflect.NativeMethodAccessorImpl.invoke(NativeMethodAccessorImpl.java:62)
	at sun.reflect.DelegatingMethodAccessorImpl.invoke(DelegatingMethodAccessorImpl.java:43)
	at java.lang.reflect.Method.invoke(Method.java:483)
	at org.testng.internal.MethodInvocationHelper.invokeMethod(MethodInvocationHelper.java:84)
	at org.testng.internal.Invoker.invokeMethod(Invoker.java:714)
	at org.testng.internal.Invoker.invokeTestMethod(Invoker.java:901)
	at org.testng.internal.Invoker.invokeTestMethods(Invoker.java:1231)
	at org.testng.internal.TestMethodWorker.invokeTestMethods(TestMethodWorker.java:127)
	at org.testng.internal.TestMethodWorker.run(TestMethodWorker.java:111)
	at org.testng.TestRunner.privateRun(TestRunner.java:767)
	at org.testng.TestRunner.run(TestRunner.java:617)
	at org.testng.SuiteRunner.runTest(SuiteRunner.java:334)
	at org.testng.SuiteRunner.runSequentially(SuiteRunner.java:329)
	at org.testng.SuiteRunner.privateRun(SuiteRunner.java:291)
	at org.testng.SuiteRunner.run(SuiteRunner.java:240)
	at org.testng.SuiteRunnerWorker.runSuite(SuiteRunnerWorker.java:52)
	at org.testng.SuiteRunnerWorker.run(SuiteRunnerWorker.java:86)
	at org.testng.TestNG.runSuitesSequentially(TestNG.java:1224)
	at org.testng.TestNG.runSuitesLocally(TestNG.java:1149)
	at org.testng.TestNG.run(TestNG.java:1057)
	at org.testng.remote.RemoteTestNG.run(RemoteTestNG.java:111)
	at org.testng.remote.RemoteTestNG.initAndRun(RemoteTestNG.java:204)
	at org.testng.remote.RemoteTestNG.main(RemoteTestNG.java:175)
]]>
            </full-stacktrace>
          </exception> <!-- com.gargoylesoftware.htmlunit.ElementNotFoundException -->
          <reporter-output>
            <line>
              <![CDATA[Execution failed. New CM account was NOT created]]>
            </line>
            <line>
              <![CDATA[Steps:]]>
            </line>
            <line>
              <![CDATA[Click on Manage page]]>
            </line>
            <line>
              <![CDATA[Click on Manage accounts]]>
            </line>
            <line>
              <![CDATA[Click on Invite new user]]>
            </line>
            <line>
              <![CDATA[<a href='file:///D:\workspace\Ignite\test-output\createCMManually_20140704140412.png'>Screenshot</a>]]>
            </line>
          </reporter-output>
        </test-method> <!-- createCMManually -->
        <test-method status="FAIL" signature="creteSegmentTest(java.lang.String, java.lang.String, java.lang.String, java.lang.String, java.lang.String, java.lang.String)[pri:0, instance:tests.BuildAcceptanceTests@79b4d0f]" name="creteSegmentTest" duration-ms="14286" started-at="2014-07-04T14:04:28Z" description="516:59:Segment was NOT created." depends-on-methods="tests.BuildAcceptanceTests.createSupporerManually, tests.BuildAcceptanceTests.loginAsNewSuperAdminTest" finished-at="2014-07-04T14:04:42Z">
          <params>
            <param index="0">
              <value>
                <![CDATA[SegmentName]]>
              </value>
            </param>
            <param index="1">
              <value>
                <![CDATA[AutoTag]]>
              </value>
            </param>
            <param index="2">
              <value>
                <![CDATA[Organize:Email:CONTAINS:mailosaur.in:1]]>
              </value>
            </param>
            <param index="3">
              <value>
                <![CDATA[Organize:City:IS NOT:test:1]]>
              </value>
            </param>
            <param index="4">
              <value>
                <![CDATA[sup]]>
              </value>
            </param>
            <param index="5">
              <value>
                <![CDATA[sup]]>
              </value>
            </param>
          </params>
          <exception class="com.gargoylesoftware.htmlunit.ElementNotFoundException">
            <message>
              <![CDATA[elementName=[Element was not found] attributeName=[xpath] attributeValue=[//div[@class='ruleSet']/descendant::div[@class='row rule ng-scope'][1]/descendant::span[text()='Choose metric']]]]>
            </message>
            <full-stacktrace>
              <![CDATA[com.gargoylesoftware.htmlunit.ElementNotFoundException: elementName=[Element was not found] attributeName=[xpath] attributeValue=[//div[@class='ruleSet']/descendant::div[@class='row rule ng-scope'][1]/descendant::span[text()='Choose metric']]
	at objects.Element.findElementByXpath(Element.java:395)
	at objects.DropDown.selectByLabel(DropDown.java:31)
	at pages.HQ.Segments.SegmentsAddPage.selectChooseMetric(SegmentsAddPage.java:87)
	at pages.HQ.Segments.SegmentsAddPage.addRule(SegmentsAddPage.java:48)
	at pages.HQ.Segments.SegmentsAddPage.createNewSegment(SegmentsAddPage.java:31)
	at tests.BuildAcceptanceTests.creteSegmentTest(BuildAcceptanceTests.java:143)
	at sun.reflect.NativeMethodAccessorImpl.invoke0(Native Method)
	at sun.reflect.NativeMethodAccessorImpl.invoke(NativeMethodAccessorImpl.java:62)
	at sun.reflect.DelegatingMethodAccessorImpl.invoke(DelegatingMethodAccessorImpl.java:43)
	at java.lang.reflect.Method.invoke(Method.java:483)
	at org.testng.internal.MethodInvocationHelper.invokeMethod(MethodInvocationHelper.java:84)
	at org.testng.internal.Invoker.invokeMethod(Invoker.java:714)
	at org.testng.internal.Invoker.invokeTestMethod(Invoker.java:901)
	at org.testng.internal.Invoker.invokeTestMethods(Invoker.java:1231)
	at org.testng.internal.TestMethodWorker.invokeTestMethods(TestMethodWorker.java:127)
	at org.testng.internal.TestMethodWorker.run(TestMethodWorker.java:111)
	at org.testng.TestRunner.privateRun(TestRunner.java:767)
	at org.testng.TestRunner.run(TestRunner.java:617)
	at org.testng.SuiteRunner.runTest(SuiteRunner.java:334)
	at org.testng.SuiteRunner.runSequentially(SuiteRunner.java:329)
	at org.testng.SuiteRunner.privateRun(SuiteRunner.java:291)
	at org.testng.SuiteRunner.run(SuiteRunner.java:240)
	at org.testng.SuiteRunnerWorker.runSuite(SuiteRunnerWorker.java:52)
	at org.testng.SuiteRunnerWorker.run(SuiteRunnerWorker.java:86)
	at org.testng.TestNG.runSuitesSequentially(TestNG.java:1224)
	at org.testng.TestNG.runSuitesLocally(TestNG.java:1149)
	at org.testng.TestNG.run(TestNG.java:1057)
	at org.testng.remote.RemoteTestNG.run(RemoteTestNG.java:111)
	at org.testng.remote.RemoteTestNG.initAndRun(RemoteTestNG.java:204)
	at org.testng.remote.RemoteTestNG.main(RemoteTestNG.java:175)
]]>
            </full-stacktrace>
          </exception> <!-- com.gargoylesoftware.htmlunit.ElementNotFoundException -->
          <reporter-output>
            <line>
              <![CDATA[Execution failed. Segment was NOT created.]]>
            </line>
            <line>
              <![CDATA[Steps:]]>
            </line>
            <line>
              <![CDATA[Click on Audience tab]]>
            </line>
            <line>
              <![CDATA[Click on Segments]]>
            </line>
            <line>
              <![CDATA[Click on Add Segment]]>
            </line>
            <line>
              <![CDATA[Type SegmentName20140704140428 in to the Segment name]]>
            </line>
            <line>
              <![CDATA[Type AutoTag in to the Segment tags]]>
            </line>
            <line>
              <![CDATA[Click on Add rule set]]>
            </line>
            <line>
              <![CDATA[Click on Organize item]]>
            </line>
            <line>
              <![CDATA[<a href='file:///D:\workspace\Ignite\test-output\creteSegmentTest_20140704140443.png'>Screenshot</a>]]>
            </line>
          </reporter-output>
        </test-method> <!-- creteSegmentTest -->
        <test-method status="SKIP" signature="confirmTestEmailsWereSentTest(int)[pri:0, instance:tests.BuildAcceptanceTests@79b4d0f]" name="confirmTestEmailsWereSentTest" duration-ms="0" started-at="2014-07-04T14:04:59Z" description="528:62:Split emails were NOT delivered" depends-on-methods="tests.BuildAcceptanceTests.sendTestEmailsTest" finished-at="2014-07-04T14:04:59Z">
          <reporter-output>
          </reporter-output>
        </test-method> <!-- confirmTestEmailsWereSentTest -->
        <test-method status="PASS" signature="confirmEmailsWereSentTest(java.lang.String, java.lang.String)[pri:0, instance:tests.BuildAcceptanceTests@79b4d0f]" name="confirmEmailsWereSentTest" duration-ms="23644" started-at="2014-07-04T14:05:10Z" description="536:63:Emails were NOT delivered" depends-on-methods="tests.BuildAcceptanceTests.sendEmailsTest" finished-at="2014-07-04T14:05:34Z">
          <params>
            <param index="0">
              <value>
                <![CDATA[vavramchuk@salsalabs.com]]>
              </value>
            </param>
            <param index="1">
              <value>
                <![CDATA[AVitalik3124]]>
              </value>
            </param>
          </params>
          <reporter-output>
            <line>
              <![CDATA[Emails were delivered]]>
            </line>
          </reporter-output>
        </test-method> <!-- confirmEmailsWereSentTest -->
        <test-method status="SKIP" signature="confirmCMAccountTest(java.lang.String, java.lang.String, java.lang.String)[pri:0, instance:tests.BuildAcceptanceTests@79b4d0f]" name="confirmCMAccountTest" duration-ms="0" started-at="2014-07-04T14:05:45Z" description="506:56:New CM account was NOT confirmed." depends-on-methods="tests.BuildAcceptanceTests.createCMManually" finished-at="2014-07-04T14:05:45Z">
          <reporter-output>
          </reporter-output>
        </test-method> <!-- confirmCMAccountTest -->
        <test-method status="SKIP" signature="verifyMessagesInAlertsTest()[pri:0, instance:tests.BuildAcceptanceTests@79b4d0f]" name="verifyMessagesInAlertsTest" duration-ms="0" started-at="2014-07-04T14:05:59Z" description="521:60:Alert for egment was NOT found." depends-on-methods="tests.BuildAcceptanceTests.creteSegmentTest" finished-at="2014-07-04T14:05:59Z">
          <reporter-output>
          </reporter-output>
        </test-method> <!-- verifyMessagesInAlertsTest -->
        <test-method status="SKIP" signature="loginAsNewCMTest()[pri:0, instance:tests.BuildAcceptanceTests@79b4d0f]" name="loginAsNewCMTest" duration-ms="0" started-at="2014-07-04T14:06:11Z" description="498:54:New CM can NOT login" depends-on-methods="tests.BuildAcceptanceTests.confirmCMAccountTest" finished-at="2014-07-04T14:06:11Z">
          <reporter-output>
          </reporter-output>
        </test-method> <!-- loginAsNewCMTest -->
        <test-method status="PASS" signature="stopTestOnDriver()[pri:0, instance:tests.BuildAcceptanceTests@79b4d0f]" name="stopTestOnDriver" is-config="true" duration-ms="281" started-at="2014-07-04T14:06:26Z" finished-at="2014-07-04T14:06:26Z">
          <reporter-output>
          </reporter-output>
        </test-method> <!-- stopTestOnDriver -->
      </class> <!-- tests.BuildAcceptanceTests -->
    </test> <!-- AcceptanceTests -->
  </suite> <!-- AcceptanceTests -->
</testng-results>
