<?xml version="1.0" encoding="UTF-8"?>
<!-- Generated by org.testng.reporters.JUnitXMLReporter -->
<testsuite hostname="echo" name="AcceptanceTests(failed)(failed)" tests="10" failures="3" timestamp="16 Jun 2014 21:04:01 GMT" time="640.462" errors="0">
  <testcase name="createOrgTest" time="61.71" classname="tests.BuildAcceptanceTests"/>
  <testcase name="confirmAdminAccountTest" time="93.638" classname="tests.BuildAcceptanceTests"/>
  <testcase name="loginAsNewSuperAdminTest" time="29.669" classname="tests.BuildAcceptanceTests"/>
  <testcase name="sendEmailsTest" time="59.049" classname="tests.BuildAcceptanceTests"/>
  <testcase name="sendTestEmailsTest" time="115.281" classname="tests.BuildAcceptanceTests"/>
  <testcase name="createCMManually" time="97.189" classname="tests.BuildAcceptanceTests">
    <failure type="junit.framework.AssertionFailedError" message="User 0 was not found. - expected [true] but found [false]">
      <![CDATA[junit.framework.AssertionFailedError: User 0 was not found. - expected [true] but found [false]
	at objects.Browser.verify(Browser.java:146)
	at objects.Browser.verify(Browser.java:131)
	at pages.HQ.Manage.AccountsPage.verifyInvitationSent(AccountsPage.java:20)
	at tests.BuildAcceptanceTests.createCMManually(BuildAcceptanceTests.java:276)
... Removed 24 stack frames]]>
    </failure>
  </testcase> <!-- createCMManually -->
  <testcase name="confirmEmailsWereSentTest" time="39.439" classname="tests.BuildAcceptanceTests">
    <failure type="com.gargoylesoftware.htmlunit.ElementNotFoundException" message="elementName=[Email header] attributeName=[xpath] attributeValue=[//td/descendant::b[text()=&amp;apos;TestVAuto20140616235656&amp;apos;]]">
      <![CDATA[com.gargoylesoftware.htmlunit.ElementNotFoundException: elementName=[Email header] attributeName=[xpath] attributeValue=[//td/descendant::b[text()='TestVAuto20140616235656']]
	at objects.Element.click(Element.java:81)
	at objects.Button.click(Button.java:39)
	at pages.Other.Google.verifyAmountOfEmails(Google.java:60)
	at tests.BuildAcceptanceTests.confirmTestEmailsWereSentTest(BuildAcceptanceTests.java:223)
	at tests.BuildAcceptanceTests.confirmEmailsWereSentTest(BuildAcceptanceTests.java:232)
... Removed 24 stack frames]]>
    </failure>
  </testcase> <!-- confirmEmailsWereSentTest -->
  <testcase name="confirmTestEmailsWereSentTest" time="31.514" classname="tests.BuildAcceptanceTests">
    <failure type="com.gargoylesoftware.htmlunit.ElementNotFoundException" message="elementName=[Email header] attributeName=[xpath] attributeValue=[//td/descendant::b[text()=&amp;apos;TestVAuto20140616235805 Split 1&amp;apos;]]">
      <![CDATA[com.gargoylesoftware.htmlunit.ElementNotFoundException: elementName=[Email header] attributeName=[xpath] attributeValue=[//td/descendant::b[text()='TestVAuto20140616235805 Split 1']]
	at objects.Element.click(Element.java:81)
	at objects.Button.click(Button.java:39)
	at pages.Other.Google.verifyAmountOfEmails(Google.java:60)
	at tests.BuildAcceptanceTests.confirmTestEmailsWereSentTest(BuildAcceptanceTests.java:223)
... Removed 24 stack frames]]>
    </failure>
  </testcase> <!-- confirmTestEmailsWereSentTest -->
  <testcase name="confirmCMAccountTest" time="0.001" classname="tests.BuildAcceptanceTests">
    <skipped/>
  </testcase> <!-- confirmCMAccountTest -->
  <testcase name="loginAsNewCMTest" time="0.0" classname="tests.BuildAcceptanceTests">
    <skipped/>
  </testcase> <!-- loginAsNewCMTest -->
</testsuite> <!-- AcceptanceTests(failed)(failed) -->
