<html>
<head>
<title>TestNG:  AcceptanceTests(failed)(failed)</title>
<link href="../testng.css" rel="stylesheet" type="text/css" />
<link href="../my-testng.css" rel="stylesheet" type="text/css" />

<style type="text/css">
.log { display: none;} 
.stack-trace { display: none;} 
</style>
<script type="text/javascript">
<!--
function flip(e) {
  current = e.style.display;
  if (current == 'block') {
    e.style.display = 'none';
    return 0;
  }
  else {
    e.style.display = 'block';
    return 1;
  }
}

function toggleBox(szDivId, elem, msg1, msg2)
{
  var res = -1;  if (document.getElementById) {
    res = flip(document.getElementById(szDivId));
  }
  else if (document.all) {
    // this is the way old msie versions work
    res = flip(document.all[szDivId]);
  }
  if(elem) {
    if(res == 0) elem.innerHTML = msg1; else elem.innerHTML = msg2;
  }

}

function toggleAllBoxes() {
  if (document.getElementsByTagName) {
    d = document.getElementsByTagName('div');
    for (i = 0; i < d.length; i++) {
      if (d[i].className == 'log') {
        flip(d[i]);
      }
    }
  }
}

// -->
</script>

</head>
<body>
<h2 align='center'>AcceptanceTests(failed)(failed)</h2><table border='1' align="center">
<tr>
<td>Tests passed/Failed/Skipped:</td><td>5/3/2</td>
</tr><tr>
<td>Started on:</td><td>Mon Jun 16 23:53:21 EEST 2014</td>
</tr>
<tr><td>Total time:</td><td>640 seconds (640462 ms)</td>
</tr><tr>
<td>Included groups:</td><td>dev </td>
</tr><tr>
<td>Excluded groups:</td><td></td>
</tr>
</table><p/>
<small><i>(Hover the method name to see the test class name)</i></small><p/>
<table width='100%' border='1' class='invocation-failed'>
<tr><td colspan='4' align='center'><b>FAILED TESTS</b></td></tr>
<tr><td><b>Test method</b></td>
<td width="30%"><b>Exception</b></td>
<td width="10%"><b>Time (seconds)</b></td>
<td><b>Instance</b></td>
</tr>
<tr>
<td title='tests.BuildAcceptanceTests.confirmEmailsWereSentTest()'><b>confirmEmailsWereSentTest</b><br>Test class: tests.BuildAcceptanceTests<br>Test method: 536:63:Emails were NOT delivered<br>Parameters: vavramchuk@salsalabs.com, AVitalik3124<br/>
<a href="#Output-1478334108" onClick='toggleBox("Output-1478334108", this, "Show output", "Hide output");'>Show output</a>

<a href="#Output-1478334108" onClick="toggleAllBoxes();">Show all outputs</a>
<div class='log' id="Output-1478334108">
Execution failed. Emails were NOT delivered<br/>
Steps:<br/>
Open https://accounts.google.com/ServiceLogin?sacu=1&continue=https%3A%2F%2Fmail.google.com%2Fmail%2F&hl=ru&service=mail<br/>
Type vavramchuk@salsalabs.com in to the Gmail login<br/>
Type AVitalik3124 in to the Gmail passwd<br/>
Click on Sign In<br/>
Click on Email header<br/>
<a href='file:///D:\workspace\Ignite\test-output\confirmEmailsWereSentTest_20140617000240.png'>Screenshot</a><br/>
</div>
</td>
<td><div><pre>com.gargoylesoftware.htmlunit.ElementNotFoundException: elementName=[Email header] attributeName=[xpath] attributeValue=[//td/descendant::b[text()=&apos;TestVAuto20140616235656&apos;]]
	at objects.Element.click(Element.java:81)
	at objects.Button.click(Button.java:39)
	at pages.Other.Google.verifyAmountOfEmails(Google.java:60)
	at tests.BuildAcceptanceTests.confirmTestEmailsWereSentTest(BuildAcceptanceTests.java:223)
	at tests.BuildAcceptanceTests.confirmEmailsWereSentTest(BuildAcceptanceTests.java:232)
... Removed 24 stack frames</pre></div><a href='#' onClick='toggleBox("stack-trace1478334108", this, "Click to show all stack frames", "Click to hide stack frames")'>Click to show all stack frames</a>
<div class='stack-trace' id='stack-trace1478334108'><pre>com.gargoylesoftware.htmlunit.ElementNotFoundException: elementName=[Email header] attributeName=[xpath] attributeValue=[//td/descendant::b[text()=&apos;TestVAuto20140616235656&apos;]]
	at objects.Element.click(Element.java:81)
	at objects.Button.click(Button.java:39)
	at pages.Other.Google.verifyAmountOfEmails(Google.java:60)
	at tests.BuildAcceptanceTests.confirmTestEmailsWereSentTest(BuildAcceptanceTests.java:223)
	at tests.BuildAcceptanceTests.confirmEmailsWereSentTest(BuildAcceptanceTests.java:232)
	at sun.reflect.NativeMethodAccessorImpl.invoke0(Native Method)
	at sun.reflect.NativeMethodAccessorImpl.invoke(NativeMethodAccessorImpl.java:62)
	at sun.reflect.DelegatingMethodAccessorImpl.invoke(DelegatingMethodAccessorImpl.java:43)
	at java.lang.reflect.Method.invoke(Method.java:483)
	at org.testng.internal.MethodInvocationHelper.invokeMethod(MethodInvocationHelper.java:84)
	at org.testng.internal.Invoker.invokeMethod(Invoker.java:714)
	at org.testng.internal.Invoker.invokeTestMethod(Invoker.java:901)
	at org.testng.internal.Invoker.invokeTestMethods(Invoker.java:1231)
	at org.testng.internal.TestMethodWorker.invokeTestMethods(TestMethodWorker.java:127)
	at org.testng.internal.TestMethodWorker.run(TestMethodWorker.java:111)
	at org.testng.TestRunner.privateRun(TestRunner.java:767)
	at org.testng.TestRunner.run(TestRunner.java:617)
	at org.testng.SuiteRunner.runTest(SuiteRunner.java:334)
	at org.testng.SuiteRunner.runSequentially(SuiteRunner.java:329)
	at org.testng.SuiteRunner.privateRun(SuiteRunner.java:291)
	at org.testng.SuiteRunner.run(SuiteRunner.java:240)
	at org.testng.SuiteRunnerWorker.runSuite(SuiteRunnerWorker.java:52)
	at org.testng.SuiteRunnerWorker.run(SuiteRunnerWorker.java:86)
	at org.testng.TestNG.runSuitesSequentially(TestNG.java:1224)
	at org.testng.TestNG.runSuitesLocally(TestNG.java:1149)
	at org.testng.TestNG.run(TestNG.java:1057)
	at org.testng.remote.RemoteTestNG.run(RemoteTestNG.java:111)
	at org.testng.remote.RemoteTestNG.initAndRun(RemoteTestNG.java:204)
	at org.testng.remote.RemoteTestNG.main(RemoteTestNG.java:175)
</pre></div></td>
<td>39</td>
<td>tests.BuildAcceptanceTests@511baa65</td></tr>
<tr>
<td title='tests.BuildAcceptanceTests.confirmTestEmailsWereSentTest()'><b>confirmTestEmailsWereSentTest</b><br>Test class: tests.BuildAcceptanceTests<br>Test method: 528:62:Split emails were NOT delivered<br>Parameters: vavramchuk@salsalabs.com, AVitalik3124, 2<br/>
<a href="#Output-417875774" onClick='toggleBox("Output-417875774", this, "Show output", "Hide output");'>Show output</a>

<a href="#Output-417875774" onClick="toggleAllBoxes();">Show all outputs</a>
<div class='log' id="Output-417875774">
Execution failed. Split emails were NOT delivered<br/>
Steps:<br/>
Open https://accounts.google.com/ServiceLogin?sacu=1&continue=https%3A%2F%2Fmail.google.com%2Fmail%2F&hl=ru&service=mail<br/>
Type vavramchuk@salsalabs.com in to the Gmail login<br/>
Type AVitalik3124 in to the Gmail passwd<br/>
Click on Sign In<br/>
Click on Email header<br/>
<a href='file:///D:\workspace\Ignite\test-output\confirmTestEmailsWereSentTest_20140617000323.png'>Screenshot</a><br/>
</div>
</td>
<td><div><pre>com.gargoylesoftware.htmlunit.ElementNotFoundException: elementName=[Email header] attributeName=[xpath] attributeValue=[//td/descendant::b[text()=&apos;TestVAuto20140616235805 Split 1&apos;]]
	at objects.Element.click(Element.java:81)
	at objects.Button.click(Button.java:39)
	at pages.Other.Google.verifyAmountOfEmails(Google.java:60)
	at tests.BuildAcceptanceTests.confirmTestEmailsWereSentTest(BuildAcceptanceTests.java:223)
... Removed 24 stack frames</pre></div><a href='#' onClick='toggleBox("stack-trace417875774", this, "Click to show all stack frames", "Click to hide stack frames")'>Click to show all stack frames</a>
<div class='stack-trace' id='stack-trace417875774'><pre>com.gargoylesoftware.htmlunit.ElementNotFoundException: elementName=[Email header] attributeName=[xpath] attributeValue=[//td/descendant::b[text()=&apos;TestVAuto20140616235805 Split 1&apos;]]
	at objects.Element.click(Element.java:81)
	at objects.Button.click(Button.java:39)
	at pages.Other.Google.verifyAmountOfEmails(Google.java:60)
	at tests.BuildAcceptanceTests.confirmTestEmailsWereSentTest(BuildAcceptanceTests.java:223)
	at sun.reflect.NativeMethodAccessorImpl.invoke0(Native Method)
	at sun.reflect.NativeMethodAccessorImpl.invoke(NativeMethodAccessorImpl.java:62)
	at sun.reflect.DelegatingMethodAccessorImpl.invoke(DelegatingMethodAccessorImpl.java:43)
	at java.lang.reflect.Method.invoke(Method.java:483)
	at org.testng.internal.MethodInvocationHelper.invokeMethod(MethodInvocationHelper.java:84)
	at org.testng.internal.Invoker.invokeMethod(Invoker.java:714)
	at org.testng.internal.Invoker.invokeTestMethod(Invoker.java:901)
	at org.testng.internal.Invoker.invokeTestMethods(Invoker.java:1231)
	at org.testng.internal.TestMethodWorker.invokeTestMethods(TestMethodWorker.java:127)
	at org.testng.internal.TestMethodWorker.run(TestMethodWorker.java:111)
	at org.testng.TestRunner.privateRun(TestRunner.java:767)
	at org.testng.TestRunner.run(TestRunner.java:617)
	at org.testng.SuiteRunner.runTest(SuiteRunner.java:334)
	at org.testng.SuiteRunner.runSequentially(SuiteRunner.java:329)
	at org.testng.SuiteRunner.privateRun(SuiteRunner.java:291)
	at org.testng.SuiteRunner.run(SuiteRunner.java:240)
	at org.testng.SuiteRunnerWorker.runSuite(SuiteRunnerWorker.java:52)
	at org.testng.SuiteRunnerWorker.run(SuiteRunnerWorker.java:86)
	at org.testng.TestNG.runSuitesSequentially(TestNG.java:1224)
	at org.testng.TestNG.runSuitesLocally(TestNG.java:1149)
	at org.testng.TestNG.run(TestNG.java:1057)
	at org.testng.remote.RemoteTestNG.run(RemoteTestNG.java:111)
	at org.testng.remote.RemoteTestNG.initAndRun(RemoteTestNG.java:204)
	at org.testng.remote.RemoteTestNG.main(RemoteTestNG.java:175)
</pre></div></td>
<td>31</td>
<td>tests.BuildAcceptanceTests@511baa65</td></tr>
<tr>
<td title='tests.BuildAcceptanceTests.createCMManually()'><b>createCMManually</b><br>Test class: tests.BuildAcceptanceTests<br>Test method: 506:56:New CM account was NOT created<br>Parameters: vavramchuk+CM@salsalabs.com, CMFirstNameAuto, CMLastNameAuto, Sign-up forms:Publish, Donation forms:Publish, Petitions and Targeted:Publish, Emails and social messages:Publish, Metrics and reports:Create & Edit, Supporters and segments:Create & Edit, Layouts, Templates, Images:Create & Edit<br/>
<a href="#Output-1130551263" onClick='toggleBox("Output-1130551263", this, "Show output", "Hide output");'>Show output</a>

<a href="#Output-1130551263" onClick="toggleAllBoxes();">Show all outputs</a>
<div class='log' id="Output-1130551263">
Execution failed. New CM account was NOT created<br/>
Steps:<br/>
Click on Manage page<br/>
Click on Manage accounts<br/>
Click on Invite new user<br/>
Type vavramchuk+20140617000011CM@salsalabs.com in to the Email<br/>
Type CMFirstNameAuto in to the First name<br/>
Type CMLastNameAuto in to the Last name<br/>
Click on Save invite<br/>
ErrorUser 0 was not found.<br/>
<a href='file:///D:\workspace\Ignite\test-output\createCMManually_20140617000148.png'>Screenshot</a><br/>
</div>
</td>
<td><div><pre>junit.framework.AssertionFailedError: User 0 was not found. - expected [true] but found [false]
	at objects.Browser.verify(Browser.java:146)
	at objects.Browser.verify(Browser.java:131)
	at pages.HQ.Manage.AccountsPage.verifyInvitationSent(AccountsPage.java:20)
	at tests.BuildAcceptanceTests.createCMManually(BuildAcceptanceTests.java:276)
... Removed 24 stack frames</pre></div><a href='#' onClick='toggleBox("stack-trace1130551263", this, "Click to show all stack frames", "Click to hide stack frames")'>Click to show all stack frames</a>
<div class='stack-trace' id='stack-trace1130551263'><pre>junit.framework.AssertionFailedError: User 0 was not found. - expected [true] but found [false]
	at objects.Browser.verify(Browser.java:146)
	at objects.Browser.verify(Browser.java:131)
	at pages.HQ.Manage.AccountsPage.verifyInvitationSent(AccountsPage.java:20)
	at tests.BuildAcceptanceTests.createCMManually(BuildAcceptanceTests.java:276)
	at sun.reflect.NativeMethodAccessorImpl.invoke0(Native Method)
	at sun.reflect.NativeMethodAccessorImpl.invoke(NativeMethodAccessorImpl.java:62)
	at sun.reflect.DelegatingMethodAccessorImpl.invoke(DelegatingMethodAccessorImpl.java:43)
	at java.lang.reflect.Method.invoke(Method.java:483)
	at org.testng.internal.MethodInvocationHelper.invokeMethod(MethodInvocationHelper.java:84)
	at org.testng.internal.Invoker.invokeMethod(Invoker.java:714)
	at org.testng.internal.Invoker.invokeTestMethod(Invoker.java:901)
	at org.testng.internal.Invoker.invokeTestMethods(Invoker.java:1231)
	at org.testng.internal.TestMethodWorker.invokeTestMethods(TestMethodWorker.java:127)
	at org.testng.internal.TestMethodWorker.run(TestMethodWorker.java:111)
	at org.testng.TestRunner.privateRun(TestRunner.java:767)
	at org.testng.TestRunner.run(TestRunner.java:617)
	at org.testng.SuiteRunner.runTest(SuiteRunner.java:334)
	at org.testng.SuiteRunner.runSequentially(SuiteRunner.java:329)
	at org.testng.SuiteRunner.privateRun(SuiteRunner.java:291)
	at org.testng.SuiteRunner.run(SuiteRunner.java:240)
	at org.testng.SuiteRunnerWorker.runSuite(SuiteRunnerWorker.java:52)
	at org.testng.SuiteRunnerWorker.run(SuiteRunnerWorker.java:86)
	at org.testng.TestNG.runSuitesSequentially(TestNG.java:1224)
	at org.testng.TestNG.runSuitesLocally(TestNG.java:1149)
	at org.testng.TestNG.run(TestNG.java:1057)
	at org.testng.remote.RemoteTestNG.run(RemoteTestNG.java:111)
	at org.testng.remote.RemoteTestNG.initAndRun(RemoteTestNG.java:204)
	at org.testng.remote.RemoteTestNG.main(RemoteTestNG.java:175)
</pre></div></td>
<td>97</td>
<td>tests.BuildAcceptanceTests@511baa65</td></tr>
</table><p>
<table width='100%' border='1' class='invocation-passed'>
<tr><td colspan='4' align='center'><b>PASSED TESTS</b></td></tr>
<tr><td><b>Test method</b></td>
<td width="30%"><b>Exception</b></td>
<td width="10%"><b>Time (seconds)</b></td>
<td><b>Instance</b></td>
</tr>
<tr>
<td title='tests.BuildAcceptanceTests.confirmAdminAccountTest()'><b>confirmAdminAccountTest</b><br>Test class: tests.BuildAcceptanceTests<br>Test method: 489:52:New Admin account was NOT confirmed<br>Parameters: vavramchuk@salsalabs.com, AVitalik3124, !QAZ2wsx<br/>
<a href="#Output-1634723627" onClick='toggleBox("Output-1634723627", this, "Show output", "Hide output");'>Show output</a>

<a href="#Output-1634723627" onClick="toggleAllBoxes();">Show all outputs</a>
<div class='log' id="Output-1634723627">
New Admin account was confirmed<br/>
</div>
</td>
<td></td>
<td>93</td>
<td>tests.BuildAcceptanceTests@511baa65</td></tr>
<tr>
<td title='tests.BuildAcceptanceTests.createOrgTest()'><b>createOrgTest</b><br>Test class: tests.BuildAcceptanceTests<br>Test method: 484:51:New org was NOT created<br>Parameters: vavramchuk, AVitalik3124, Custom Domain, AutoTestV2 Org, AutoTestV descr, vavramchuk+auto1@salsalabs.com, AutoTester, AutoTesterov, Active, Advocacy - content:Asset - data:Communication - content:Fundraising - content:Fundraising - data:Intelligence - data:Organization Administration:Organize - content:Organize - data<br/>
<a href="#Output-932257672" onClick='toggleBox("Output-932257672", this, "Show output", "Hide output");'>Show output</a>

<a href="#Output-932257672" onClick="toggleAllBoxes();">Show all outputs</a>
<div class='log' id="Output-932257672">
New org was created<br/>
</div>
</td>
<td></td>
<td>61</td>
<td>tests.BuildAcceptanceTests@511baa65</td></tr>
<tr>
<td title='tests.BuildAcceptanceTests.loginAsNewSuperAdminTest()'><b>loginAsNewSuperAdminTest</b><br>Test class: tests.BuildAcceptanceTests<br>Test method: 489:52:New admin can NOT login<br/>
<a href="#Output-295180183" onClick='toggleBox("Output-295180183", this, "Show output", "Hide output");'>Show output</a>

<a href="#Output-295180183" onClick="toggleAllBoxes();">Show all outputs</a>
<div class='log' id="Output-295180183">
New admin can login<br/>
</div>
</td>
<td></td>
<td>29</td>
<td>tests.BuildAcceptanceTests@511baa65</td></tr>
<tr>
<td title='tests.BuildAcceptanceTests.sendEmailsTest()'><b>sendEmailsTest</b><br>Test class: tests.BuildAcceptanceTests<br>Test method: 536:63:Emails were NOT sent<br>Parameters: info@salsalabs.com<br/>
<a href="#Output-647973805" onClick='toggleBox("Output-647973805", this, "Show output", "Hide output");'>Show output</a>

<a href="#Output-647973805" onClick="toggleAllBoxes();">Show all outputs</a>
<div class='log' id="Output-647973805">
Emails were sent<br/>
</div>
</td>
<td></td>
<td>59</td>
<td>tests.BuildAcceptanceTests@511baa65</td></tr>
<tr>
<td title='tests.BuildAcceptanceTests.sendTestEmailsTest()'><b>sendTestEmailsTest</b><br>Test class: tests.BuildAcceptanceTests<br>Test method: 528:62:Split emails were NOT sent<br>Parameters: info@salsalabs.com, 50, 2<br/>
<a href="#Output-217470033" onClick='toggleBox("Output-217470033", this, "Show output", "Hide output");'>Show output</a>

<a href="#Output-217470033" onClick="toggleAllBoxes();">Show all outputs</a>
<div class='log' id="Output-217470033">
Split emails were sent<br/>
</div>
</td>
<td></td>
<td>115</td>
<td>tests.BuildAcceptanceTests@511baa65</td></tr>
</table><p>
<table width='100%' border='1' class='invocation-skipped'>
<tr><td colspan='4' align='center'><b>SKIPPED TESTS</b></td></tr>
<tr><td><b>Test method</b></td>
<td width="30%"><b>Exception</b></td>
<td width="10%"><b>Time (seconds)</b></td>
<td><b>Instance</b></td>
</tr>
<tr>
<td title='tests.BuildAcceptanceTests.confirmCMAccountTest()'><b>confirmCMAccountTest</b><br>Test class: tests.BuildAcceptanceTests<br>Test method: 506:56:New CM account was NOT confirmed.</td>
<td></td>
<td>0</td>
<td>null</td></tr>
<tr>
<td title='tests.BuildAcceptanceTests.loginAsNewCMTest()'><b>loginAsNewCMTest</b><br>Test class: tests.BuildAcceptanceTests<br>Test method: 498:54:New CM can NOT login</td>
<td></td>
<td>0</td>
<td>null</td></tr>
</table><p>
</body>
</html>